SF:/Users/manish/projects/tanaka/server/src/auth.rs
FN:12,_RNvNtCssWHy9lcY5i_13tanaka_server4auth15auth_middleware
FN:20,_RNCNCNvNtCssWHy9lcY5i_13tanaka_server4auth15auth_middleware00B7_
FN:16,_RNCNvNtCssWHy9lcY5i_13tanaka_server4auth15auth_middleware0B5_
FN:20,_RNCNCNvNtCshXODwtko46g_13tanaka_server4auth15auth_middleware00B7_
FN:16,_RNCNvNtCshXODwtko46g_13tanaka_server4auth15auth_middleware0B5_
FN:12,_RNvNtCshXODwtko46g_13tanaka_server4auth15auth_middleware
FNDA:0,_RNvNtCssWHy9lcY5i_13tanaka_server4auth15auth_middleware
FNDA:0,_RNCNCNvNtCssWHy9lcY5i_13tanaka_server4auth15auth_middleware00B7_
FNDA:0,_RNCNvNtCssWHy9lcY5i_13tanaka_server4auth15auth_middleware0B5_
FNDA:0,_RNCNCNvNtCshXODwtko46g_13tanaka_server4auth15auth_middleware00B7_
FNDA:0,_RNCNvNtCshXODwtko46g_13tanaka_server4auth15auth_middleware0B5_
FNDA:0,_RNvNtCshXODwtko46g_13tanaka_server4auth15auth_middleware
FNF:3
FNH:0
DA:12,0
DA:13,0
DA:14,0
DA:15,0
DA:16,0
DA:17,0
DA:18,0
DA:19,0
DA:20,0
DA:22,0
DA:23,0
DA:24,0
DA:25,0
DA:28,0
DA:29,0
DA:30,0
DA:31,0
DA:32,0
DA:33,0
DA:34,0
DA:35,0
DA:36,0
DA:38,0
DA:41,0
DA:42,0
DA:43,0
DA:44,0
DA:45,0
DA:47,0
BRF:0
BRH:0
LF:31
LH:0
end_of_record
SF:/Users/manish/projects/tanaka/server/src/config.rs
FN:227,_RNvMNtCs1MTN94xiOhS_13tanaka_server6configNtB2_6Config4load
FN:328,_RNvMNtCs1MTN94xiOhS_13tanaka_server6configNtB2_6Config4save
FN:278,_RNvMNtCs1MTN94xiOhS_13tanaka_server6configNtB2_6Config8validate
FN:214,_RNvNtCs1MTN94xiOhS_13tanaka_server6config15default_max_age
FN:136,_RNvNtCs1MTN94xiOhS_13tanaka_server6config17default_bind_addr
FN:196,_RNvNtCs1MTN94xiOhS_13tanaka_server6config17default_log_level
FN:172,_RNvNtCs1MTN94xiOhS_13tanaka_server6config17default_poll_secs
FN:152,_RNvNtCs1MTN94xiOhS_13tanaka_server6config17default_pool_size
FN:176,_RNvNtCs1MTN94xiOhS_13tanaka_server6config18default_flush_secs
FN:200,_RNvNtCs1MTN94xiOhS_13tanaka_server6config18default_log_format
FN:184,_RNvNtCs1MTN94xiOhS_13tanaka_server6config19default_compression
FN:148,_RNvNtCs1MTN94xiOhS_13tanaka_server6config20default_database_url
FN:160,_RNvNtCs1MTN94xiOhS_13tanaka_server6config20default_token_header
FN:164,_RNvNtCs1MTN94xiOhS_13tanaka_server6config21default_rate_limiting
FN:188,_RNvNtCs1MTN94xiOhS_13tanaka_server6config22default_max_url_length
FN:208,_RNvNtCs1MTN94xiOhS_13tanaka_server6config23default_allowed_origins
FN:204,_RNvNtCs1MTN94xiOhS_13tanaka_server6config23default_request_logging
FN:140,_RNvNtCs1MTN94xiOhS_13tanaka_server6config23default_request_timeout
FN:180,_RNvNtCs1MTN94xiOhS_13tanaka_server6config24default_max_payload_size
FN:192,_RNvNtCs1MTN94xiOhS_13tanaka_server6config24default_max_title_length
FN:156,_RNvNtCs1MTN94xiOhS_13tanaka_server6config26default_connection_timeout
FN:168,_RNvNtCs1MTN94xiOhS_13tanaka_server6config31default_max_requests_per_minute
FN:144,_RNvNtCs1MTN94xiOhS_13tanaka_server6config34default_max_concurrent_connections
FN:386,_RNvXs0_NtCs1MTN94xiOhS_13tanaka_server6configNtB5_10SyncConfigNtNtCsfvfooZQ3Axs_4core7default7Default7default
FN:344,_RNvXs_NtCs1MTN94xiOhS_13tanaka_server6configNtB4_6ConfigNtNtCsfvfooZQ3Axs_4core7default7Default7default
FN:235,_RNCNvMNtCs1MTN94xiOhS_13tanaka_server6configNtB4_6Config4load0B6_
FN:240,_RNCNvMNtCs1MTN94xiOhS_13tanaka_server6configNtB4_6Config4loads_0B6_
FN:329,_RNCNvMNtCs1MTN94xiOhS_13tanaka_server6configNtB4_6Config4save0B6_
FN:334,_RNCNvMNtCs1MTN94xiOhS_13tanaka_server6configNtB4_6Config4saves_0B6_
FN:121,_RNCNvXsj_NtCs1MTN94xiOhS_13tanaka_server6configNtB7_4ArgsNtNtCs3op0AdADmj8_12clap_builder6derive14FromArgMatches20from_arg_matches_mut0B9_
FN:121,_RNCNvXsj_NtCs1MTN94xiOhS_13tanaka_server6configNtB7_4ArgsNtNtCs3op0AdADmj8_12clap_builder6derive14FromArgMatches27update_from_arg_matches_mut0B9_
FN:235,_RNCNvMNtCs49cC0xe9Fgi_13tanaka_server6configNtB4_6Config4load0B6_
FN:240,_RNCNvMNtCs49cC0xe9Fgi_13tanaka_server6configNtB4_6Config4loads_0B6_
FN:329,_RNCNvMNtCs49cC0xe9Fgi_13tanaka_server6configNtB4_6Config4save0B6_
FN:334,_RNCNvMNtCs49cC0xe9Fgi_13tanaka_server6configNtB4_6Config4saves_0B6_
FN:121,_RNCNvXsj_NtCs49cC0xe9Fgi_13tanaka_server6configNtB7_4ArgsNtNtCs3op0AdADmj8_12clap_builder6derive14FromArgMatches20from_arg_matches_mut0B9_
FN:121,_RNCNvXsj_NtCs49cC0xe9Fgi_13tanaka_server6configNtB7_4ArgsNtNtCs3op0AdADmj8_12clap_builder6derive14FromArgMatches27update_from_arg_matches_mut0B9_
FN:404,_RNvNtNtCs49cC0xe9Fgi_13tanaka_server6config5testss_19test_default_config
FN:425,_RNvNtNtCs49cC0xe9Fgi_13tanaka_server6config5testss_21test_config_save_load
FN:412,_RNvNtNtCs49cC0xe9Fgi_13tanaka_server6config5testss_22test_config_validation
FN:448,_RNvNtNtCs49cC0xe9Fgi_13tanaka_server6config5testss_25test_cors_config_defaults
FN:458,_RNvNtNtCs49cC0xe9Fgi_13tanaka_server6config5testss_30test_cors_config_serialization
FN:227,_RNvMNtCs49cC0xe9Fgi_13tanaka_server6configNtB2_6Config4load
FN:328,_RNvMNtCs49cC0xe9Fgi_13tanaka_server6configNtB2_6Config4save
FN:278,_RNvMNtCs49cC0xe9Fgi_13tanaka_server6configNtB2_6Config8validate
FN:214,_RNvNtCs49cC0xe9Fgi_13tanaka_server6config15default_max_age
FN:136,_RNvNtCs49cC0xe9Fgi_13tanaka_server6config17default_bind_addr
FN:196,_RNvNtCs49cC0xe9Fgi_13tanaka_server6config17default_log_level
FN:172,_RNvNtCs49cC0xe9Fgi_13tanaka_server6config17default_poll_secs
FN:152,_RNvNtCs49cC0xe9Fgi_13tanaka_server6config17default_pool_size
FN:176,_RNvNtCs49cC0xe9Fgi_13tanaka_server6config18default_flush_secs
FN:200,_RNvNtCs49cC0xe9Fgi_13tanaka_server6config18default_log_format
FN:184,_RNvNtCs49cC0xe9Fgi_13tanaka_server6config19default_compression
FN:148,_RNvNtCs49cC0xe9Fgi_13tanaka_server6config20default_database_url
FN:160,_RNvNtCs49cC0xe9Fgi_13tanaka_server6config20default_token_header
FN:164,_RNvNtCs49cC0xe9Fgi_13tanaka_server6config21default_rate_limiting
FN:188,_RNvNtCs49cC0xe9Fgi_13tanaka_server6config22default_max_url_length
FN:208,_RNvNtCs49cC0xe9Fgi_13tanaka_server6config23default_allowed_origins
FN:204,_RNvNtCs49cC0xe9Fgi_13tanaka_server6config23default_request_logging
FN:140,_RNvNtCs49cC0xe9Fgi_13tanaka_server6config23default_request_timeout
FN:180,_RNvNtCs49cC0xe9Fgi_13tanaka_server6config24default_max_payload_size
FN:192,_RNvNtCs49cC0xe9Fgi_13tanaka_server6config24default_max_title_length
FN:156,_RNvNtCs49cC0xe9Fgi_13tanaka_server6config26default_connection_timeout
FN:168,_RNvNtCs49cC0xe9Fgi_13tanaka_server6config31default_max_requests_per_minute
FN:144,_RNvNtCs49cC0xe9Fgi_13tanaka_server6config34default_max_concurrent_connections
FN:386,_RNvXs0_NtCs49cC0xe9Fgi_13tanaka_server6configNtB5_10SyncConfigNtNtCsfvfooZQ3Axs_4core7default7Default7default
FN:344,_RNvXs_NtCs49cC0xe9Fgi_13tanaka_server6configNtB4_6ConfigNtNtCsfvfooZQ3Axs_4core7default7Default7default
FNDA:0,_RNvMNtCs1MTN94xiOhS_13tanaka_server6configNtB2_6Config4load
FNDA:0,_RNvMNtCs1MTN94xiOhS_13tanaka_server6configNtB2_6Config4save
FNDA:0,_RNvMNtCs1MTN94xiOhS_13tanaka_server6configNtB2_6Config8validate
FNDA:16,_RNvNtCs1MTN94xiOhS_13tanaka_server6config15default_max_age
FNDA:16,_RNvNtCs1MTN94xiOhS_13tanaka_server6config17default_bind_addr
FNDA:16,_RNvNtCs1MTN94xiOhS_13tanaka_server6config17default_log_level
FNDA:19,_RNvNtCs1MTN94xiOhS_13tanaka_server6config17default_poll_secs
FNDA:16,_RNvNtCs1MTN94xiOhS_13tanaka_server6config17default_pool_size
FNDA:19,_RNvNtCs1MTN94xiOhS_13tanaka_server6config18default_flush_secs
FNDA:16,_RNvNtCs1MTN94xiOhS_13tanaka_server6config18default_log_format
FNDA:19,_RNvNtCs1MTN94xiOhS_13tanaka_server6config19default_compression
FNDA:16,_RNvNtCs1MTN94xiOhS_13tanaka_server6config20default_database_url
FNDA:16,_RNvNtCs1MTN94xiOhS_13tanaka_server6config20default_token_header
FNDA:16,_RNvNtCs1MTN94xiOhS_13tanaka_server6config21default_rate_limiting
FNDA:19,_RNvNtCs1MTN94xiOhS_13tanaka_server6config22default_max_url_length
FNDA:16,_RNvNtCs1MTN94xiOhS_13tanaka_server6config23default_allowed_origins
FNDA:16,_RNvNtCs1MTN94xiOhS_13tanaka_server6config23default_request_logging
FNDA:16,_RNvNtCs1MTN94xiOhS_13tanaka_server6config23default_request_timeout
FNDA:19,_RNvNtCs1MTN94xiOhS_13tanaka_server6config24default_max_payload_size
FNDA:19,_RNvNtCs1MTN94xiOhS_13tanaka_server6config24default_max_title_length
FNDA:16,_RNvNtCs1MTN94xiOhS_13tanaka_server6config26default_connection_timeout
FNDA:16,_RNvNtCs1MTN94xiOhS_13tanaka_server6config31default_max_requests_per_minute
FNDA:16,_RNvNtCs1MTN94xiOhS_13tanaka_server6config34default_max_concurrent_connections
FNDA:3,_RNvXs0_NtCs1MTN94xiOhS_13tanaka_server6configNtB5_10SyncConfigNtNtCsfvfooZQ3Axs_4core7default7Default7default
FNDA:16,_RNvXs_NtCs1MTN94xiOhS_13tanaka_server6configNtB4_6ConfigNtNtCsfvfooZQ3Axs_4core7default7Default7default
FNDA:0,_RNCNvMNtCs1MTN94xiOhS_13tanaka_server6configNtB4_6Config4load0B6_
FNDA:0,_RNCNvMNtCs1MTN94xiOhS_13tanaka_server6configNtB4_6Config4loads_0B6_
FNDA:0,_RNCNvMNtCs1MTN94xiOhS_13tanaka_server6configNtB4_6Config4save0B6_
FNDA:0,_RNCNvMNtCs1MTN94xiOhS_13tanaka_server6configNtB4_6Config4saves_0B6_
FNDA:0,_RNCNvXsj_NtCs1MTN94xiOhS_13tanaka_server6configNtB7_4ArgsNtNtCs3op0AdADmj8_12clap_builder6derive14FromArgMatches20from_arg_matches_mut0B9_
FNDA:0,_RNCNvXsj_NtCs1MTN94xiOhS_13tanaka_server6configNtB7_4ArgsNtNtCs3op0AdADmj8_12clap_builder6derive14FromArgMatches27update_from_arg_matches_mut0B9_
FNDA:0,_RNCNvMNtCs49cC0xe9Fgi_13tanaka_server6configNtB4_6Config4load0B6_
FNDA:0,_RNCNvMNtCs49cC0xe9Fgi_13tanaka_server6configNtB4_6Config4loads_0B6_
FNDA:0,_RNCNvMNtCs49cC0xe9Fgi_13tanaka_server6configNtB4_6Config4save0B6_
FNDA:0,_RNCNvMNtCs49cC0xe9Fgi_13tanaka_server6configNtB4_6Config4saves_0B6_
FNDA:0,_RNCNvXsj_NtCs49cC0xe9Fgi_13tanaka_server6configNtB7_4ArgsNtNtCs3op0AdADmj8_12clap_builder6derive14FromArgMatches20from_arg_matches_mut0B9_
FNDA:0,_RNCNvXsj_NtCs49cC0xe9Fgi_13tanaka_server6configNtB7_4ArgsNtNtCs3op0AdADmj8_12clap_builder6derive14FromArgMatches27update_from_arg_matches_mut0B9_
FNDA:1,_RNvNtNtCs49cC0xe9Fgi_13tanaka_server6config5testss_19test_default_config
FNDA:1,_RNvNtNtCs49cC0xe9Fgi_13tanaka_server6config5testss_21test_config_save_load
FNDA:1,_RNvNtNtCs49cC0xe9Fgi_13tanaka_server6config5testss_22test_config_validation
FNDA:1,_RNvNtNtCs49cC0xe9Fgi_13tanaka_server6config5testss_25test_cors_config_defaults
FNDA:1,_RNvNtNtCs49cC0xe9Fgi_13tanaka_server6config5testss_30test_cors_config_serialization
FNDA:1,_RNvMNtCs49cC0xe9Fgi_13tanaka_server6configNtB2_6Config4load
FNDA:1,_RNvMNtCs49cC0xe9Fgi_13tanaka_server6configNtB2_6Config4save
FNDA:4,_RNvMNtCs49cC0xe9Fgi_13tanaka_server6configNtB2_6Config8validate
FNDA:5,_RNvNtCs49cC0xe9Fgi_13tanaka_server6config15default_max_age
FNDA:5,_RNvNtCs49cC0xe9Fgi_13tanaka_server6config17default_bind_addr
FNDA:5,_RNvNtCs49cC0xe9Fgi_13tanaka_server6config17default_log_level
FNDA:32,_RNvNtCs49cC0xe9Fgi_13tanaka_server6config17default_poll_secs
FNDA:5,_RNvNtCs49cC0xe9Fgi_13tanaka_server6config17default_pool_size
FNDA:32,_RNvNtCs49cC0xe9Fgi_13tanaka_server6config18default_flush_secs
FNDA:5,_RNvNtCs49cC0xe9Fgi_13tanaka_server6config18default_log_format
FNDA:32,_RNvNtCs49cC0xe9Fgi_13tanaka_server6config19default_compression
FNDA:5,_RNvNtCs49cC0xe9Fgi_13tanaka_server6config20default_database_url
FNDA:5,_RNvNtCs49cC0xe9Fgi_13tanaka_server6config20default_token_header
FNDA:5,_RNvNtCs49cC0xe9Fgi_13tanaka_server6config21default_rate_limiting
FNDA:32,_RNvNtCs49cC0xe9Fgi_13tanaka_server6config22default_max_url_length
FNDA:5,_RNvNtCs49cC0xe9Fgi_13tanaka_server6config23default_allowed_origins
FNDA:5,_RNvNtCs49cC0xe9Fgi_13tanaka_server6config23default_request_logging
FNDA:5,_RNvNtCs49cC0xe9Fgi_13tanaka_server6config23default_request_timeout
FNDA:32,_RNvNtCs49cC0xe9Fgi_13tanaka_server6config24default_max_payload_size
FNDA:32,_RNvNtCs49cC0xe9Fgi_13tanaka_server6config24default_max_title_length
FNDA:5,_RNvNtCs49cC0xe9Fgi_13tanaka_server6config26default_connection_timeout
FNDA:5,_RNvNtCs49cC0xe9Fgi_13tanaka_server6config31default_max_requests_per_minute
FNDA:5,_RNvNtCs49cC0xe9Fgi_13tanaka_server6config34default_max_concurrent_connections
FNDA:27,_RNvXs0_NtCs49cC0xe9Fgi_13tanaka_server6configNtB5_10SyncConfigNtNtCsfvfooZQ3Axs_4core7default7Default7default
FNDA:5,_RNvXs_NtCs49cC0xe9Fgi_13tanaka_server6configNtB4_6ConfigNtNtCsfvfooZQ3Axs_4core7default7Default7default
FNF:35
FNH:30
DA:121,0
DA:136,21
DA:137,21
DA:138,21
DA:140,21
DA:141,21
DA:142,21
DA:144,21
DA:145,21
DA:146,21
DA:148,21
DA:149,21
DA:150,21
DA:152,21
DA:153,21
DA:154,21
DA:156,21
DA:157,21
DA:158,21
DA:160,21
DA:161,21
DA:162,21
DA:164,21
DA:165,21
DA:166,21
DA:168,21
DA:169,21
DA:170,21
DA:172,51
DA:173,51
DA:174,51
DA:176,51
DA:177,51
DA:178,51
DA:180,51
DA:181,51
DA:182,51
DA:184,51
DA:185,51
DA:186,51
DA:188,51
DA:189,51
DA:190,51
DA:192,51
DA:193,51
DA:194,51
DA:196,21
DA:197,21
DA:198,21
DA:200,21
DA:201,21
DA:202,21
DA:204,21
DA:205,21
DA:206,21
DA:208,21
DA:209,21
DA:210,21
DA:211,21
DA:212,21
DA:214,21
DA:215,21
DA:216,21
DA:227,1
DA:228,1
DA:229,1
DA:230,0
DA:231,1
DA:232,0
DA:234,1
DA:235,1
DA:236,0
DA:237,0
DA:238,1
DA:240,1
DA:241,0
DA:242,0
DA:243,1
DA:245,0
DA:248,1
DA:249,0
DA:250,1
DA:252,1
DA:253,0
DA:254,1
DA:256,1
DA:257,0
DA:258,1
DA:260,1
DA:261,0
DA:262,1
DA:264,1
DA:266,1
DA:267,1
DA:278,4
DA:279,4
DA:280,0
DA:281,0
DA:282,0
DA:283,0
DA:284,4
DA:285,4
DA:286,4
DA:287,1
DA:288,1
DA:289,1
DA:290,1
DA:291,3
DA:293,3
DA:294,0
DA:295,0
DA:296,0
DA:297,0
DA:298,0
DA:299,0
DA:300,0
DA:301,0
DA:302,0
DA:303,0
DA:304,0
DA:305,0
DA:306,0
DA:307,3
DA:309,3
DA:310,3
DA:311,1
DA:312,1
DA:313,1
DA:314,1
DA:315,2
DA:316,2
DA:317,2
DA:318,4
DA:328,1
DA:329,1
DA:330,0
DA:331,0
DA:332,1
DA:334,1
DA:335,0
DA:336,0
DA:337,1
DA:339,1
DA:340,1
DA:344,21
DA:345,21
DA:346,21
DA:347,21
DA:348,21
DA:349,21
DA:350,21
DA:351,21
DA:352,21
DA:353,21
DA:354,21
DA:355,21
DA:356,21
DA:357,21
DA:358,21
DA:359,21
DA:360,21
DA:361,21
DA:362,21
DA:363,21
DA:364,21
DA:365,21
DA:366,21
DA:367,21
DA:368,21
DA:369,21
DA:370,21
DA:371,21
DA:372,21
DA:373,21
DA:374,21
DA:375,21
DA:376,21
DA:377,21
DA:378,21
DA:379,21
DA:380,21
DA:381,21
DA:382,21
DA:386,30
DA:387,30
DA:388,30
DA:389,30
DA:390,30
DA:391,30
DA:392,30
DA:393,30
DA:394,30
DA:395,30
DA:404,1
DA:405,1
DA:406,1
DA:407,1
DA:408,1
DA:409,1
DA:412,1
DA:413,1
DA:414,1
DA:415,1
DA:417,1
DA:418,1
DA:420,1
DA:421,1
DA:422,1
DA:425,1
DA:426,1
DA:427,1
DA:428,1
DA:429,1
DA:430,1
DA:431,1
DA:432,1
DA:433,1
DA:435,1
DA:436,1
DA:437,1
DA:438,1
DA:439,1
DA:440,1
DA:441,1
DA:442,1
DA:443,1
DA:444,1
DA:445,1
DA:448,1
DA:449,1
DA:450,1
DA:451,1
DA:452,1
DA:453,1
DA:454,1
DA:455,1
DA:458,1
DA:459,1
DA:460,1
DA:461,1
DA:462,1
DA:463,1
DA:464,1
DA:465,1
DA:466,1
BRF:0
BRH:0
LF:253
LH:212
end_of_record
SF:/Users/manish/projects/tanaka/server/src/crdt.rs
FN:140,_RNvMs0_NtCs1MTN94xiOhS_13tanaka_server4crdtNtB5_12CrdtDocument10from_state
FN:225,_RNvMs0_NtCs1MTN94xiOhS_13tanaka_server4crdtNtB5_12CrdtDocument10remove_tab
FN:203,_RNvMs0_NtCs1MTN94xiOhS_13tanaka_server4crdtNtB5_12CrdtDocument10upsert_tab
FN:320,_RNvMs0_NtCs1MTN94xiOhS_13tanaka_server4crdtNtB5_12CrdtDocument11get_windows
FN:168,_RNvMs0_NtCs1MTN94xiOhS_13tanaka_server4crdtNtB5_12CrdtDocument12apply_update
FN:180,_RNvMs0_NtCs1MTN94xiOhS_13tanaka_server4crdtNtB5_12CrdtDocument12encode_state
FN:192,_RNvMs0_NtCs1MTN94xiOhS_13tanaka_server4crdtNtB5_12CrdtDocument12state_vector
FN:237,_RNvMs0_NtCs1MTN94xiOhS_13tanaka_server4crdtNtB5_12CrdtDocument13upsert_window
FN:186,_RNvMs0_NtCs1MTN94xiOhS_13tanaka_server4crdtNtB5_12CrdtDocument17encode_diff_since
FN:122,_RNvMs0_NtCs1MTN94xiOhS_13tanaka_server4crdtNtB5_12CrdtDocument3new
FN:259,_RNvMs0_NtCs1MTN94xiOhS_13tanaka_server4crdtNtB5_12CrdtDocument8get_tabs
FN:487,_RNvMs2_NtCs1MTN94xiOhS_13tanaka_server4crdtNtB5_11CrdtManager10tick_clock
FN:415,_RNvMs2_NtCs1MTN94xiOhS_13tanaka_server4crdtNtB5_11CrdtManager12apply_update
FN:482,_RNvMs2_NtCs1MTN94xiOhS_13tanaka_server4crdtNtB5_11CrdtManager12update_clock
FN:477,_RNvMs2_NtCs1MTN94xiOhS_13tanaka_server4crdtNtB5_11CrdtManager13current_clock
FN:399,_RNvMs2_NtCs1MTN94xiOhS_13tanaka_server4crdtNtB5_11CrdtManager13load_document
FN:469,_RNvMs2_NtCs1MTN94xiOhS_13tanaka_server4crdtNtB5_11CrdtManager14get_full_state
FN:441,_RNvMs2_NtCs1MTN94xiOhS_13tanaka_server4crdtNtB5_11CrdtManager17get_updates_since
FN:379,_RNvMs2_NtCs1MTN94xiOhS_13tanaka_server4crdtNtB5_11CrdtManager18with_initial_clock
FN:387,_RNvMs2_NtCs1MTN94xiOhS_13tanaka_server4crdtNtB5_11CrdtManager22get_or_create_document
FN:505,_RNvMs2_NtCs1MTN94xiOhS_13tanaka_server4crdtNtB5_11CrdtManager23restore_from_operations
FN:371,_RNvMs2_NtCs1MTN94xiOhS_13tanaka_server4crdtNtB5_11CrdtManager3new
FN:492,_RNvMs2_NtCs1MTN94xiOhS_13tanaka_server4crdtNtB5_11CrdtManager7node_id
FN:50,_RNvMs_NtCs1MTN94xiOhS_13tanaka_server4crdtNtB4_12LamportClock18with_initial_value
FN:42,_RNvMs_NtCs1MTN94xiOhS_13tanaka_server4crdtNtB4_12LamportClock3new
FN:58,_RNvMs_NtCs1MTN94xiOhS_13tanaka_server4crdtNtB4_12LamportClock4tick
FN:67,_RNvMs_NtCs1MTN94xiOhS_13tanaka_server4crdtNtB4_12LamportClock6update
FN:85,_RNvMs_NtCs1MTN94xiOhS_13tanaka_server4crdtNtB4_12LamportClock7current
FN:90,_RNvMs_NtCs1MTN94xiOhS_13tanaka_server4crdtNtB4_12LamportClock7node_id
FN:359,_RNvXs1_NtCs1MTN94xiOhS_13tanaka_server4crdtNtB5_12CrdtDocumentNtNtCsfvfooZQ3Axs_4core7default7Default7default
FN:27,_RNvXNtCs1MTN94xiOhS_13tanaka_server4crdtNtNtB4_5error8AppErrorINtNtCsfvfooZQ3Axs_4core7convert4FromNtB2_9CrdtErrorE4from
FN:147,_RNCNvMs0_NtCs1MTN94xiOhS_13tanaka_server4crdtNtB7_12CrdtDocument10from_state0B9_
FN:149,_RNCNvMs0_NtCs1MTN94xiOhS_13tanaka_server4crdtNtB7_12CrdtDocument10from_states_0B9_
FN:172,_RNCNvMs0_NtCs1MTN94xiOhS_13tanaka_server4crdtNtB7_12CrdtDocument12apply_update0B9_
FN:174,_RNCNvMs0_NtCs1MTN94xiOhS_13tanaka_server4crdtNtB7_12CrdtDocument12apply_updates_0B9_
FN:390,_RNCNvMs2_NtCs1MTN94xiOhS_13tanaka_server4crdtNtB7_11CrdtManager22get_or_create_document0B9_
FN:535,_RNCNvMs2_NtCs1MTN94xiOhS_13tanaka_server4crdtNtB7_11CrdtManager23restore_from_operations0B9_
FN:557,_RNCNvMs2_NtCs1MTN94xiOhS_13tanaka_server4crdtNtB7_11CrdtManager23restore_from_operationss0_0B9_
FN:577,_RNCNvMs2_NtCs1MTN94xiOhS_13tanaka_server4crdtNtB7_11CrdtManager23restore_from_operationss1_0B9_
FN:585,_RNCNvMs2_NtCs1MTN94xiOhS_13tanaka_server4crdtNtB7_11CrdtManager23restore_from_operationss2_0B9_
FN:548,_RNCNvMs2_NtCs1MTN94xiOhS_13tanaka_server4crdtNtB7_11CrdtManager23restore_from_operationss_0B9_
FN:192,_RNvMs0_NtCs49cC0xe9Fgi_13tanaka_server4crdtNtB5_12CrdtDocument12state_vector
FN:359,_RNvXs1_NtCs49cC0xe9Fgi_13tanaka_server4crdtNtB5_12CrdtDocumentNtNtCsfvfooZQ3Axs_4core7default7Default7default
FN:147,_RNCNvMs0_NtCs49cC0xe9Fgi_13tanaka_server4crdtNtB7_12CrdtDocument10from_state0B9_
FN:149,_RNCNvMs0_NtCs49cC0xe9Fgi_13tanaka_server4crdtNtB7_12CrdtDocument10from_states_0B9_
FN:172,_RNCNvMs0_NtCs49cC0xe9Fgi_13tanaka_server4crdtNtB7_12CrdtDocument12apply_update0B9_
FN:174,_RNCNvMs0_NtCs49cC0xe9Fgi_13tanaka_server4crdtNtB7_12CrdtDocument12apply_updates_0B9_
FN:390,_RNCNvMs2_NtCs49cC0xe9Fgi_13tanaka_server4crdtNtB7_11CrdtManager22get_or_create_document0B9_
FN:535,_RNCNvMs2_NtCs49cC0xe9Fgi_13tanaka_server4crdtNtB7_11CrdtManager23restore_from_operations0B9_
FN:557,_RNCNvMs2_NtCs49cC0xe9Fgi_13tanaka_server4crdtNtB7_11CrdtManager23restore_from_operationss0_0B9_
FN:577,_RNCNvMs2_NtCs49cC0xe9Fgi_13tanaka_server4crdtNtB7_11CrdtManager23restore_from_operationss1_0B9_
FN:585,_RNCNvMs2_NtCs49cC0xe9Fgi_13tanaka_server4crdtNtB7_11CrdtManager23restore_from_operationss2_0B9_
FN:548,_RNCNvMs2_NtCs49cC0xe9Fgi_13tanaka_server4crdtNtB7_11CrdtManager23restore_from_operationss_0B9_
FN:626,_RNCNCNvNtNtCs49cC0xe9Fgi_13tanaka_server4crdt5testss_37test_lamport_clock_concurrent_updates00B9_
FN:624,_RNCNvNtNtCs49cC0xe9Fgi_13tanaka_server4crdt5testss_37test_lamport_clock_concurrent_updates0B7_
FN:140,_RNvMs0_NtCs49cC0xe9Fgi_13tanaka_server4crdtNtB5_12CrdtDocument10from_state
FN:225,_RNvMs0_NtCs49cC0xe9Fgi_13tanaka_server4crdtNtB5_12CrdtDocument10remove_tab
FN:203,_RNvMs0_NtCs49cC0xe9Fgi_13tanaka_server4crdtNtB5_12CrdtDocument10upsert_tab
FN:320,_RNvMs0_NtCs49cC0xe9Fgi_13tanaka_server4crdtNtB5_12CrdtDocument11get_windows
FN:168,_RNvMs0_NtCs49cC0xe9Fgi_13tanaka_server4crdtNtB5_12CrdtDocument12apply_update
FN:180,_RNvMs0_NtCs49cC0xe9Fgi_13tanaka_server4crdtNtB5_12CrdtDocument12encode_state
FN:237,_RNvMs0_NtCs49cC0xe9Fgi_13tanaka_server4crdtNtB5_12CrdtDocument13upsert_window
FN:186,_RNvMs0_NtCs49cC0xe9Fgi_13tanaka_server4crdtNtB5_12CrdtDocument17encode_diff_since
FN:122,_RNvMs0_NtCs49cC0xe9Fgi_13tanaka_server4crdtNtB5_12CrdtDocument3new
FN:259,_RNvMs0_NtCs49cC0xe9Fgi_13tanaka_server4crdtNtB5_12CrdtDocument8get_tabs
FN:487,_RNvMs2_NtCs49cC0xe9Fgi_13tanaka_server4crdtNtB5_11CrdtManager10tick_clock
FN:415,_RNvMs2_NtCs49cC0xe9Fgi_13tanaka_server4crdtNtB5_11CrdtManager12apply_update
FN:482,_RNvMs2_NtCs49cC0xe9Fgi_13tanaka_server4crdtNtB5_11CrdtManager12update_clock
FN:477,_RNvMs2_NtCs49cC0xe9Fgi_13tanaka_server4crdtNtB5_11CrdtManager13current_clock
FN:399,_RNvMs2_NtCs49cC0xe9Fgi_13tanaka_server4crdtNtB5_11CrdtManager13load_document
FN:469,_RNvMs2_NtCs49cC0xe9Fgi_13tanaka_server4crdtNtB5_11CrdtManager14get_full_state
FN:441,_RNvMs2_NtCs49cC0xe9Fgi_13tanaka_server4crdtNtB5_11CrdtManager17get_updates_since
FN:379,_RNvMs2_NtCs49cC0xe9Fgi_13tanaka_server4crdtNtB5_11CrdtManager18with_initial_clock
FN:387,_RNvMs2_NtCs49cC0xe9Fgi_13tanaka_server4crdtNtB5_11CrdtManager22get_or_create_document
FN:505,_RNvMs2_NtCs49cC0xe9Fgi_13tanaka_server4crdtNtB5_11CrdtManager23restore_from_operations
FN:371,_RNvMs2_NtCs49cC0xe9Fgi_13tanaka_server4crdtNtB5_11CrdtManager3new
FN:492,_RNvMs2_NtCs49cC0xe9Fgi_13tanaka_server4crdtNtB5_11CrdtManager7node_id
FN:50,_RNvMs_NtCs49cC0xe9Fgi_13tanaka_server4crdtNtB4_12LamportClock18with_initial_value
FN:42,_RNvMs_NtCs49cC0xe9Fgi_13tanaka_server4crdtNtB4_12LamportClock3new
FN:58,_RNvMs_NtCs49cC0xe9Fgi_13tanaka_server4crdtNtB4_12LamportClock4tick
FN:67,_RNvMs_NtCs49cC0xe9Fgi_13tanaka_server4crdtNtB4_12LamportClock6update
FN:85,_RNvMs_NtCs49cC0xe9Fgi_13tanaka_server4crdtNtB4_12LamportClock7current
FN:90,_RNvMs_NtCs49cC0xe9Fgi_13tanaka_server4crdtNtB4_12LamportClock7node_id
FN:27,_RNvXNtCs49cC0xe9Fgi_13tanaka_server4crdtNtNtB4_5error8AppErrorINtNtCsfvfooZQ3Axs_4core7convert4FromNtB2_9CrdtErrorE4from
FN:680,_RNvNtNtCs49cC0xe9Fgi_13tanaka_server4crdt5testss_17test_crdt_manager
FN:656,_RNvNtNtCs49cC0xe9Fgi_13tanaka_server4crdt5testss_18test_crdt_document
FN:602,_RNvNtNtCs49cC0xe9Fgi_13tanaka_server4crdt5testss_18test_lamport_clock
FN:865,_RNvNtNtCs49cC0xe9Fgi_13tanaka_server4crdt5testss_29test_invalid_state_from_bytes
FN:713,_RNvNtNtCs49cC0xe9Fgi_13tanaka_server4crdt5testss_30test_crdt_document_tab_removal
FN:817,_RNvNtNtCs49cC0xe9Fgi_13tanaka_server4crdt5testss_30test_crdt_manager_apply_update
FN:801,_RNvNtNtCs49cC0xe9Fgi_13tanaka_server4crdt5testss_31test_crdt_manager_load_document
FN:846,_RNvNtNtCs49cC0xe9Fgi_13tanaka_server4crdt5testss_34test_crdt_manager_clock_operations
FN:735,_RNvNtNtCs49cC0xe9Fgi_13tanaka_server4crdt5testss_35test_crdt_document_state_operations
FN:833,_RNvNtNtCs49cC0xe9Fgi_13tanaka_server4crdt5testss_35test_crdt_manager_get_updates_since
FN:751,_RNvNtNtCs49cC0xe9Fgi_13tanaka_server4crdt5testss_36test_crdt_document_update_operations
FN:692,_RNvNtNtCs49cC0xe9Fgi_13tanaka_server4crdt5testss_36test_crdt_document_window_operations
FN:782,_RNvNtNtCs49cC0xe9Fgi_13tanaka_server4crdt5testss_36test_crdt_manager_multiple_documents
FN:615,_RNvNtNtCs49cC0xe9Fgi_13tanaka_server4crdt5testss_37test_lamport_clock_concurrent_updates
FNDA:0,_RNvMs0_NtCs1MTN94xiOhS_13tanaka_server4crdtNtB5_12CrdtDocument10from_state
FNDA:1,_RNvMs0_NtCs1MTN94xiOhS_13tanaka_server4crdtNtB5_12CrdtDocument10remove_tab
FNDA:166,_RNvMs0_NtCs1MTN94xiOhS_13tanaka_server4crdtNtB5_12CrdtDocument10upsert_tab
FNDA:1,_RNvMs0_NtCs1MTN94xiOhS_13tanaka_server4crdtNtB5_12CrdtDocument11get_windows
FNDA:0,_RNvMs0_NtCs1MTN94xiOhS_13tanaka_server4crdtNtB5_12CrdtDocument12apply_update
FNDA:0,_RNvMs0_NtCs1MTN94xiOhS_13tanaka_server4crdtNtB5_12CrdtDocument12encode_state
FNDA:0,_RNvMs0_NtCs1MTN94xiOhS_13tanaka_server4crdtNtB5_12CrdtDocument12state_vector
FNDA:2,_RNvMs0_NtCs1MTN94xiOhS_13tanaka_server4crdtNtB5_12CrdtDocument13upsert_window
FNDA:0,_RNvMs0_NtCs1MTN94xiOhS_13tanaka_server4crdtNtB5_12CrdtDocument17encode_diff_since
FNDA:11,_RNvMs0_NtCs1MTN94xiOhS_13tanaka_server4crdtNtB5_12CrdtDocument3new
FNDA:3,_RNvMs0_NtCs1MTN94xiOhS_13tanaka_server4crdtNtB5_12CrdtDocument8get_tabs
FNDA:169,_RNvMs2_NtCs1MTN94xiOhS_13tanaka_server4crdtNtB5_11CrdtManager10tick_clock
FNDA:0,_RNvMs2_NtCs1MTN94xiOhS_13tanaka_server4crdtNtB5_11CrdtManager12apply_update
FNDA:44,_RNvMs2_NtCs1MTN94xiOhS_13tanaka_server4crdtNtB5_11CrdtManager12update_clock
FNDA:31,_RNvMs2_NtCs1MTN94xiOhS_13tanaka_server4crdtNtB5_11CrdtManager13current_clock
FNDA:0,_RNvMs2_NtCs1MTN94xiOhS_13tanaka_server4crdtNtB5_11CrdtManager13load_document
FNDA:0,_RNvMs2_NtCs1MTN94xiOhS_13tanaka_server4crdtNtB5_11CrdtManager14get_full_state
FNDA:0,_RNvMs2_NtCs1MTN94xiOhS_13tanaka_server4crdtNtB5_11CrdtManager17get_updates_since
FNDA:2,_RNvMs2_NtCs1MTN94xiOhS_13tanaka_server4crdtNtB5_11CrdtManager18with_initial_clock
FNDA:169,_RNvMs2_NtCs1MTN94xiOhS_13tanaka_server4crdtNtB5_11CrdtManager22get_or_create_document
FNDA:2,_RNvMs2_NtCs1MTN94xiOhS_13tanaka_server4crdtNtB5_11CrdtManager23restore_from_operations
FNDA:30,_RNvMs2_NtCs1MTN94xiOhS_13tanaka_server4crdtNtB5_11CrdtManager3new
FNDA:1,_RNvMs2_NtCs1MTN94xiOhS_13tanaka_server4crdtNtB5_11CrdtManager7node_id
FNDA:2,_RNvMs_NtCs1MTN94xiOhS_13tanaka_server4crdtNtB4_12LamportClock18with_initial_value
FNDA:30,_RNvMs_NtCs1MTN94xiOhS_13tanaka_server4crdtNtB4_12LamportClock3new
FNDA:169,_RNvMs_NtCs1MTN94xiOhS_13tanaka_server4crdtNtB4_12LamportClock4tick
FNDA:44,_RNvMs_NtCs1MTN94xiOhS_13tanaka_server4crdtNtB4_12LamportClock6update
FNDA:31,_RNvMs_NtCs1MTN94xiOhS_13tanaka_server4crdtNtB4_12LamportClock7current
FNDA:1,_RNvMs_NtCs1MTN94xiOhS_13tanaka_server4crdtNtB4_12LamportClock7node_id
FNDA:0,_RNvXs1_NtCs1MTN94xiOhS_13tanaka_server4crdtNtB5_12CrdtDocumentNtNtCsfvfooZQ3Axs_4core7default7Default7default
FNDA:0,_RNvXNtCs1MTN94xiOhS_13tanaka_server4crdtNtNtB4_5error8AppErrorINtNtCsfvfooZQ3Axs_4core7convert4FromNtB2_9CrdtErrorE4from
FNDA:0,_RNCNvMs0_NtCs1MTN94xiOhS_13tanaka_server4crdtNtB7_12CrdtDocument10from_state0B9_
FNDA:0,_RNCNvMs0_NtCs1MTN94xiOhS_13tanaka_server4crdtNtB7_12CrdtDocument10from_states_0B9_
FNDA:0,_RNCNvMs0_NtCs1MTN94xiOhS_13tanaka_server4crdtNtB7_12CrdtDocument12apply_update0B9_
FNDA:0,_RNCNvMs0_NtCs1MTN94xiOhS_13tanaka_server4crdtNtB7_12CrdtDocument12apply_updates_0B9_
FNDA:11,_RNCNvMs2_NtCs1MTN94xiOhS_13tanaka_server4crdtNtB7_11CrdtManager22get_or_create_document0B9_
FNDA:0,_RNCNvMs2_NtCs1MTN94xiOhS_13tanaka_server4crdtNtB7_11CrdtManager23restore_from_operations0B9_
FNDA:0,_RNCNvMs2_NtCs1MTN94xiOhS_13tanaka_server4crdtNtB7_11CrdtManager23restore_from_operationss0_0B9_
FNDA:0,_RNCNvMs2_NtCs1MTN94xiOhS_13tanaka_server4crdtNtB7_11CrdtManager23restore_from_operationss1_0B9_
FNDA:0,_RNCNvMs2_NtCs1MTN94xiOhS_13tanaka_server4crdtNtB7_11CrdtManager23restore_from_operationss2_0B9_
FNDA:0,_RNCNvMs2_NtCs1MTN94xiOhS_13tanaka_server4crdtNtB7_11CrdtManager23restore_from_operationss_0B9_
FNDA:0,_RNvMs0_NtCs49cC0xe9Fgi_13tanaka_server4crdtNtB5_12CrdtDocument12state_vector
FNDA:0,_RNvXs1_NtCs49cC0xe9Fgi_13tanaka_server4crdtNtB5_12CrdtDocumentNtNtCsfvfooZQ3Axs_4core7default7Default7default
FNDA:1,_RNCNvMs0_NtCs49cC0xe9Fgi_13tanaka_server4crdtNtB7_12CrdtDocument10from_state0B9_
FNDA:0,_RNCNvMs0_NtCs49cC0xe9Fgi_13tanaka_server4crdtNtB7_12CrdtDocument10from_states_0B9_
FNDA:0,_RNCNvMs0_NtCs49cC0xe9Fgi_13tanaka_server4crdtNtB7_12CrdtDocument12apply_update0B9_
FNDA:0,_RNCNvMs0_NtCs49cC0xe9Fgi_13tanaka_server4crdtNtB7_12CrdtDocument12apply_updates_0B9_
FNDA:8,_RNCNvMs2_NtCs49cC0xe9Fgi_13tanaka_server4crdtNtB7_11CrdtManager22get_or_create_document0B9_
FNDA:0,_RNCNvMs2_NtCs49cC0xe9Fgi_13tanaka_server4crdtNtB7_11CrdtManager23restore_from_operations0B9_
FNDA:0,_RNCNvMs2_NtCs49cC0xe9Fgi_13tanaka_server4crdtNtB7_11CrdtManager23restore_from_operationss0_0B9_
FNDA:0,_RNCNvMs2_NtCs49cC0xe9Fgi_13tanaka_server4crdtNtB7_11CrdtManager23restore_from_operationss1_0B9_
FNDA:0,_RNCNvMs2_NtCs49cC0xe9Fgi_13tanaka_server4crdtNtB7_11CrdtManager23restore_from_operationss2_0B9_
FNDA:0,_RNCNvMs2_NtCs49cC0xe9Fgi_13tanaka_server4crdtNtB7_11CrdtManager23restore_from_operationss_0B9_
FNDA:10,_RNCNCNvNtNtCs49cC0xe9Fgi_13tanaka_server4crdt5testss_37test_lamport_clock_concurrent_updates00B9_
FNDA:10,_RNCNvNtNtCs49cC0xe9Fgi_13tanaka_server4crdt5testss_37test_lamport_clock_concurrent_updates0B7_
FNDA:3,_RNvMs0_NtCs49cC0xe9Fgi_13tanaka_server4crdtNtB5_12CrdtDocument10from_state
FNDA:2,_RNvMs0_NtCs49cC0xe9Fgi_13tanaka_server4crdtNtB5_12CrdtDocument10remove_tab
FNDA:4,_RNvMs0_NtCs49cC0xe9Fgi_13tanaka_server4crdtNtB5_12CrdtDocument10upsert_tab
FNDA:2,_RNvMs0_NtCs49cC0xe9Fgi_13tanaka_server4crdtNtB5_12CrdtDocument11get_windows
FNDA:2,_RNvMs0_NtCs49cC0xe9Fgi_13tanaka_server4crdtNtB5_12CrdtDocument12apply_update
FNDA:9,_RNvMs0_NtCs49cC0xe9Fgi_13tanaka_server4crdtNtB5_12CrdtDocument12encode_state
FNDA:2,_RNvMs0_NtCs49cC0xe9Fgi_13tanaka_server4crdtNtB5_12CrdtDocument13upsert_window
FNDA:2,_RNvMs0_NtCs49cC0xe9Fgi_13tanaka_server4crdtNtB5_12CrdtDocument17encode_diff_since
FNDA:14,_RNvMs0_NtCs49cC0xe9Fgi_13tanaka_server4crdtNtB5_12CrdtDocument3new
FNDA:2,_RNvMs0_NtCs49cC0xe9Fgi_13tanaka_server4crdtNtB5_12CrdtDocument8get_tabs
FNDA:6,_RNvMs2_NtCs49cC0xe9Fgi_13tanaka_server4crdtNtB5_11CrdtManager10tick_clock
FNDA:1,_RNvMs2_NtCs49cC0xe9Fgi_13tanaka_server4crdtNtB5_11CrdtManager12apply_update
FNDA:6,_RNvMs2_NtCs49cC0xe9Fgi_13tanaka_server4crdtNtB5_11CrdtManager12update_clock
FNDA:8,_RNvMs2_NtCs49cC0xe9Fgi_13tanaka_server4crdtNtB5_11CrdtManager13current_clock
FNDA:1,_RNvMs2_NtCs49cC0xe9Fgi_13tanaka_server4crdtNtB5_11CrdtManager13load_document
FNDA:4,_RNvMs2_NtCs49cC0xe9Fgi_13tanaka_server4crdtNtB5_11CrdtManager14get_full_state
FNDA:1,_RNvMs2_NtCs49cC0xe9Fgi_13tanaka_server4crdtNtB5_11CrdtManager17get_updates_since
FNDA:2,_RNvMs2_NtCs49cC0xe9Fgi_13tanaka_server4crdtNtB5_11CrdtManager18with_initial_clock
FNDA:12,_RNvMs2_NtCs49cC0xe9Fgi_13tanaka_server4crdtNtB5_11CrdtManager22get_or_create_document
FNDA:2,_RNvMs2_NtCs49cC0xe9Fgi_13tanaka_server4crdtNtB5_11CrdtManager23restore_from_operations
FNDA:34,_RNvMs2_NtCs49cC0xe9Fgi_13tanaka_server4crdtNtB5_11CrdtManager3new
FNDA:2,_RNvMs2_NtCs49cC0xe9Fgi_13tanaka_server4crdtNtB5_11CrdtManager7node_id
FNDA:2,_RNvMs_NtCs49cC0xe9Fgi_13tanaka_server4crdtNtB4_12LamportClock18with_initial_value
FNDA:36,_RNvMs_NtCs49cC0xe9Fgi_13tanaka_server4crdtNtB4_12LamportClock3new
FNDA:508,_RNvMs_NtCs49cC0xe9Fgi_13tanaka_server4crdtNtB4_12LamportClock4tick
FNDA:507,_RNvMs_NtCs49cC0xe9Fgi_13tanaka_server4crdtNtB4_12LamportClock6update
FNDA:12,_RNvMs_NtCs49cC0xe9Fgi_13tanaka_server4crdtNtB4_12LamportClock7current
FNDA:2,_RNvMs_NtCs49cC0xe9Fgi_13tanaka_server4crdtNtB4_12LamportClock7node_id
FNDA:0,_RNvXNtCs49cC0xe9Fgi_13tanaka_server4crdtNtNtB4_5error8AppErrorINtNtCsfvfooZQ3Axs_4core7convert4FromNtB2_9CrdtErrorE4from
FNDA:1,_RNvNtNtCs49cC0xe9Fgi_13tanaka_server4crdt5testss_17test_crdt_manager
FNDA:1,_RNvNtNtCs49cC0xe9Fgi_13tanaka_server4crdt5testss_18test_crdt_document
FNDA:1,_RNvNtNtCs49cC0xe9Fgi_13tanaka_server4crdt5testss_18test_lamport_clock
FNDA:1,_RNvNtNtCs49cC0xe9Fgi_13tanaka_server4crdt5testss_29test_invalid_state_from_bytes
FNDA:1,_RNvNtNtCs49cC0xe9Fgi_13tanaka_server4crdt5testss_30test_crdt_document_tab_removal
FNDA:1,_RNvNtNtCs49cC0xe9Fgi_13tanaka_server4crdt5testss_30test_crdt_manager_apply_update
FNDA:1,_RNvNtNtCs49cC0xe9Fgi_13tanaka_server4crdt5testss_31test_crdt_manager_load_document
FNDA:1,_RNvNtNtCs49cC0xe9Fgi_13tanaka_server4crdt5testss_34test_crdt_manager_clock_operations
FNDA:1,_RNvNtNtCs49cC0xe9Fgi_13tanaka_server4crdt5testss_35test_crdt_document_state_operations
FNDA:1,_RNvNtNtCs49cC0xe9Fgi_13tanaka_server4crdt5testss_35test_crdt_manager_get_updates_since
FNDA:1,_RNvNtNtCs49cC0xe9Fgi_13tanaka_server4crdt5testss_36test_crdt_document_update_operations
FNDA:1,_RNvNtNtCs49cC0xe9Fgi_13tanaka_server4crdt5testss_36test_crdt_document_window_operations
FNDA:1,_RNvNtNtCs49cC0xe9Fgi_13tanaka_server4crdt5testss_36test_crdt_manager_multiple_documents
FNDA:1,_RNvNtNtCs49cC0xe9Fgi_13tanaka_server4crdt5testss_37test_lamport_clock_concurrent_updates
FNF:57
FNH:46
DA:27,0
DA:28,0
DA:29,0
DA:30,0
DA:31,0
DA:32,0
DA:42,66
DA:43,66
DA:44,66
DA:45,66
DA:46,66
DA:47,66
DA:50,4
DA:51,4
DA:52,4
DA:53,4
DA:54,4
DA:55,4
DA:58,677
DA:59,677
DA:60,677
DA:67,551
DA:69,551
DA:70,551
DA:71,551
DA:72,551
DA:73,551
DA:74,551
DA:75,551
DA:76,551
DA:78,551
DA:79,0
DA:82,551
DA:85,43
DA:86,43
DA:87,43
DA:90,3
DA:91,3
DA:92,3
DA:122,25
DA:123,25
DA:124,25
DA:125,25
DA:126,25
DA:127,25
DA:128,25
DA:129,25
DA:130,25
DA:131,25
DA:132,25
DA:140,3
DA:141,3
DA:142,3
DA:143,3
DA:144,3
DA:145,3
DA:146,3
DA:147,3
DA:149,2
DA:152,2
DA:153,2
DA:154,2
DA:155,2
DA:156,2
DA:157,2
DA:158,2
DA:159,2
DA:160,3
DA:168,2
DA:169,2
DA:170,2
DA:171,2
DA:172,2
DA:174,2
DA:176,2
DA:177,2
DA:180,9
DA:181,9
DA:182,9
DA:183,9
DA:186,2
DA:187,2
DA:188,2
DA:189,2
DA:192,0
DA:193,0
DA:194,0
DA:195,0
DA:203,170
DA:204,170
DA:205,170
DA:206,170
DA:207,170
DA:208,170
DA:209,170
DA:210,170
DA:211,170
DA:212,170
DA:213,170
DA:214,170
DA:215,170
DA:216,170
DA:217,170
DA:218,170
DA:225,3
DA:226,3
DA:227,3
DA:228,3
DA:229,3
DA:237,4
DA:238,4
DA:239,4
DA:240,4
DA:241,4
DA:242,4
DA:243,4
DA:244,4
DA:245,4
DA:246,4
DA:247,4
DA:248,4
DA:249,4
DA:250,4
DA:251,4
DA:259,5
DA:260,5
DA:261,5
DA:264,7
DA:265,7
DA:267,7
DA:269,7
DA:270,7
DA:271,0
DA:274,7
DA:275,7
DA:276,0
DA:279,7
DA:280,7
DA:281,0
DA:284,7
DA:285,7
DA:286,0
DA:289,7
DA:290,7
DA:291,0
DA:294,7
DA:295,7
DA:296,0
DA:299,7
DA:300,7
DA:301,7
DA:302,7
DA:303,7
DA:304,7
DA:305,7
DA:306,7
DA:307,7
DA:308,0
DA:311,5
DA:312,5
DA:320,3
DA:321,3
DA:322,3
DA:325,3
DA:326,3
DA:328,3
DA:330,3
DA:331,3
DA:332,0
DA:335,3
DA:336,3
DA:337,0
DA:340,3
DA:341,3
DA:342,0
DA:345,3
DA:346,3
DA:347,3
DA:348,3
DA:349,3
DA:350,3
DA:351,0
DA:354,3
DA:355,3
DA:359,0
DA:360,0
DA:361,0
DA:371,64
DA:372,64
DA:373,64
DA:374,64
DA:375,64
DA:376,64
DA:379,4
DA:380,4
DA:381,4
DA:382,4
DA:383,4
DA:384,4
DA:387,181
DA:388,181
DA:389,181
DA:390,181
DA:391,181
DA:392,181
DA:399,1
DA:400,1
DA:401,1
DA:402,1
DA:403,1
DA:404,1
DA:415,1
DA:416,1
DA:417,1
DA:418,1
DA:419,1
DA:421,1
DA:422,1
DA:424,0
DA:425,0
DA:426,0
DA:429,1
DA:430,1
DA:441,1
DA:442,1
DA:443,1
DA:444,1
DA:445,1
DA:446,1
DA:447,1
DA:448,1
DA:449,1
DA:450,1
DA:451,1
DA:453,0
DA:454,0
DA:457,1
DA:458,1
DA:469,4
DA:470,4
DA:471,4
DA:472,4
DA:473,4
DA:474,4
DA:477,39
DA:478,39
DA:479,39
DA:482,50
DA:483,50
DA:484,50
DA:487,175
DA:488,175
DA:489,175
DA:492,3
DA:493,3
DA:494,3
DA:505,4
DA:506,4
DA:507,4
DA:508,4
DA:509,4
DA:510,4
DA:511,4
DA:513,11
DA:514,7
DA:515,7
DA:516,7
DA:517,7
DA:518,4
DA:519,4
DA:520,4
DA:521,4
DA:522,4
DA:523,4
DA:524,4
DA:525,4
DA:526,4
DA:527,4
DA:528,4
DA:530,1
DA:531,1
DA:533,0
DA:534,0
DA:535,0
DA:536,0
DA:537,0
DA:538,0
DA:539,0
DA:542,0
DA:543,0
DA:544,0
DA:547,0
DA:548,0
DA:549,0
DA:550,0
DA:551,0
DA:552,0
DA:553,0
DA:555,0
DA:556,0
DA:557,0
DA:558,0
DA:559,0
DA:560,0
DA:561,0
DA:562,0
DA:563,0
DA:564,0
DA:566,2
DA:567,2
DA:568,2
DA:569,2
DA:570,2
DA:571,2
DA:572,2
DA:573,2
DA:575,0
DA:576,0
DA:577,0
DA:578,0
DA:579,0
DA:580,0
DA:581,0
DA:583,0
DA:584,0
DA:585,0
DA:586,0
DA:587,0
DA:588,0
DA:593,4
DA:594,4
DA:602,1
DA:603,1
DA:604,1
DA:605,1
DA:606,1
DA:607,1
DA:609,1
DA:610,1
DA:611,1
DA:612,1
DA:615,1
DA:619,1
DA:620,1
DA:621,1
DA:622,1
DA:623,1
DA:624,10
DA:625,10
DA:626,10
DA:627,1000
DA:629,1000
DA:630,500
DA:631,500
DA:632,500
DA:633,500
DA:635,10
DA:636,10
DA:637,1
DA:640,11
DA:641,10
DA:642,10
DA:646,1
DA:647,1
DA:648,1
DA:649,0
DA:650,0
DA:651,0
DA:653,1
DA:656,1
DA:657,1
DA:658,1
DA:659,1
DA:660,1
DA:661,1
DA:662,1
DA:663,1
DA:664,1
DA:665,1
DA:666,1
DA:667,1
DA:668,1
DA:669,1
DA:670,1
DA:671,1
DA:672,1
DA:673,1
DA:674,1
DA:675,1
DA:676,1
DA:677,1
DA:680,1
DA:681,1
DA:682,1
DA:683,1
DA:684,1
DA:685,1
DA:687,1
DA:688,1
DA:689,1
DA:692,1
DA:693,1
DA:694,1
DA:695,1
DA:696,1
DA:697,1
DA:698,1
DA:699,1
DA:700,1
DA:701,1
DA:702,1
DA:703,1
DA:704,1
DA:705,1
DA:706,1
DA:707,1
DA:708,1
DA:709,1
DA:710,1
DA:713,1
DA:714,1
DA:715,1
DA:716,1
DA:717,1
DA:718,1
DA:719,1
DA:720,1
DA:721,1
DA:722,1
DA:723,1
DA:724,1
DA:725,1
DA:726,1
DA:727,1
DA:728,1
DA:729,1
DA:730,1
DA:731,1
DA:732,1
DA:735,1
DA:736,1
DA:737,1
DA:738,1
DA:739,1
DA:740,1
DA:743,1
DA:744,1
DA:745,1
DA:746,1
DA:747,1
DA:748,1
DA:751,1
DA:752,1
DA:753,1
DA:754,1
DA:755,1
DA:756,1
DA:757,1
DA:758,1
DA:759,1
DA:760,1
DA:761,1
DA:762,1
DA:763,1
DA:764,1
DA:765,1
DA:766,1
DA:767,1
DA:768,1
DA:769,1
DA:770,1
DA:771,1
DA:772,1
DA:773,1
DA:774,1
DA:775,1
DA:776,1
DA:777,1
DA:778,1
DA:779,1
DA:782,1
DA:783,1
DA:784,1
DA:785,1
DA:786,1
DA:787,1
DA:788,1
DA:789,1
DA:790,1
DA:791,1
DA:792,1
DA:793,1
DA:796,1
DA:797,1
DA:798,1
DA:801,1
DA:802,1
DA:803,1
DA:804,1
DA:805,1
DA:806,1
DA:807,1
DA:808,1
DA:809,1
DA:810,1
DA:811,1
DA:812,1
DA:813,1
DA:814,1
DA:817,1
DA:818,1
DA:819,1
DA:820,1
DA:821,1
DA:822,1
DA:823,1
DA:824,1
DA:825,1
DA:826,1
DA:829,1
DA:830,1
DA:833,1
DA:834,1
DA:835,1
DA:836,1
DA:837,1
DA:838,1
DA:839,1
DA:840,1
DA:841,1
DA:842,1
DA:843,1
DA:846,1
DA:847,1
DA:848,1
DA:849,1
DA:850,1
DA:853,1
DA:854,1
DA:855,1
DA:856,1
DA:859,1
DA:860,1
DA:861,1
DA:862,1
DA:865,1
DA:866,1
DA:867,1
DA:868,1
DA:869,1
DA:870,1
DA:871,1
DA:872,1
DA:873,1
BRF:0
BRH:0
LF:568
LH:487
end_of_record
SF:/Users/manish/projects/tanaka/server/src/db.rs
FN:42,_RNvNtCssWHy9lcY5i_13tanaka_server2db19init_db_with_config
FN:54,_RNCNCNvNtCssWHy9lcY5i_13tanaka_server2db19init_db_with_config00B7_
FN:72,_RNCNCNvNtCssWHy9lcY5i_13tanaka_server2db19init_db_with_config0s0_0B7_
FN:78,_RNCNCNvNtCssWHy9lcY5i_13tanaka_server2db19init_db_with_config0s1_0B7_
FN:87,_RNCNCNvNtCssWHy9lcY5i_13tanaka_server2db19init_db_with_config0s2_0B7_
FN:93,_RNCNCNvNtCssWHy9lcY5i_13tanaka_server2db19init_db_with_config0s3_0B7_
FN:98,_RNCNCNvNtCssWHy9lcY5i_13tanaka_server2db19init_db_with_config0s4_0B7_
FN:103,_RNCNCNvNtCssWHy9lcY5i_13tanaka_server2db19init_db_with_config0s5_0B7_
FN:108,_RNCNCNvNtCssWHy9lcY5i_13tanaka_server2db19init_db_with_config0s6_0B7_
FN:115,_RNCNCNvNtCssWHy9lcY5i_13tanaka_server2db19init_db_with_config0s7_0B7_
FN:137,_RNCNCNvNtCssWHy9lcY5i_13tanaka_server2db19init_db_with_config0s8_0B7_
FN:142,_RNCNCNvNtCssWHy9lcY5i_13tanaka_server2db19init_db_with_config0s9_0B7_
FN:66,_RNCNCNvNtCssWHy9lcY5i_13tanaka_server2db19init_db_with_config0s_0B7_
FN:149,_RNCNCNvNtCssWHy9lcY5i_13tanaka_server2db19init_db_with_config0sa_0B7_
FN:154,_RNCNCNvNtCssWHy9lcY5i_13tanaka_server2db19init_db_with_config0sb_0B7_
FN:160,_RNCNCNvNtCssWHy9lcY5i_13tanaka_server2db19init_db_with_config0sc_0B7_
FN:167,_RNCNCNvNtCssWHy9lcY5i_13tanaka_server2db19init_db_with_config0sd_0B7_
FN:175,_RNCNCNvNtCssWHy9lcY5i_13tanaka_server2db19init_db_with_config0se_0B7_
FN:42,_RNCNvNtCssWHy9lcY5i_13tanaka_server2db19init_db_with_config0B5_
FN:54,_RNCNCNvNtCshXODwtko46g_13tanaka_server2db19init_db_with_config00B7_
FN:72,_RNCNCNvNtCshXODwtko46g_13tanaka_server2db19init_db_with_config0s0_0B7_
FN:78,_RNCNCNvNtCshXODwtko46g_13tanaka_server2db19init_db_with_config0s1_0B7_
FN:87,_RNCNCNvNtCshXODwtko46g_13tanaka_server2db19init_db_with_config0s2_0B7_
FN:93,_RNCNCNvNtCshXODwtko46g_13tanaka_server2db19init_db_with_config0s3_0B7_
FN:98,_RNCNCNvNtCshXODwtko46g_13tanaka_server2db19init_db_with_config0s4_0B7_
FN:103,_RNCNCNvNtCshXODwtko46g_13tanaka_server2db19init_db_with_config0s5_0B7_
FN:108,_RNCNCNvNtCshXODwtko46g_13tanaka_server2db19init_db_with_config0s6_0B7_
FN:115,_RNCNCNvNtCshXODwtko46g_13tanaka_server2db19init_db_with_config0s7_0B7_
FN:137,_RNCNCNvNtCshXODwtko46g_13tanaka_server2db19init_db_with_config0s8_0B7_
FN:142,_RNCNCNvNtCshXODwtko46g_13tanaka_server2db19init_db_with_config0s9_0B7_
FN:66,_RNCNCNvNtCshXODwtko46g_13tanaka_server2db19init_db_with_config0s_0B7_
FN:149,_RNCNCNvNtCshXODwtko46g_13tanaka_server2db19init_db_with_config0sa_0B7_
FN:154,_RNCNCNvNtCshXODwtko46g_13tanaka_server2db19init_db_with_config0sb_0B7_
FN:160,_RNCNCNvNtCshXODwtko46g_13tanaka_server2db19init_db_with_config0sc_0B7_
FN:167,_RNCNCNvNtCshXODwtko46g_13tanaka_server2db19init_db_with_config0sd_0B7_
FN:175,_RNCNCNvNtCshXODwtko46g_13tanaka_server2db19init_db_with_config0se_0B7_
FN:42,_RNCNvNtCshXODwtko46g_13tanaka_server2db19init_db_with_config0B5_
FN:42,_RNvNtCshXODwtko46g_13tanaka_server2db19init_db_with_config
FNDA:0,_RNvNtCssWHy9lcY5i_13tanaka_server2db19init_db_with_config
FNDA:0,_RNCNCNvNtCssWHy9lcY5i_13tanaka_server2db19init_db_with_config00B7_
FNDA:0,_RNCNCNvNtCssWHy9lcY5i_13tanaka_server2db19init_db_with_config0s0_0B7_
FNDA:0,_RNCNCNvNtCssWHy9lcY5i_13tanaka_server2db19init_db_with_config0s1_0B7_
FNDA:0,_RNCNCNvNtCssWHy9lcY5i_13tanaka_server2db19init_db_with_config0s2_0B7_
FNDA:0,_RNCNCNvNtCssWHy9lcY5i_13tanaka_server2db19init_db_with_config0s3_0B7_
FNDA:0,_RNCNCNvNtCssWHy9lcY5i_13tanaka_server2db19init_db_with_config0s4_0B7_
FNDA:0,_RNCNCNvNtCssWHy9lcY5i_13tanaka_server2db19init_db_with_config0s5_0B7_
FNDA:0,_RNCNCNvNtCssWHy9lcY5i_13tanaka_server2db19init_db_with_config0s6_0B7_
FNDA:0,_RNCNCNvNtCssWHy9lcY5i_13tanaka_server2db19init_db_with_config0s7_0B7_
FNDA:0,_RNCNCNvNtCssWHy9lcY5i_13tanaka_server2db19init_db_with_config0s8_0B7_
FNDA:0,_RNCNCNvNtCssWHy9lcY5i_13tanaka_server2db19init_db_with_config0s9_0B7_
FNDA:0,_RNCNCNvNtCssWHy9lcY5i_13tanaka_server2db19init_db_with_config0s_0B7_
FNDA:0,_RNCNCNvNtCssWHy9lcY5i_13tanaka_server2db19init_db_with_config0sa_0B7_
FNDA:0,_RNCNCNvNtCssWHy9lcY5i_13tanaka_server2db19init_db_with_config0sb_0B7_
FNDA:0,_RNCNCNvNtCssWHy9lcY5i_13tanaka_server2db19init_db_with_config0sc_0B7_
FNDA:0,_RNCNCNvNtCssWHy9lcY5i_13tanaka_server2db19init_db_with_config0sd_0B7_
FNDA:0,_RNCNCNvNtCssWHy9lcY5i_13tanaka_server2db19init_db_with_config0se_0B7_
FNDA:0,_RNCNvNtCssWHy9lcY5i_13tanaka_server2db19init_db_with_config0B5_
FNDA:0,_RNCNCNvNtCshXODwtko46g_13tanaka_server2db19init_db_with_config00B7_
FNDA:0,_RNCNCNvNtCshXODwtko46g_13tanaka_server2db19init_db_with_config0s0_0B7_
FNDA:0,_RNCNCNvNtCshXODwtko46g_13tanaka_server2db19init_db_with_config0s1_0B7_
FNDA:0,_RNCNCNvNtCshXODwtko46g_13tanaka_server2db19init_db_with_config0s2_0B7_
FNDA:0,_RNCNCNvNtCshXODwtko46g_13tanaka_server2db19init_db_with_config0s3_0B7_
FNDA:0,_RNCNCNvNtCshXODwtko46g_13tanaka_server2db19init_db_with_config0s4_0B7_
FNDA:0,_RNCNCNvNtCshXODwtko46g_13tanaka_server2db19init_db_with_config0s5_0B7_
FNDA:0,_RNCNCNvNtCshXODwtko46g_13tanaka_server2db19init_db_with_config0s6_0B7_
FNDA:0,_RNCNCNvNtCshXODwtko46g_13tanaka_server2db19init_db_with_config0s7_0B7_
FNDA:0,_RNCNCNvNtCshXODwtko46g_13tanaka_server2db19init_db_with_config0s8_0B7_
FNDA:0,_RNCNCNvNtCshXODwtko46g_13tanaka_server2db19init_db_with_config0s9_0B7_
FNDA:0,_RNCNCNvNtCshXODwtko46g_13tanaka_server2db19init_db_with_config0s_0B7_
FNDA:0,_RNCNCNvNtCshXODwtko46g_13tanaka_server2db19init_db_with_config0sa_0B7_
FNDA:0,_RNCNCNvNtCshXODwtko46g_13tanaka_server2db19init_db_with_config0sb_0B7_
FNDA:0,_RNCNCNvNtCshXODwtko46g_13tanaka_server2db19init_db_with_config0sc_0B7_
FNDA:0,_RNCNCNvNtCshXODwtko46g_13tanaka_server2db19init_db_with_config0sd_0B7_
FNDA:0,_RNCNCNvNtCshXODwtko46g_13tanaka_server2db19init_db_with_config0se_0B7_
FNDA:0,_RNCNvNtCshXODwtko46g_13tanaka_server2db19init_db_with_config0B5_
FNDA:0,_RNvNtCshXODwtko46g_13tanaka_server2db19init_db_with_config
FNF:19
FNH:0
DA:42,0
DA:43,0
DA:44,0
DA:45,0
DA:46,0
DA:47,0
DA:49,0
DA:50,0
DA:51,0
DA:52,0
DA:53,0
DA:54,0
DA:55,0
DA:56,0
DA:57,0
DA:58,0
DA:59,0
DA:63,0
DA:64,0
DA:65,0
DA:66,0
DA:69,0
DA:70,0
DA:71,0
DA:72,0
DA:75,0
DA:76,0
DA:77,0
DA:78,0
DA:79,0
DA:80,0
DA:83,0
DA:84,0
DA:85,0
DA:86,0
DA:87,0
DA:90,0
DA:91,0
DA:92,0
DA:93,0
DA:95,0
DA:96,0
DA:97,0
DA:98,0
DA:100,0
DA:101,0
DA:102,0
DA:103,0
DA:105,0
DA:106,0
DA:107,0
DA:108,0
DA:109,0
DA:110,0
DA:112,0
DA:113,0
DA:114,0
DA:115,0
DA:116,0
DA:117,0
DA:122,0
DA:123,0
DA:124,0
DA:127,0
DA:128,0
DA:129,0
DA:134,0
DA:135,0
DA:136,0
DA:137,0
DA:139,0
DA:140,0
DA:141,0
DA:142,0
DA:144,0
DA:145,0
DA:146,0
DA:147,0
DA:148,0
DA:149,0
DA:151,0
DA:152,0
DA:153,0
DA:154,0
DA:157,0
DA:158,0
DA:159,0
DA:160,0
DA:161,0
DA:162,0
DA:164,0
DA:165,0
DA:166,0
DA:167,0
DA:168,0
DA:169,0
DA:172,0
DA:173,0
DA:174,0
DA:175,0
DA:176,0
DA:177,0
DA:179,0
DA:180,0
BRF:0
BRH:0
LF:129
LH:0
end_of_record
SF:/Users/manish/projects/tanaka/server/src/error.rs
FN:344,_RINvMs_NtCs1MTN94xiOhS_13tanaka_server5errorNtB5_8AppError12with_contextpEB7_
FN:12,_RINvXsa_NtCs1MTN94xiOhS_13tanaka_server5errorNtB6_9ErrorCodeNtCsgrh9ML4AhPT_5ts_rs2TS14visit_genericspEB8_
FN:12,_RINvXsa_NtCs1MTN94xiOhS_13tanaka_server5errorNtB6_9ErrorCodeNtCsgrh9ML4AhPT_5ts_rs2TS18visit_dependenciespEB8_
FN:355,_RINvXsf_NtCs1MTN94xiOhS_13tanaka_server5errorNtB6_13ErrorResponseNtCsgrh9ML4AhPT_5ts_rs2TS14visit_genericspEB8_
FN:355,_RINvXsf_NtCs1MTN94xiOhS_13tanaka_server5errorNtB6_13ErrorResponseNtCsgrh9ML4AhPT_5ts_rs2TS18visit_dependenciespEB8_
FN:367,_RINvXsh_NtCs1MTN94xiOhS_13tanaka_server5errorNtB6_11ErrorDetailNtCsgrh9ML4AhPT_5ts_rs2TS14visit_genericspEB8_
FN:367,_RINvXsh_NtCs1MTN94xiOhS_13tanaka_server5errorNtB6_11ErrorDetailNtCsgrh9ML4AhPT_5ts_rs2TS18visit_dependenciespEB8_
FN:384,_RINvXsj_NtCs1MTN94xiOhS_13tanaka_server5errorNtB6_9RetryInfoNtCsgrh9ML4AhPT_5ts_rs2TS14visit_genericspEB8_
FN:384,_RINvXsj_NtCs1MTN94xiOhS_13tanaka_server5errorNtB6_9RetryInfoNtCsgrh9ML4AhPT_5ts_rs2TS18visit_dependenciespEB8_
FN:58,_RNvMNtCs1MTN94xiOhS_13tanaka_server5errorNtB2_9ErrorCode11http_status
FN:178,_RNvMNtCs1MTN94xiOhS_13tanaka_server5errorNtB2_9ErrorCode12is_retryable
FN:103,_RNvMNtCs1MTN94xiOhS_13tanaka_server5errorNtB2_9ErrorCode15default_message
FN:249,_RNvMs_NtCs1MTN94xiOhS_13tanaka_server5errorNtB4_8AppError10error_code
FN:267,_RNvMs_NtCs1MTN94xiOhS_13tanaka_server5errorNtB4_8AppError11status_code
FN:282,_RNvMs_NtCs1MTN94xiOhS_13tanaka_server5errorNtB4_8AppError12is_retryable
FN:302,_RNvMs_NtCs1MTN94xiOhS_13tanaka_server5errorNtB4_8AppError18auth_token_missing
FN:398,_RNvXs0_NtCs1MTN94xiOhS_13tanaka_server5errorNtB5_8AppErrorNtNtNtCs74lylNrlMO2_9axum_core8response13into_response12IntoResponse13into_response
FN:465,_RNvXs1_NtCs1MTN94xiOhS_13tanaka_server5errorNtB5_8AppErrorINtNtCsfvfooZQ3Axs_4core7convert4FromNtNtCscpaIWIBTuPX_9sqlx_core5error5ErrorE4from
FN:471,_RNvXs2_NtCs1MTN94xiOhS_13tanaka_server5errorNtB5_8AppErrorINtNtCsfvfooZQ3Axs_4core7convert4FromNtNtCs1XS2XOJJs61_10serde_json5error5ErrorE4from
FN:480,_RNvXs3_NtCs1MTN94xiOhS_13tanaka_server5errorNtB5_8AppErrorINtNtCsfvfooZQ3Axs_4core7convert4FromNtNtNtCscOYdFFY2T5N_3std2io5error5ErrorE4from
FN:12,_RNvXsa_NtCs1MTN94xiOhS_13tanaka_server5errorNtB5_9ErrorCodeNtCsgrh9ML4AhPT_5ts_rs2TS11output_path
FN:12,_RNvXsa_NtCs1MTN94xiOhS_13tanaka_server5errorNtB5_9ErrorCodeNtCsgrh9ML4AhPT_5ts_rs2TS13decl_concrete
FN:12,_RNvXsa_NtCs1MTN94xiOhS_13tanaka_server5errorNtB5_9ErrorCodeNtCsgrh9ML4AhPT_5ts_rs2TS16inline_flattened
FN:12,_RNvXsa_NtCs1MTN94xiOhS_13tanaka_server5errorNtB5_9ErrorCodeNtCsgrh9ML4AhPT_5ts_rs2TS4decl
FN:12,_RNvXsa_NtCs1MTN94xiOhS_13tanaka_server5errorNtB5_9ErrorCodeNtCsgrh9ML4AhPT_5ts_rs2TS4name
FN:12,_RNvXsa_NtCs1MTN94xiOhS_13tanaka_server5errorNtB5_9ErrorCodeNtCsgrh9ML4AhPT_5ts_rs2TS5ident
FN:12,_RNvXsa_NtCs1MTN94xiOhS_13tanaka_server5errorNtB5_9ErrorCodeNtCsgrh9ML4AhPT_5ts_rs2TS6inline
FN:355,_RNvXsf_NtCs1MTN94xiOhS_13tanaka_server5errorNtB5_13ErrorResponseNtCsgrh9ML4AhPT_5ts_rs2TS11output_path
FN:355,_RNvXsf_NtCs1MTN94xiOhS_13tanaka_server5errorNtB5_13ErrorResponseNtCsgrh9ML4AhPT_5ts_rs2TS13decl_concrete
FN:355,_RNvXsf_NtCs1MTN94xiOhS_13tanaka_server5errorNtB5_13ErrorResponseNtCsgrh9ML4AhPT_5ts_rs2TS16inline_flattened
FN:355,_RNvXsf_NtCs1MTN94xiOhS_13tanaka_server5errorNtB5_13ErrorResponseNtCsgrh9ML4AhPT_5ts_rs2TS4decl
FN:355,_RNvXsf_NtCs1MTN94xiOhS_13tanaka_server5errorNtB5_13ErrorResponseNtCsgrh9ML4AhPT_5ts_rs2TS4name
FN:355,_RNvXsf_NtCs1MTN94xiOhS_13tanaka_server5errorNtB5_13ErrorResponseNtCsgrh9ML4AhPT_5ts_rs2TS5ident
FN:355,_RNvXsf_NtCs1MTN94xiOhS_13tanaka_server5errorNtB5_13ErrorResponseNtCsgrh9ML4AhPT_5ts_rs2TS6inline
FN:367,_RNvXsh_NtCs1MTN94xiOhS_13tanaka_server5errorNtB5_11ErrorDetailNtCsgrh9ML4AhPT_5ts_rs2TS11output_path
FN:367,_RNvXsh_NtCs1MTN94xiOhS_13tanaka_server5errorNtB5_11ErrorDetailNtCsgrh9ML4AhPT_5ts_rs2TS13decl_concrete
FN:367,_RNvXsh_NtCs1MTN94xiOhS_13tanaka_server5errorNtB5_11ErrorDetailNtCsgrh9ML4AhPT_5ts_rs2TS16inline_flattened
FN:367,_RNvXsh_NtCs1MTN94xiOhS_13tanaka_server5errorNtB5_11ErrorDetailNtCsgrh9ML4AhPT_5ts_rs2TS4decl
FN:367,_RNvXsh_NtCs1MTN94xiOhS_13tanaka_server5errorNtB5_11ErrorDetailNtCsgrh9ML4AhPT_5ts_rs2TS4name
FN:367,_RNvXsh_NtCs1MTN94xiOhS_13tanaka_server5errorNtB5_11ErrorDetailNtCsgrh9ML4AhPT_5ts_rs2TS5ident
FN:367,_RNvXsh_NtCs1MTN94xiOhS_13tanaka_server5errorNtB5_11ErrorDetailNtCsgrh9ML4AhPT_5ts_rs2TS6inline
FN:384,_RNvXsj_NtCs1MTN94xiOhS_13tanaka_server5errorNtB5_9RetryInfoNtCsgrh9ML4AhPT_5ts_rs2TS11output_path
FN:384,_RNvXsj_NtCs1MTN94xiOhS_13tanaka_server5errorNtB5_9RetryInfoNtCsgrh9ML4AhPT_5ts_rs2TS13decl_concrete
FN:384,_RNvXsj_NtCs1MTN94xiOhS_13tanaka_server5errorNtB5_9RetryInfoNtCsgrh9ML4AhPT_5ts_rs2TS16inline_flattened
FN:384,_RNvXsj_NtCs1MTN94xiOhS_13tanaka_server5errorNtB5_9RetryInfoNtCsgrh9ML4AhPT_5ts_rs2TS4decl
FN:384,_RNvXsj_NtCs1MTN94xiOhS_13tanaka_server5errorNtB5_9RetryInfoNtCsgrh9ML4AhPT_5ts_rs2TS4name
FN:384,_RNvXsj_NtCs1MTN94xiOhS_13tanaka_server5errorNtB5_9RetryInfoNtCsgrh9ML4AhPT_5ts_rs2TS5ident
FN:384,_RNvXsj_NtCs1MTN94xiOhS_13tanaka_server5errorNtB5_9RetryInfoNtCsgrh9ML4AhPT_5ts_rs2TS6inline
FN:319,_RINvMs_NtCs1MTN94xiOhS_13tanaka_server5errorNtB5_8AppError10validationNtNtCse1nGBsou5OW_5alloc6string6StringReEB7_
FN:319,_RINvMs_NtCs1MTN94xiOhS_13tanaka_server5errorNtB5_8AppError10validationReB16_EB7_
FN:310,_RINvMs_NtCs1MTN94xiOhS_13tanaka_server5errorNtB5_8AppError18auth_token_invalidReEB7_
FN:326,_RINvMs_NtCs1MTN94xiOhS_13tanaka_server5errorNtB5_8AppError8databaseReEB7_
FN:335,_RINvMs_NtCs1MTN94xiOhS_13tanaka_server5errorNtB5_8AppError8internalNtNtCse1nGBsou5OW_5alloc6string6StringEB7_
FN:326,_RINvMs_NtCs1MTN94xiOhS_13tanaka_server5errorNtB5_8AppError8databaseNtNtCse1nGBsou5OW_5alloc6string6StringECse5ZhbSQwC0Y_16sync_integration
FN:326,_RINvMs_NtCs1MTN94xiOhS_13tanaka_server5errorNtB5_8AppError8databaseNtNtCse1nGBsou5OW_5alloc6string6StringECssWHy9lcY5i_13tanaka_server
FN:326,_RINvMs_NtCs1MTN94xiOhS_13tanaka_server5errorNtB5_8AppError8databaseNtNtCse1nGBsou5OW_5alloc6string6StringECshXODwtko46g_13tanaka_server
FN:344,_RINvMs_NtCs49cC0xe9Fgi_13tanaka_server5errorNtB5_8AppError12with_contextpEB7_
FN:12,_RINvXsa_NtCs49cC0xe9Fgi_13tanaka_server5errorNtB6_9ErrorCodeNtCsgrh9ML4AhPT_5ts_rs2TS14visit_genericspEB8_
FN:12,_RINvXsa_NtCs49cC0xe9Fgi_13tanaka_server5errorNtB6_9ErrorCodeNtCsgrh9ML4AhPT_5ts_rs2TS18visit_dependenciespEB8_
FN:355,_RINvXsf_NtCs49cC0xe9Fgi_13tanaka_server5errorNtB6_13ErrorResponseNtCsgrh9ML4AhPT_5ts_rs2TS14visit_genericspEB8_
FN:355,_RINvXsf_NtCs49cC0xe9Fgi_13tanaka_server5errorNtB6_13ErrorResponseNtCsgrh9ML4AhPT_5ts_rs2TS18visit_dependenciespEB8_
FN:367,_RINvXsh_NtCs49cC0xe9Fgi_13tanaka_server5errorNtB6_11ErrorDetailNtCsgrh9ML4AhPT_5ts_rs2TS14visit_genericspEB8_
FN:367,_RINvXsh_NtCs49cC0xe9Fgi_13tanaka_server5errorNtB6_11ErrorDetailNtCsgrh9ML4AhPT_5ts_rs2TS18visit_dependenciespEB8_
FN:384,_RINvXsj_NtCs49cC0xe9Fgi_13tanaka_server5errorNtB6_9RetryInfoNtCsgrh9ML4AhPT_5ts_rs2TS14visit_genericspEB8_
FN:384,_RINvXsj_NtCs49cC0xe9Fgi_13tanaka_server5errorNtB6_9RetryInfoNtCsgrh9ML4AhPT_5ts_rs2TS18visit_dependenciespEB8_
FN:103,_RNvMNtCs49cC0xe9Fgi_13tanaka_server5errorNtB2_9ErrorCode15default_message
FN:249,_RNvMs_NtCs49cC0xe9Fgi_13tanaka_server5errorNtB4_8AppError10error_code
FN:398,_RNvXs0_NtCs49cC0xe9Fgi_13tanaka_server5errorNtB5_8AppErrorNtNtNtCs74lylNrlMO2_9axum_core8response13into_response12IntoResponse13into_response
FN:465,_RNvXs1_NtCs49cC0xe9Fgi_13tanaka_server5errorNtB5_8AppErrorINtNtCsfvfooZQ3Axs_4core7convert4FromNtNtCscpaIWIBTuPX_9sqlx_core5error5ErrorE4from
FN:471,_RNvXs2_NtCs49cC0xe9Fgi_13tanaka_server5errorNtB5_8AppErrorINtNtCsfvfooZQ3Axs_4core7convert4FromNtNtCs1XS2XOJJs61_10serde_json5error5ErrorE4from
FN:480,_RNvXs3_NtCs49cC0xe9Fgi_13tanaka_server5errorNtB5_8AppErrorINtNtCsfvfooZQ3Axs_4core7convert4FromNtNtNtCscOYdFFY2T5N_3std2io5error5ErrorE4from
FN:12,_RNvXsa_NtCs49cC0xe9Fgi_13tanaka_server5errorNtB5_9ErrorCodeNtCsgrh9ML4AhPT_5ts_rs2TS11output_path
FN:12,_RNvXsa_NtCs49cC0xe9Fgi_13tanaka_server5errorNtB5_9ErrorCodeNtCsgrh9ML4AhPT_5ts_rs2TS13decl_concrete
FN:12,_RNvXsa_NtCs49cC0xe9Fgi_13tanaka_server5errorNtB5_9ErrorCodeNtCsgrh9ML4AhPT_5ts_rs2TS16inline_flattened
FN:12,_RNvXsa_NtCs49cC0xe9Fgi_13tanaka_server5errorNtB5_9ErrorCodeNtCsgrh9ML4AhPT_5ts_rs2TS4decl
FN:12,_RNvXsa_NtCs49cC0xe9Fgi_13tanaka_server5errorNtB5_9ErrorCodeNtCsgrh9ML4AhPT_5ts_rs2TS4name
FN:12,_RNvXsa_NtCs49cC0xe9Fgi_13tanaka_server5errorNtB5_9ErrorCodeNtCsgrh9ML4AhPT_5ts_rs2TS5ident
FN:12,_RNvXsa_NtCs49cC0xe9Fgi_13tanaka_server5errorNtB5_9ErrorCodeNtCsgrh9ML4AhPT_5ts_rs2TS6inline
FN:355,_RNvXsf_NtCs49cC0xe9Fgi_13tanaka_server5errorNtB5_13ErrorResponseNtCsgrh9ML4AhPT_5ts_rs2TS11output_path
FN:355,_RNvXsf_NtCs49cC0xe9Fgi_13tanaka_server5errorNtB5_13ErrorResponseNtCsgrh9ML4AhPT_5ts_rs2TS13decl_concrete
FN:355,_RNvXsf_NtCs49cC0xe9Fgi_13tanaka_server5errorNtB5_13ErrorResponseNtCsgrh9ML4AhPT_5ts_rs2TS16inline_flattened
FN:355,_RNvXsf_NtCs49cC0xe9Fgi_13tanaka_server5errorNtB5_13ErrorResponseNtCsgrh9ML4AhPT_5ts_rs2TS4decl
FN:355,_RNvXsf_NtCs49cC0xe9Fgi_13tanaka_server5errorNtB5_13ErrorResponseNtCsgrh9ML4AhPT_5ts_rs2TS4name
FN:355,_RNvXsf_NtCs49cC0xe9Fgi_13tanaka_server5errorNtB5_13ErrorResponseNtCsgrh9ML4AhPT_5ts_rs2TS5ident
FN:355,_RNvXsf_NtCs49cC0xe9Fgi_13tanaka_server5errorNtB5_13ErrorResponseNtCsgrh9ML4AhPT_5ts_rs2TS6inline
FN:367,_RNvXsh_NtCs49cC0xe9Fgi_13tanaka_server5errorNtB5_11ErrorDetailNtCsgrh9ML4AhPT_5ts_rs2TS11output_path
FN:367,_RNvXsh_NtCs49cC0xe9Fgi_13tanaka_server5errorNtB5_11ErrorDetailNtCsgrh9ML4AhPT_5ts_rs2TS13decl_concrete
FN:367,_RNvXsh_NtCs49cC0xe9Fgi_13tanaka_server5errorNtB5_11ErrorDetailNtCsgrh9ML4AhPT_5ts_rs2TS16inline_flattened
FN:367,_RNvXsh_NtCs49cC0xe9Fgi_13tanaka_server5errorNtB5_11ErrorDetailNtCsgrh9ML4AhPT_5ts_rs2TS4decl
FN:367,_RNvXsh_NtCs49cC0xe9Fgi_13tanaka_server5errorNtB5_11ErrorDetailNtCsgrh9ML4AhPT_5ts_rs2TS4name
FN:367,_RNvXsh_NtCs49cC0xe9Fgi_13tanaka_server5errorNtB5_11ErrorDetailNtCsgrh9ML4AhPT_5ts_rs2TS5ident
FN:367,_RNvXsh_NtCs49cC0xe9Fgi_13tanaka_server5errorNtB5_11ErrorDetailNtCsgrh9ML4AhPT_5ts_rs2TS6inline
FN:384,_RNvXsj_NtCs49cC0xe9Fgi_13tanaka_server5errorNtB5_9RetryInfoNtCsgrh9ML4AhPT_5ts_rs2TS11output_path
FN:384,_RNvXsj_NtCs49cC0xe9Fgi_13tanaka_server5errorNtB5_9RetryInfoNtCsgrh9ML4AhPT_5ts_rs2TS13decl_concrete
FN:384,_RNvXsj_NtCs49cC0xe9Fgi_13tanaka_server5errorNtB5_9RetryInfoNtCsgrh9ML4AhPT_5ts_rs2TS16inline_flattened
FN:384,_RNvXsj_NtCs49cC0xe9Fgi_13tanaka_server5errorNtB5_9RetryInfoNtCsgrh9ML4AhPT_5ts_rs2TS4decl
FN:384,_RNvXsj_NtCs49cC0xe9Fgi_13tanaka_server5errorNtB5_9RetryInfoNtCsgrh9ML4AhPT_5ts_rs2TS4name
FN:384,_RNvXsj_NtCs49cC0xe9Fgi_13tanaka_server5errorNtB5_9RetryInfoNtCsgrh9ML4AhPT_5ts_rs2TS5ident
FN:384,_RNvXsj_NtCs49cC0xe9Fgi_13tanaka_server5errorNtB5_9RetryInfoNtCsgrh9ML4AhPT_5ts_rs2TS6inline
FN:58,_RNvMNtCs49cC0xe9Fgi_13tanaka_server5errorNtB2_9ErrorCode11http_status
FN:178,_RNvMNtCs49cC0xe9Fgi_13tanaka_server5errorNtB2_9ErrorCode12is_retryable
FN:267,_RNvMs_NtCs49cC0xe9Fgi_13tanaka_server5errorNtB4_8AppError11status_code
FN:282,_RNvMs_NtCs49cC0xe9Fgi_13tanaka_server5errorNtB4_8AppError12is_retryable
FN:302,_RNvMs_NtCs49cC0xe9Fgi_13tanaka_server5errorNtB4_8AppError18auth_token_missing
FN:526,_RNvNtNtCs49cC0xe9Fgi_13tanaka_server5error5testss_21test_retryable_errors
FN:512,_RNvNtNtCs49cC0xe9Fgi_13tanaka_server5error5testss_27test_app_error_status_codes
FN:496,_RNvNtNtCs49cC0xe9Fgi_13tanaka_server5error5testss_34test_error_codes_have_valid_status
FN:319,_RINvMs_NtCs49cC0xe9Fgi_13tanaka_server5errorNtB5_8AppError10validationNtNtCse1nGBsou5OW_5alloc6string6StringReEB7_
FN:319,_RINvMs_NtCs49cC0xe9Fgi_13tanaka_server5errorNtB5_8AppError10validationReB16_EB7_
FN:310,_RINvMs_NtCs49cC0xe9Fgi_13tanaka_server5errorNtB5_8AppError18auth_token_invalidReEB7_
FN:326,_RINvMs_NtCs49cC0xe9Fgi_13tanaka_server5errorNtB5_8AppError8databaseReEB7_
FN:335,_RINvMs_NtCs49cC0xe9Fgi_13tanaka_server5errorNtB5_8AppError8internalNtNtCse1nGBsou5OW_5alloc6string6StringEB7_
FN:335,_RINvMs_NtCs49cC0xe9Fgi_13tanaka_server5errorNtB5_8AppError8internalReEB7_
FNDA:0,_RINvMs_NtCs1MTN94xiOhS_13tanaka_server5errorNtB5_8AppError12with_contextpEB7_
FNDA:0,_RINvXsa_NtCs1MTN94xiOhS_13tanaka_server5errorNtB6_9ErrorCodeNtCsgrh9ML4AhPT_5ts_rs2TS14visit_genericspEB8_
FNDA:0,_RINvXsa_NtCs1MTN94xiOhS_13tanaka_server5errorNtB6_9ErrorCodeNtCsgrh9ML4AhPT_5ts_rs2TS18visit_dependenciespEB8_
FNDA:0,_RINvXsf_NtCs1MTN94xiOhS_13tanaka_server5errorNtB6_13ErrorResponseNtCsgrh9ML4AhPT_5ts_rs2TS14visit_genericspEB8_
FNDA:0,_RINvXsf_NtCs1MTN94xiOhS_13tanaka_server5errorNtB6_13ErrorResponseNtCsgrh9ML4AhPT_5ts_rs2TS18visit_dependenciespEB8_
FNDA:0,_RINvXsh_NtCs1MTN94xiOhS_13tanaka_server5errorNtB6_11ErrorDetailNtCsgrh9ML4AhPT_5ts_rs2TS14visit_genericspEB8_
FNDA:0,_RINvXsh_NtCs1MTN94xiOhS_13tanaka_server5errorNtB6_11ErrorDetailNtCsgrh9ML4AhPT_5ts_rs2TS18visit_dependenciespEB8_
FNDA:0,_RINvXsj_NtCs1MTN94xiOhS_13tanaka_server5errorNtB6_9RetryInfoNtCsgrh9ML4AhPT_5ts_rs2TS14visit_genericspEB8_
FNDA:0,_RINvXsj_NtCs1MTN94xiOhS_13tanaka_server5errorNtB6_9RetryInfoNtCsgrh9ML4AhPT_5ts_rs2TS18visit_dependenciespEB8_
FNDA:12,_RNvMNtCs1MTN94xiOhS_13tanaka_server5errorNtB2_9ErrorCode11http_status
FNDA:12,_RNvMNtCs1MTN94xiOhS_13tanaka_server5errorNtB2_9ErrorCode12is_retryable
FNDA:0,_RNvMNtCs1MTN94xiOhS_13tanaka_server5errorNtB2_9ErrorCode15default_message
FNDA:18,_RNvMs_NtCs1MTN94xiOhS_13tanaka_server5errorNtB4_8AppError10error_code
FNDA:18,_RNvMs_NtCs1MTN94xiOhS_13tanaka_server5errorNtB4_8AppError11status_code
FNDA:18,_RNvMs_NtCs1MTN94xiOhS_13tanaka_server5errorNtB4_8AppError12is_retryable
FNDA:5,_RNvMs_NtCs1MTN94xiOhS_13tanaka_server5errorNtB4_8AppError18auth_token_missing
FNDA:18,_RNvXs0_NtCs1MTN94xiOhS_13tanaka_server5errorNtB5_8AppErrorNtNtNtCs74lylNrlMO2_9axum_core8response13into_response12IntoResponse13into_response
FNDA:0,_RNvXs1_NtCs1MTN94xiOhS_13tanaka_server5errorNtB5_8AppErrorINtNtCsfvfooZQ3Axs_4core7convert4FromNtNtCscpaIWIBTuPX_9sqlx_core5error5ErrorE4from
FNDA:0,_RNvXs2_NtCs1MTN94xiOhS_13tanaka_server5errorNtB5_8AppErrorINtNtCsfvfooZQ3Axs_4core7convert4FromNtNtCs1XS2XOJJs61_10serde_json5error5ErrorE4from
FNDA:0,_RNvXs3_NtCs1MTN94xiOhS_13tanaka_server5errorNtB5_8AppErrorINtNtCsfvfooZQ3Axs_4core7convert4FromNtNtNtCscOYdFFY2T5N_3std2io5error5ErrorE4from
FNDA:0,_RNvXsa_NtCs1MTN94xiOhS_13tanaka_server5errorNtB5_9ErrorCodeNtCsgrh9ML4AhPT_5ts_rs2TS11output_path
FNDA:0,_RNvXsa_NtCs1MTN94xiOhS_13tanaka_server5errorNtB5_9ErrorCodeNtCsgrh9ML4AhPT_5ts_rs2TS13decl_concrete
FNDA:0,_RNvXsa_NtCs1MTN94xiOhS_13tanaka_server5errorNtB5_9ErrorCodeNtCsgrh9ML4AhPT_5ts_rs2TS16inline_flattened
FNDA:0,_RNvXsa_NtCs1MTN94xiOhS_13tanaka_server5errorNtB5_9ErrorCodeNtCsgrh9ML4AhPT_5ts_rs2TS4decl
FNDA:0,_RNvXsa_NtCs1MTN94xiOhS_13tanaka_server5errorNtB5_9ErrorCodeNtCsgrh9ML4AhPT_5ts_rs2TS4name
FNDA:0,_RNvXsa_NtCs1MTN94xiOhS_13tanaka_server5errorNtB5_9ErrorCodeNtCsgrh9ML4AhPT_5ts_rs2TS5ident
FNDA:0,_RNvXsa_NtCs1MTN94xiOhS_13tanaka_server5errorNtB5_9ErrorCodeNtCsgrh9ML4AhPT_5ts_rs2TS6inline
FNDA:0,_RNvXsf_NtCs1MTN94xiOhS_13tanaka_server5errorNtB5_13ErrorResponseNtCsgrh9ML4AhPT_5ts_rs2TS11output_path
FNDA:0,_RNvXsf_NtCs1MTN94xiOhS_13tanaka_server5errorNtB5_13ErrorResponseNtCsgrh9ML4AhPT_5ts_rs2TS13decl_concrete
FNDA:0,_RNvXsf_NtCs1MTN94xiOhS_13tanaka_server5errorNtB5_13ErrorResponseNtCsgrh9ML4AhPT_5ts_rs2TS16inline_flattened
FNDA:0,_RNvXsf_NtCs1MTN94xiOhS_13tanaka_server5errorNtB5_13ErrorResponseNtCsgrh9ML4AhPT_5ts_rs2TS4decl
FNDA:0,_RNvXsf_NtCs1MTN94xiOhS_13tanaka_server5errorNtB5_13ErrorResponseNtCsgrh9ML4AhPT_5ts_rs2TS4name
FNDA:0,_RNvXsf_NtCs1MTN94xiOhS_13tanaka_server5errorNtB5_13ErrorResponseNtCsgrh9ML4AhPT_5ts_rs2TS5ident
FNDA:0,_RNvXsf_NtCs1MTN94xiOhS_13tanaka_server5errorNtB5_13ErrorResponseNtCsgrh9ML4AhPT_5ts_rs2TS6inline
FNDA:0,_RNvXsh_NtCs1MTN94xiOhS_13tanaka_server5errorNtB5_11ErrorDetailNtCsgrh9ML4AhPT_5ts_rs2TS11output_path
FNDA:0,_RNvXsh_NtCs1MTN94xiOhS_13tanaka_server5errorNtB5_11ErrorDetailNtCsgrh9ML4AhPT_5ts_rs2TS13decl_concrete
FNDA:0,_RNvXsh_NtCs1MTN94xiOhS_13tanaka_server5errorNtB5_11ErrorDetailNtCsgrh9ML4AhPT_5ts_rs2TS16inline_flattened
FNDA:0,_RNvXsh_NtCs1MTN94xiOhS_13tanaka_server5errorNtB5_11ErrorDetailNtCsgrh9ML4AhPT_5ts_rs2TS4decl
FNDA:0,_RNvXsh_NtCs1MTN94xiOhS_13tanaka_server5errorNtB5_11ErrorDetailNtCsgrh9ML4AhPT_5ts_rs2TS4name
FNDA:0,_RNvXsh_NtCs1MTN94xiOhS_13tanaka_server5errorNtB5_11ErrorDetailNtCsgrh9ML4AhPT_5ts_rs2TS5ident
FNDA:0,_RNvXsh_NtCs1MTN94xiOhS_13tanaka_server5errorNtB5_11ErrorDetailNtCsgrh9ML4AhPT_5ts_rs2TS6inline
FNDA:0,_RNvXsj_NtCs1MTN94xiOhS_13tanaka_server5errorNtB5_9RetryInfoNtCsgrh9ML4AhPT_5ts_rs2TS11output_path
FNDA:0,_RNvXsj_NtCs1MTN94xiOhS_13tanaka_server5errorNtB5_9RetryInfoNtCsgrh9ML4AhPT_5ts_rs2TS13decl_concrete
FNDA:0,_RNvXsj_NtCs1MTN94xiOhS_13tanaka_server5errorNtB5_9RetryInfoNtCsgrh9ML4AhPT_5ts_rs2TS16inline_flattened
FNDA:0,_RNvXsj_NtCs1MTN94xiOhS_13tanaka_server5errorNtB5_9RetryInfoNtCsgrh9ML4AhPT_5ts_rs2TS4decl
FNDA:0,_RNvXsj_NtCs1MTN94xiOhS_13tanaka_server5errorNtB5_9RetryInfoNtCsgrh9ML4AhPT_5ts_rs2TS4name
FNDA:0,_RNvXsj_NtCs1MTN94xiOhS_13tanaka_server5errorNtB5_9RetryInfoNtCsgrh9ML4AhPT_5ts_rs2TS5ident
FNDA:0,_RNvXsj_NtCs1MTN94xiOhS_13tanaka_server5errorNtB5_9RetryInfoNtCsgrh9ML4AhPT_5ts_rs2TS6inline
FNDA:2,_RINvMs_NtCs1MTN94xiOhS_13tanaka_server5errorNtB5_8AppError10validationNtNtCse1nGBsou5OW_5alloc6string6StringReEB7_
FNDA:4,_RINvMs_NtCs1MTN94xiOhS_13tanaka_server5errorNtB5_8AppError10validationReB16_EB7_
FNDA:7,_RINvMs_NtCs1MTN94xiOhS_13tanaka_server5errorNtB5_8AppError18auth_token_invalidReEB7_
FNDA:0,_RINvMs_NtCs1MTN94xiOhS_13tanaka_server5errorNtB5_8AppError8databaseReEB7_
FNDA:0,_RINvMs_NtCs1MTN94xiOhS_13tanaka_server5errorNtB5_8AppError8internalNtNtCse1nGBsou5OW_5alloc6string6StringEB7_
FNDA:0,_RINvMs_NtCs1MTN94xiOhS_13tanaka_server5errorNtB5_8AppError8databaseNtNtCse1nGBsou5OW_5alloc6string6StringECse5ZhbSQwC0Y_16sync_integration
FNDA:0,_RINvMs_NtCs1MTN94xiOhS_13tanaka_server5errorNtB5_8AppError8databaseNtNtCse1nGBsou5OW_5alloc6string6StringECssWHy9lcY5i_13tanaka_server
FNDA:0,_RINvMs_NtCs1MTN94xiOhS_13tanaka_server5errorNtB5_8AppError8databaseNtNtCse1nGBsou5OW_5alloc6string6StringECshXODwtko46g_13tanaka_server
FNDA:0,_RINvMs_NtCs49cC0xe9Fgi_13tanaka_server5errorNtB5_8AppError12with_contextpEB7_
FNDA:0,_RINvXsa_NtCs49cC0xe9Fgi_13tanaka_server5errorNtB6_9ErrorCodeNtCsgrh9ML4AhPT_5ts_rs2TS14visit_genericspEB8_
FNDA:0,_RINvXsa_NtCs49cC0xe9Fgi_13tanaka_server5errorNtB6_9ErrorCodeNtCsgrh9ML4AhPT_5ts_rs2TS18visit_dependenciespEB8_
FNDA:0,_RINvXsf_NtCs49cC0xe9Fgi_13tanaka_server5errorNtB6_13ErrorResponseNtCsgrh9ML4AhPT_5ts_rs2TS14visit_genericspEB8_
FNDA:0,_RINvXsf_NtCs49cC0xe9Fgi_13tanaka_server5errorNtB6_13ErrorResponseNtCsgrh9ML4AhPT_5ts_rs2TS18visit_dependenciespEB8_
FNDA:0,_RINvXsh_NtCs49cC0xe9Fgi_13tanaka_server5errorNtB6_11ErrorDetailNtCsgrh9ML4AhPT_5ts_rs2TS14visit_genericspEB8_
FNDA:0,_RINvXsh_NtCs49cC0xe9Fgi_13tanaka_server5errorNtB6_11ErrorDetailNtCsgrh9ML4AhPT_5ts_rs2TS18visit_dependenciespEB8_
FNDA:0,_RINvXsj_NtCs49cC0xe9Fgi_13tanaka_server5errorNtB6_9RetryInfoNtCsgrh9ML4AhPT_5ts_rs2TS14visit_genericspEB8_
FNDA:0,_RINvXsj_NtCs49cC0xe9Fgi_13tanaka_server5errorNtB6_9RetryInfoNtCsgrh9ML4AhPT_5ts_rs2TS18visit_dependenciespEB8_
FNDA:0,_RNvMNtCs49cC0xe9Fgi_13tanaka_server5errorNtB2_9ErrorCode15default_message
FNDA:0,_RNvMs_NtCs49cC0xe9Fgi_13tanaka_server5errorNtB4_8AppError10error_code
FNDA:0,_RNvXs0_NtCs49cC0xe9Fgi_13tanaka_server5errorNtB5_8AppErrorNtNtNtCs74lylNrlMO2_9axum_core8response13into_response12IntoResponse13into_response
FNDA:0,_RNvXs1_NtCs49cC0xe9Fgi_13tanaka_server5errorNtB5_8AppErrorINtNtCsfvfooZQ3Axs_4core7convert4FromNtNtCscpaIWIBTuPX_9sqlx_core5error5ErrorE4from
FNDA:0,_RNvXs2_NtCs49cC0xe9Fgi_13tanaka_server5errorNtB5_8AppErrorINtNtCsfvfooZQ3Axs_4core7convert4FromNtNtCs1XS2XOJJs61_10serde_json5error5ErrorE4from
FNDA:0,_RNvXs3_NtCs49cC0xe9Fgi_13tanaka_server5errorNtB5_8AppErrorINtNtCsfvfooZQ3Axs_4core7convert4FromNtNtNtCscOYdFFY2T5N_3std2io5error5ErrorE4from
FNDA:0,_RNvXsa_NtCs49cC0xe9Fgi_13tanaka_server5errorNtB5_9ErrorCodeNtCsgrh9ML4AhPT_5ts_rs2TS11output_path
FNDA:0,_RNvXsa_NtCs49cC0xe9Fgi_13tanaka_server5errorNtB5_9ErrorCodeNtCsgrh9ML4AhPT_5ts_rs2TS13decl_concrete
FNDA:0,_RNvXsa_NtCs49cC0xe9Fgi_13tanaka_server5errorNtB5_9ErrorCodeNtCsgrh9ML4AhPT_5ts_rs2TS16inline_flattened
FNDA:0,_RNvXsa_NtCs49cC0xe9Fgi_13tanaka_server5errorNtB5_9ErrorCodeNtCsgrh9ML4AhPT_5ts_rs2TS4decl
FNDA:0,_RNvXsa_NtCs49cC0xe9Fgi_13tanaka_server5errorNtB5_9ErrorCodeNtCsgrh9ML4AhPT_5ts_rs2TS4name
FNDA:0,_RNvXsa_NtCs49cC0xe9Fgi_13tanaka_server5errorNtB5_9ErrorCodeNtCsgrh9ML4AhPT_5ts_rs2TS5ident
FNDA:0,_RNvXsa_NtCs49cC0xe9Fgi_13tanaka_server5errorNtB5_9ErrorCodeNtCsgrh9ML4AhPT_5ts_rs2TS6inline
FNDA:0,_RNvXsf_NtCs49cC0xe9Fgi_13tanaka_server5errorNtB5_13ErrorResponseNtCsgrh9ML4AhPT_5ts_rs2TS11output_path
FNDA:0,_RNvXsf_NtCs49cC0xe9Fgi_13tanaka_server5errorNtB5_13ErrorResponseNtCsgrh9ML4AhPT_5ts_rs2TS13decl_concrete
FNDA:0,_RNvXsf_NtCs49cC0xe9Fgi_13tanaka_server5errorNtB5_13ErrorResponseNtCsgrh9ML4AhPT_5ts_rs2TS16inline_flattened
FNDA:0,_RNvXsf_NtCs49cC0xe9Fgi_13tanaka_server5errorNtB5_13ErrorResponseNtCsgrh9ML4AhPT_5ts_rs2TS4decl
FNDA:0,_RNvXsf_NtCs49cC0xe9Fgi_13tanaka_server5errorNtB5_13ErrorResponseNtCsgrh9ML4AhPT_5ts_rs2TS4name
FNDA:0,_RNvXsf_NtCs49cC0xe9Fgi_13tanaka_server5errorNtB5_13ErrorResponseNtCsgrh9ML4AhPT_5ts_rs2TS5ident
FNDA:0,_RNvXsf_NtCs49cC0xe9Fgi_13tanaka_server5errorNtB5_13ErrorResponseNtCsgrh9ML4AhPT_5ts_rs2TS6inline
FNDA:0,_RNvXsh_NtCs49cC0xe9Fgi_13tanaka_server5errorNtB5_11ErrorDetailNtCsgrh9ML4AhPT_5ts_rs2TS11output_path
FNDA:0,_RNvXsh_NtCs49cC0xe9Fgi_13tanaka_server5errorNtB5_11ErrorDetailNtCsgrh9ML4AhPT_5ts_rs2TS13decl_concrete
FNDA:0,_RNvXsh_NtCs49cC0xe9Fgi_13tanaka_server5errorNtB5_11ErrorDetailNtCsgrh9ML4AhPT_5ts_rs2TS16inline_flattened
FNDA:0,_RNvXsh_NtCs49cC0xe9Fgi_13tanaka_server5errorNtB5_11ErrorDetailNtCsgrh9ML4AhPT_5ts_rs2TS4decl
FNDA:0,_RNvXsh_NtCs49cC0xe9Fgi_13tanaka_server5errorNtB5_11ErrorDetailNtCsgrh9ML4AhPT_5ts_rs2TS4name
FNDA:0,_RNvXsh_NtCs49cC0xe9Fgi_13tanaka_server5errorNtB5_11ErrorDetailNtCsgrh9ML4AhPT_5ts_rs2TS5ident
FNDA:0,_RNvXsh_NtCs49cC0xe9Fgi_13tanaka_server5errorNtB5_11ErrorDetailNtCsgrh9ML4AhPT_5ts_rs2TS6inline
FNDA:0,_RNvXsj_NtCs49cC0xe9Fgi_13tanaka_server5errorNtB5_9RetryInfoNtCsgrh9ML4AhPT_5ts_rs2TS11output_path
FNDA:0,_RNvXsj_NtCs49cC0xe9Fgi_13tanaka_server5errorNtB5_9RetryInfoNtCsgrh9ML4AhPT_5ts_rs2TS13decl_concrete
FNDA:0,_RNvXsj_NtCs49cC0xe9Fgi_13tanaka_server5errorNtB5_9RetryInfoNtCsgrh9ML4AhPT_5ts_rs2TS16inline_flattened
FNDA:0,_RNvXsj_NtCs49cC0xe9Fgi_13tanaka_server5errorNtB5_9RetryInfoNtCsgrh9ML4AhPT_5ts_rs2TS4decl
FNDA:0,_RNvXsj_NtCs49cC0xe9Fgi_13tanaka_server5errorNtB5_9RetryInfoNtCsgrh9ML4AhPT_5ts_rs2TS4name
FNDA:0,_RNvXsj_NtCs49cC0xe9Fgi_13tanaka_server5errorNtB5_9RetryInfoNtCsgrh9ML4AhPT_5ts_rs2TS5ident
FNDA:0,_RNvXsj_NtCs49cC0xe9Fgi_13tanaka_server5errorNtB5_9RetryInfoNtCsgrh9ML4AhPT_5ts_rs2TS6inline
FNDA:6,_RNvMNtCs49cC0xe9Fgi_13tanaka_server5errorNtB2_9ErrorCode11http_status
FNDA:1,_RNvMNtCs49cC0xe9Fgi_13tanaka_server5errorNtB2_9ErrorCode12is_retryable
FNDA:6,_RNvMs_NtCs49cC0xe9Fgi_13tanaka_server5errorNtB4_8AppError11status_code
FNDA:3,_RNvMs_NtCs49cC0xe9Fgi_13tanaka_server5errorNtB4_8AppError12is_retryable
FNDA:2,_RNvMs_NtCs49cC0xe9Fgi_13tanaka_server5errorNtB4_8AppError18auth_token_missing
FNDA:1,_RNvNtNtCs49cC0xe9Fgi_13tanaka_server5error5testss_21test_retryable_errors
FNDA:1,_RNvNtNtCs49cC0xe9Fgi_13tanaka_server5error5testss_27test_app_error_status_codes
FNDA:1,_RNvNtNtCs49cC0xe9Fgi_13tanaka_server5error5testss_34test_error_codes_have_valid_status
FNDA:2,_RINvMs_NtCs49cC0xe9Fgi_13tanaka_server5errorNtB5_8AppError10validationNtNtCse1nGBsou5OW_5alloc6string6StringReEB7_
FNDA:22,_RINvMs_NtCs49cC0xe9Fgi_13tanaka_server5errorNtB5_8AppError10validationReB16_EB7_
FNDA:3,_RINvMs_NtCs49cC0xe9Fgi_13tanaka_server5errorNtB5_8AppError18auth_token_invalidReEB7_
FNDA:5,_RINvMs_NtCs49cC0xe9Fgi_13tanaka_server5errorNtB5_8AppError8databaseReEB7_
FNDA:0,_RINvMs_NtCs49cC0xe9Fgi_13tanaka_server5errorNtB5_8AppError8internalNtNtCse1nGBsou5OW_5alloc6string6StringEB7_
FNDA:2,_RINvMs_NtCs49cC0xe9Fgi_13tanaka_server5errorNtB5_8AppError8internalReEB7_
FNF:23
FNH:14
DA:12,0
DA:58,18
DA:59,18
DA:66,1
DA:69,0
DA:74,14
DA:80,0
DA:83,2
DA:89,1
DA:92,0
DA:93,0
DA:94,0
DA:97,0
DA:99,18
DA:103,0
DA:104,0
DA:107,0
DA:110,0
DA:113,0
DA:116,0
DA:121,0
DA:124,0
DA:127,0
DA:130,0
DA:135,0
DA:137,0
DA:139,0
DA:141,0
DA:144,0
DA:146,0
DA:148,0
DA:149,0
DA:150,0
DA:153,0
DA:155,0
DA:158,0
DA:163,0
DA:166,0
DA:169,0
DA:172,0
DA:175,0
DA:178,13
DA:179,13
DA:180,13
DA:188,13
DA:249,18
DA:250,18
DA:251,0
DA:252,12
DA:253,6
DA:254,0
DA:255,0
DA:256,0
DA:257,0
DA:258,0
DA:259,0
DA:260,0
DA:262,0
DA:264,18
DA:267,24
DA:268,24
DA:270,3
DA:272,13
DA:274,8
DA:276,0
DA:277,0
DA:279,24
DA:282,21
DA:283,21
DA:284,1
DA:285,13
DA:289,7
DA:290,0
DA:291,0
DA:298,21
DA:302,7
DA:303,7
DA:304,7
DA:305,7
DA:306,7
DA:307,7
DA:310,10
DA:311,10
DA:312,10
DA:313,10
DA:314,10
DA:315,10
DA:319,30
DA:320,30
DA:321,30
DA:322,30
DA:323,30
DA:324,30
DA:326,5
DA:327,5
DA:328,5
DA:329,5
DA:330,5
DA:331,5
DA:335,2
DA:336,2
DA:337,2
DA:338,2
DA:339,2
DA:340,2
DA:344,0
DA:345,0
DA:346,0
DA:347,0
DA:348,0
DA:349,0
DA:351,0
DA:352,0
DA:355,0
DA:367,0
DA:384,0
DA:398,18
DA:399,18
DA:400,18
DA:401,18
DA:402,18
DA:403,18
DA:404,18
DA:405,18
DA:410,0
DA:413,18
DA:414,18
DA:415,18
DA:416,18
DA:417,18
DA:418,18
DA:419,0
DA:420,0
DA:421,0
DA:423,0
DA:426,18
DA:428,18
DA:429,0
DA:430,0
DA:431,0
DA:432,18
DA:436,18
DA:439,0
DA:440,0
DA:441,0
DA:442,0
DA:444,0
DA:447,18
DA:448,18
DA:449,18
DA:450,18
DA:451,18
DA:454,18
DA:455,18
DA:456,18
DA:457,18
DA:458,18
DA:459,18
DA:460,18
DA:461,18
DA:465,0
DA:466,0
DA:467,0
DA:471,0
DA:472,0
DA:473,0
DA:474,0
DA:475,0
DA:476,0
DA:480,0
DA:481,0
DA:482,0
DA:483,0
DA:484,0
DA:485,0
DA:496,1
DA:497,1
DA:498,1
DA:499,1
DA:500,1
DA:501,1
DA:502,1
DA:503,1
DA:505,6
DA:506,5
DA:507,5
DA:509,1
DA:512,1
DA:513,1
DA:514,1
DA:515,1
DA:516,1
DA:517,1
DA:519,4
DA:520,3
DA:521,3
DA:523,1
DA:526,1
DA:527,1
DA:528,1
DA:529,1
DA:530,1
BRF:0
BRH:0
LF:202
LH:116
end_of_record
SF:/Users/manish/projects/tanaka/server/src/handlers/sync.rs
FN:20,_RNCNvNtNtCs1MTN94xiOhS_13tanaka_server8handlers4sync12sync_handler0B7_
FN:16,_RNvNtNtCs1MTN94xiOhS_13tanaka_server8handlers4sync12sync_handler
FN:20,_RNCNvNtNtCs1MTN94xiOhS_13tanaka_server8handlers4sync12sync_handler0Csbaq4tKAIj0D_21input_validation_test
FN:20,_RNCNvNtNtCs1MTN94xiOhS_13tanaka_server8handlers4sync12sync_handler0CssWHy9lcY5i_13tanaka_server
FN:20,_RNCNvNtNtCs1MTN94xiOhS_13tanaka_server8handlers4sync12sync_handler0CshXODwtko46g_13tanaka_server
FN:20,_RNCNvNtNtCs49cC0xe9Fgi_13tanaka_server8handlers4sync12sync_handler0B7_
FN:80,_RNvNtNtNtCs49cC0xe9Fgi_13tanaka_server8handlers4sync5testss_25test_sync_handler_success
FN:158,_RNvNtNtNtCs49cC0xe9Fgi_13tanaka_server8handlers4sync5testss_32test_sync_handler_database_error
FN:196,_RNvNtNtNtCs49cC0xe9Fgi_13tanaka_server8handlers4sync5testss_32test_sync_handler_internal_error
FN:120,_RNvNtNtNtCs49cC0xe9Fgi_13tanaka_server8handlers4sync5testss_34test_sync_handler_validation_error
FN:76,_RNvXNtNtNtCs49cC0xe9Fgi_13tanaka_server8handlers4sync5testsNtB2_15MockSyncServiceNtNtB8_8services11SyncService19validate_operations
FN:63,_RNvXNtNtNtCs49cC0xe9Fgi_13tanaka_server8handlers4sync5testsNtB2_15MockSyncServiceNtNtB8_8services11SyncService4sync
FN:72,_RNvXNtNtNtCs49cC0xe9Fgi_13tanaka_server8handlers4sync5testsNtB2_15MockSyncServiceNtNtB8_8services11SyncService9get_state
FN:16,_RNvNtNtCs49cC0xe9Fgi_13tanaka_server8handlers4sync12sync_handler
FN:80,_RNCNvNtNtNtCs49cC0xe9Fgi_13tanaka_server8handlers4sync5testss_25test_sync_handler_success0B9_
FN:158,_RNCNvNtNtNtCs49cC0xe9Fgi_13tanaka_server8handlers4sync5testss_32test_sync_handler_database_error0B9_
FN:196,_RNCNvNtNtNtCs49cC0xe9Fgi_13tanaka_server8handlers4sync5testss_32test_sync_handler_internal_error0B9_
FN:120,_RNCNvNtNtNtCs49cC0xe9Fgi_13tanaka_server8handlers4sync5testss_34test_sync_handler_validation_error0B9_
FN:74,_RNCNvXNtNtNtCs49cC0xe9Fgi_13tanaka_server8handlers4sync5testsNtB4_15MockSyncServiceNtNtBa_8services11SyncService19validate_operations0Ba_
FN:47,_RNCNvXNtNtNtCs49cC0xe9Fgi_13tanaka_server8handlers4sync5testsNtB4_15MockSyncServiceNtNtBa_8services11SyncService4sync0Ba_
FN:65,_RNCNvXNtNtNtCs49cC0xe9Fgi_13tanaka_server8handlers4sync5testsNtB4_15MockSyncServiceNtNtBa_8services11SyncService9get_state0Ba_
FNDA:0,_RNCNvNtNtCs1MTN94xiOhS_13tanaka_server8handlers4sync12sync_handler0B7_
FNDA:21,_RNvNtNtCs1MTN94xiOhS_13tanaka_server8handlers4sync12sync_handler
FNDA:21,_RNCNvNtNtCs1MTN94xiOhS_13tanaka_server8handlers4sync12sync_handler0Csbaq4tKAIj0D_21input_validation_test
FNDA:0,_RNCNvNtNtCs1MTN94xiOhS_13tanaka_server8handlers4sync12sync_handler0CssWHy9lcY5i_13tanaka_server
FNDA:0,_RNCNvNtNtCs1MTN94xiOhS_13tanaka_server8handlers4sync12sync_handler0CshXODwtko46g_13tanaka_server
FNDA:4,_RNCNvNtNtCs49cC0xe9Fgi_13tanaka_server8handlers4sync12sync_handler0B7_
FNDA:1,_RNvNtNtNtCs49cC0xe9Fgi_13tanaka_server8handlers4sync5testss_25test_sync_handler_success
FNDA:1,_RNvNtNtNtCs49cC0xe9Fgi_13tanaka_server8handlers4sync5testss_32test_sync_handler_database_error
FNDA:1,_RNvNtNtNtCs49cC0xe9Fgi_13tanaka_server8handlers4sync5testss_32test_sync_handler_internal_error
FNDA:1,_RNvNtNtNtCs49cC0xe9Fgi_13tanaka_server8handlers4sync5testss_34test_sync_handler_validation_error
FNDA:0,_RNvXNtNtNtCs49cC0xe9Fgi_13tanaka_server8handlers4sync5testsNtB2_15MockSyncServiceNtNtB8_8services11SyncService19validate_operations
FNDA:4,_RNvXNtNtNtCs49cC0xe9Fgi_13tanaka_server8handlers4sync5testsNtB2_15MockSyncServiceNtNtB8_8services11SyncService4sync
FNDA:0,_RNvXNtNtNtCs49cC0xe9Fgi_13tanaka_server8handlers4sync5testsNtB2_15MockSyncServiceNtNtB8_8services11SyncService9get_state
FNDA:4,_RNvNtNtCs49cC0xe9Fgi_13tanaka_server8handlers4sync12sync_handler
FNDA:1,_RNCNvNtNtNtCs49cC0xe9Fgi_13tanaka_server8handlers4sync5testss_25test_sync_handler_success0B9_
FNDA:1,_RNCNvNtNtNtCs49cC0xe9Fgi_13tanaka_server8handlers4sync5testss_32test_sync_handler_database_error0B9_
FNDA:1,_RNCNvNtNtNtCs49cC0xe9Fgi_13tanaka_server8handlers4sync5testss_32test_sync_handler_internal_error0B9_
FNDA:1,_RNCNvNtNtNtCs49cC0xe9Fgi_13tanaka_server8handlers4sync5testss_34test_sync_handler_validation_error0B9_
FNDA:0,_RNCNvXNtNtNtCs49cC0xe9Fgi_13tanaka_server8handlers4sync5testsNtB4_15MockSyncServiceNtNtBa_8services11SyncService19validate_operations0Ba_
FNDA:4,_RNCNvXNtNtNtCs49cC0xe9Fgi_13tanaka_server8handlers4sync5testsNtB4_15MockSyncServiceNtNtBa_8services11SyncService4sync0Ba_
FNDA:0,_RNCNvXNtNtNtCs49cC0xe9Fgi_13tanaka_server8handlers4sync5testsNtB4_15MockSyncServiceNtNtBa_8services11SyncService9get_state0Ba_
FNF:16
FNH:12
DA:16,25
DA:17,25
DA:18,25
DA:19,25
DA:20,25
DA:21,25
DA:22,17
DA:23,25
DA:47,4
DA:48,4
DA:49,3
DA:50,1
DA:51,2
DA:52,1
DA:53,1
DA:55,1
DA:58,1
DA:59,1
DA:60,1
DA:61,1
DA:63,8
DA:65,0
DA:66,0
DA:67,0
DA:68,0
DA:69,0
DA:70,0
DA:71,0
DA:72,0
DA:74,0
DA:75,0
DA:76,0
DA:80,1
DA:81,1
DA:82,1
DA:83,1
DA:84,1
DA:85,1
DA:86,1
DA:87,1
DA:88,1
DA:89,1
DA:90,1
DA:91,1
DA:92,1
DA:93,1
DA:94,1
DA:95,1
DA:96,1
DA:97,1
DA:98,1
DA:99,1
DA:100,1
DA:101,1
DA:102,1
DA:103,1
DA:104,1
DA:105,1
DA:106,1
DA:107,1
DA:108,1
DA:109,1
DA:110,1
DA:111,1
DA:112,1
DA:113,1
DA:114,1
DA:115,1
DA:116,1
DA:117,1
DA:120,1
DA:121,1
DA:122,1
DA:123,1
DA:124,1
DA:125,1
DA:126,1
DA:127,1
DA:128,1
DA:129,1
DA:130,1
DA:131,1
DA:132,1
DA:133,1
DA:134,1
DA:135,1
DA:136,1
DA:137,1
DA:138,1
DA:139,1
DA:140,1
DA:141,1
DA:142,1
DA:143,1
DA:144,1
DA:145,1
DA:146,1
DA:147,1
DA:148,1
DA:149,1
DA:150,1
DA:151,1
DA:152,1
DA:153,1
DA:154,1
DA:155,1
DA:158,1
DA:159,1
DA:160,1
DA:161,1
DA:162,1
DA:163,1
DA:164,1
DA:165,1
DA:166,1
DA:167,1
DA:168,1
DA:169,1
DA:170,1
DA:171,1
DA:172,1
DA:173,1
DA:174,1
DA:175,1
DA:176,1
DA:177,1
DA:178,1
DA:179,1
DA:180,1
DA:181,1
DA:182,1
DA:183,1
DA:184,1
DA:185,1
DA:186,1
DA:187,1
DA:188,1
DA:189,1
DA:190,1
DA:191,1
DA:192,1
DA:193,1
DA:196,1
DA:197,1
DA:198,1
DA:199,1
DA:200,1
DA:201,1
DA:202,1
DA:203,1
DA:204,1
DA:205,1
DA:206,1
DA:207,1
DA:208,1
DA:209,1
DA:210,1
DA:211,1
DA:212,1
DA:213,1
DA:214,1
DA:215,1
DA:216,1
DA:217,1
DA:218,1
DA:219,1
DA:220,1
DA:221,1
DA:222,1
DA:223,1
DA:224,1
DA:225,1
DA:226,1
DA:227,1
DA:228,1
DA:229,1
DA:230,1
DA:231,1
BRF:0
BRH:0
LF:316
LH:303
end_of_record
SF:/Users/manish/projects/tanaka/server/src/lib.rs
FN:143,_RNCNCNvCs1MTN94xiOhS_13tanaka_server14setup_database00B5_
FN:155,_RNCNCNvCs1MTN94xiOhS_13tanaka_server14setup_database0s0_0B5_
FN:160,_RNCNCNvCs1MTN94xiOhS_13tanaka_server14setup_database0s1_0B5_
FN:166,_RNCNCNvCs1MTN94xiOhS_13tanaka_server14setup_database0s2_0B5_
FN:171,_RNCNCNvCs1MTN94xiOhS_13tanaka_server14setup_database0s3_0B5_
FN:176,_RNCNCNvCs1MTN94xiOhS_13tanaka_server14setup_database0s4_0B5_
FN:182,_RNCNCNvCs1MTN94xiOhS_13tanaka_server14setup_database0s5_0B5_
FN:189,_RNCNCNvCs1MTN94xiOhS_13tanaka_server14setup_database0s6_0B5_
FN:149,_RNCNCNvCs1MTN94xiOhS_13tanaka_server14setup_database0s_0B5_
FN:99,_RNCNvCs1MTN94xiOhS_13tanaka_server14setup_database0B3_
FN:30,_RNvCs1MTN94xiOhS_13tanaka_server10create_app
FN:97,_RNvCs1MTN94xiOhS_13tanaka_server14setup_database
FN:60,_RNvCs1MTN94xiOhS_13tanaka_server15auth_middleware
FN:48,_RNvCs1MTN94xiOhS_13tanaka_server6health
FN:70,_RNCNCNvCs1MTN94xiOhS_13tanaka_server15auth_middleware00B5_
FN:64,_RNCNvCs1MTN94xiOhS_13tanaka_server15auth_middleware0B3_
FN:48,_RNCNvCs1MTN94xiOhS_13tanaka_server6health0B3_
FN:143,_RNCNCNvCs1MTN94xiOhS_13tanaka_server14setup_database00Cse5ZhbSQwC0Y_16sync_integration
FN:155,_RNCNCNvCs1MTN94xiOhS_13tanaka_server14setup_database0s0_0Cse5ZhbSQwC0Y_16sync_integration
FN:160,_RNCNCNvCs1MTN94xiOhS_13tanaka_server14setup_database0s1_0Cse5ZhbSQwC0Y_16sync_integration
FN:166,_RNCNCNvCs1MTN94xiOhS_13tanaka_server14setup_database0s2_0Cse5ZhbSQwC0Y_16sync_integration
FN:171,_RNCNCNvCs1MTN94xiOhS_13tanaka_server14setup_database0s3_0Cse5ZhbSQwC0Y_16sync_integration
FN:176,_RNCNCNvCs1MTN94xiOhS_13tanaka_server14setup_database0s4_0Cse5ZhbSQwC0Y_16sync_integration
FN:182,_RNCNCNvCs1MTN94xiOhS_13tanaka_server14setup_database0s5_0Cse5ZhbSQwC0Y_16sync_integration
FN:189,_RNCNCNvCs1MTN94xiOhS_13tanaka_server14setup_database0s6_0Cse5ZhbSQwC0Y_16sync_integration
FN:149,_RNCNCNvCs1MTN94xiOhS_13tanaka_server14setup_database0s_0Cse5ZhbSQwC0Y_16sync_integration
FN:99,_RNCNvCs1MTN94xiOhS_13tanaka_server14setup_database0Cse5ZhbSQwC0Y_16sync_integration
FN:143,_RNCNCNvCs1MTN94xiOhS_13tanaka_server14setup_database00CshXODwtko46g_13tanaka_server
FN:155,_RNCNCNvCs1MTN94xiOhS_13tanaka_server14setup_database0s0_0CshXODwtko46g_13tanaka_server
FN:160,_RNCNCNvCs1MTN94xiOhS_13tanaka_server14setup_database0s1_0CshXODwtko46g_13tanaka_server
FN:166,_RNCNCNvCs1MTN94xiOhS_13tanaka_server14setup_database0s2_0CshXODwtko46g_13tanaka_server
FN:171,_RNCNCNvCs1MTN94xiOhS_13tanaka_server14setup_database0s3_0CshXODwtko46g_13tanaka_server
FN:176,_RNCNCNvCs1MTN94xiOhS_13tanaka_server14setup_database0s4_0CshXODwtko46g_13tanaka_server
FN:182,_RNCNCNvCs1MTN94xiOhS_13tanaka_server14setup_database0s5_0CshXODwtko46g_13tanaka_server
FN:189,_RNCNCNvCs1MTN94xiOhS_13tanaka_server14setup_database0s6_0CshXODwtko46g_13tanaka_server
FN:149,_RNCNCNvCs1MTN94xiOhS_13tanaka_server14setup_database0s_0CshXODwtko46g_13tanaka_server
FN:99,_RNCNvCs1MTN94xiOhS_13tanaka_server14setup_database0CshXODwtko46g_13tanaka_server
FN:143,_RNCNCNvCs49cC0xe9Fgi_13tanaka_server14setup_database00B5_
FN:155,_RNCNCNvCs49cC0xe9Fgi_13tanaka_server14setup_database0s0_0B5_
FN:160,_RNCNCNvCs49cC0xe9Fgi_13tanaka_server14setup_database0s1_0B5_
FN:166,_RNCNCNvCs49cC0xe9Fgi_13tanaka_server14setup_database0s2_0B5_
FN:171,_RNCNCNvCs49cC0xe9Fgi_13tanaka_server14setup_database0s3_0B5_
FN:176,_RNCNCNvCs49cC0xe9Fgi_13tanaka_server14setup_database0s4_0B5_
FN:182,_RNCNCNvCs49cC0xe9Fgi_13tanaka_server14setup_database0s5_0B5_
FN:189,_RNCNCNvCs49cC0xe9Fgi_13tanaka_server14setup_database0s6_0B5_
[...]
FN:33,_RNvXs7_NtCs1MTN94xiOhS_13tanaka_server4syncNtB5_13CrdtOperationNtCsgrh9ML4AhPT_5ts_rs2TS6inline
FN:82,_RNvXsc_NtCs1MTN94xiOhS_13tanaka_server4syncNtB5_7TabDataNtCsgrh9ML4AhPT_5ts_rs2TS11output_path
FN:82,_RNvXsc_NtCs1MTN94xiOhS_13tanaka_server4syncNtB5_7TabDataNtCsgrh9ML4AhPT_5ts_rs2TS13decl_concrete
FN:82,_RNvXsc_NtCs1MTN94xiOhS_13tanaka_server4syncNtB5_7TabDataNtCsgrh9ML4AhPT_5ts_rs2TS16inline_flattened
FN:82,_RNvXsc_NtCs1MTN94xiOhS_13tanaka_server4syncNtB5_7TabDataNtCsgrh9ML4AhPT_5ts_rs2TS4decl
FN:82,_RNvXsc_NtCs1MTN94xiOhS_13tanaka_server4syncNtB5_7TabDataNtCsgrh9ML4AhPT_5ts_rs2TS4name
FN:82,_RNvXsc_NtCs1MTN94xiOhS_13tanaka_server4syncNtB5_7TabDataNtCsgrh9ML4AhPT_5ts_rs2TS5ident
FN:82,_RNvXsc_NtCs1MTN94xiOhS_13tanaka_server4syncNtB5_7TabDataNtCsgrh9ML4AhPT_5ts_rs2TS6inline
FN:288,_RNCNCNvNtCs1MTN94xiOhS_13tanaka_server4sync12sync_handler00B7_
FN:297,_RNCNCNvNtCs1MTN94xiOhS_13tanaka_server4sync12sync_handler0s0_0B7_
FN:296,_RNCNCNvNtCs1MTN94xiOhS_13tanaka_server4sync12sync_handler0s_0B7_
FN:238,_RNCNvNtCs1MTN94xiOhS_13tanaka_server4sync12sync_handler0B5_
FN:361,_RNCNvNtCs1MTN94xiOhS_13tanaka_server4sync24apply_operation_to_state0B5_
FN:396,_RNCNvNtCs1MTN94xiOhS_13tanaka_server4sync24apply_operation_to_states0_0B5_
FN:430,_RNCNvNtCs1MTN94xiOhS_13tanaka_server4sync24apply_operation_to_states1_0B5_
FN:451,_RNCNvNtCs1MTN94xiOhS_13tanaka_server4sync24apply_operation_to_states2_0B5_
FN:378,_RNCNvNtCs1MTN94xiOhS_13tanaka_server4sync24apply_operation_to_states_0B5_
FN:10,_RINvXs1_NtCs49cC0xe9Fgi_13tanaka_server4syncNtB6_11SyncRequestNtCsgrh9ML4AhPT_5ts_rs2TS14visit_genericspEB8_
FN:10,_RINvXs1_NtCs49cC0xe9Fgi_13tanaka_server4syncNtB6_11SyncRequestNtCsgrh9ML4AhPT_5ts_rs2TS18visit_dependenciespEB8_
FN:23,_RINvXs4_NtCs49cC0xe9Fgi_13tanaka_server4syncNtB6_12SyncResponseNtCsgrh9ML4AhPT_5ts_rs2TS14visit_genericspEB8_
FN:23,_RINvXs4_NtCs49cC0xe9Fgi_13tanaka_server4syncNtB6_12SyncResponseNtCsgrh9ML4AhPT_5ts_rs2TS18visit_dependenciespEB8_
FN:33,_RINvXs7_NtCs49cC0xe9Fgi_13tanaka_server4syncNtB6_13CrdtOperationNtCsgrh9ML4AhPT_5ts_rs2TS14visit_genericspEB8_
FN:33,_RINvXs7_NtCs49cC0xe9Fgi_13tanaka_server4syncNtB6_13CrdtOperationNtCsgrh9ML4AhPT_5ts_rs2TS18visit_dependenciespEB8_
FN:82,_RINvXsc_NtCs49cC0xe9Fgi_13tanaka_server4syncNtB6_7TabDataNtCsgrh9ML4AhPT_5ts_rs2TS14visit_genericspEB8_
FN:82,_RINvXsc_NtCs49cC0xe9Fgi_13tanaka_server4syncNtB6_7TabDataNtCsgrh9ML4AhPT_5ts_rs2TS18visit_dependenciespEB8_
FN:288,_RNCNCNvNtCs49cC0xe9Fgi_13tanaka_server4sync12sync_handler00B7_
FN:297,_RNCNCNvNtCs49cC0xe9Fgi_13tanaka_server4sync12sync_handler0s0_0B7_
FN:296,_RNCNCNvNtCs49cC0xe9Fgi_13tanaka_server4sync12sync_handler0s_0B7_
FN:238,_RNCNvNtCs49cC0xe9Fgi_13tanaka_server4sync12sync_handler0B5_
FN:361,_RNCNvNtCs49cC0xe9Fgi_13tanaka_server4sync24apply_operation_to_state0B5_
FN:396,_RNCNvNtCs49cC0xe9Fgi_13tanaka_server4sync24apply_operation_to_states0_0B5_
FN:430,_RNCNvNtCs49cC0xe9Fgi_13tanaka_server4sync24apply_operation_to_states1_0B5_
FN:451,_RNCNvNtCs49cC0xe9Fgi_13tanaka_server4sync24apply_operation_to_states2_0B5_
FN:378,_RNCNvNtCs49cC0xe9Fgi_13tanaka_server4sync24apply_operation_to_states_0B5_
FN:235,_RNvNtCs49cC0xe9Fgi_13tanaka_server4sync12sync_handler
FN:329,_RNvNtCs49cC0xe9Fgi_13tanaka_server4sync24apply_operation_to_state
FN:10,_RNvXs1_NtCs49cC0xe9Fgi_13tanaka_server4syncNtB5_11SyncRequestNtCsgrh9ML4AhPT_5ts_rs2TS11output_path
FN:10,_RNvXs1_NtCs49cC0xe9Fgi_13tanaka_server4syncNtB5_11SyncRequestNtCsgrh9ML4AhPT_5ts_rs2TS13decl_concrete
FN:10,_RNvXs1_NtCs49cC0xe9Fgi_13tanaka_server4syncNtB5_11SyncRequestNtCsgrh9ML4AhPT_5ts_rs2TS16inline_flattened
FN:10,_RNvXs1_NtCs49cC0xe9Fgi_13tanaka_server4syncNtB5_11SyncRequestNtCsgrh9ML4AhPT_5ts_rs2TS4decl
FN:10,_RNvXs1_NtCs49cC0xe9Fgi_13tanaka_server4syncNtB5_11SyncRequestNtCsgrh9ML4AhPT_5ts_rs2TS4name
FN:10,_RNvXs1_NtCs49cC0xe9Fgi_13tanaka_server4syncNtB5_11SyncRequestNtCsgrh9ML4AhPT_5ts_rs2TS5ident
FN:10,_RNvXs1_NtCs49cC0xe9Fgi_13tanaka_server4syncNtB5_11SyncRequestNtCsgrh9ML4AhPT_5ts_rs2TS6inline
FN:23,_RNvXs4_NtCs49cC0xe9Fgi_13tanaka_server4syncNtB5_12SyncResponseNtCsgrh9ML4AhPT_5ts_rs2TS11output_path
FN:23,_RNvXs4_NtCs49cC0xe9Fgi_13tanaka_server4syncNtB5_12SyncResponseNtCsgrh9ML4AhPT_5ts_rs2TS13decl_concrete
FN:23,_RNvXs4_NtCs49cC0xe9Fgi_13tanaka_server4syncNtB5_12SyncResponseNtCsgrh9ML4AhPT_5ts_rs2TS16inline_flattened
FN:23,_RNvXs4_NtCs49cC0xe9Fgi_13tanaka_server4syncNtB5_12SyncResponseNtCsgrh9ML4AhPT_5ts_rs2TS4decl
FN:23,_RNvXs4_NtCs49cC0xe9Fgi_13tanaka_server4syncNtB5_12SyncResponseNtCsgrh9ML4AhPT_5ts_rs2TS4name
FN:23,_RNvXs4_NtCs49cC0xe9Fgi_13tanaka_server4syncNtB5_12SyncResponseNtCsgrh9ML4AhPT_5ts_rs2TS5ident
FN:23,_RNvXs4_NtCs49cC0xe9Fgi_13tanaka_server4syncNtB5_12SyncResponseNtCsgrh9ML4AhPT_5ts_rs2TS6inline
FN:33,_RNvXs7_NtCs49cC0xe9Fgi_13tanaka_server4syncNtB5_13CrdtOperationNtCsgrh9ML4AhPT_5ts_rs2TS11output_path
FN:33,_RNvXs7_NtCs49cC0xe9Fgi_13tanaka_server4syncNtB5_13CrdtOperationNtCsgrh9ML4AhPT_5ts_rs2TS13decl_concrete
FN:33,_RNvXs7_NtCs49cC0xe9Fgi_13tanaka_server4syncNtB5_13CrdtOperationNtCsgrh9ML4AhPT_5ts_rs2TS16inline_flattened
FN:33,_RNvXs7_NtCs49cC0xe9Fgi_13tanaka_server4syncNtB5_13CrdtOperationNtCsgrh9ML4AhPT_5ts_rs2TS4decl
FN:33,_RNvXs7_NtCs49cC0xe9Fgi_13tanaka_server4syncNtB5_13CrdtOperationNtCsgrh9ML4AhPT_5ts_rs2TS4name
FN:33,_RNvXs7_NtCs49cC0xe9Fgi_13tanaka_server4syncNtB5_13CrdtOperationNtCsgrh9ML4AhPT_5ts_rs2TS5ident
FN:33,_RNvXs7_NtCs49cC0xe9Fgi_13tanaka_server4syncNtB5_13CrdtOperationNtCsgrh9ML4AhPT_5ts_rs2TS6inline
FN:82,_RNvXsc_NtCs49cC0xe9Fgi_13tanaka_server4syncNtB5_7TabDataNtCsgrh9ML4AhPT_5ts_rs2TS11output_path
FN:82,_RNvXsc_NtCs49cC0xe9Fgi_13tanaka_server4syncNtB5_7TabDataNtCsgrh9ML4AhPT_5ts_rs2TS13decl_concrete
FN:82,_RNvXsc_NtCs49cC0xe9Fgi_13tanaka_server4syncNtB5_7TabDataNtCsgrh9ML4AhPT_5ts_rs2TS16inline_flattened
FN:82,_RNvXsc_NtCs49cC0xe9Fgi_13tanaka_server4syncNtB5_7TabDataNtCsgrh9ML4AhPT_5ts_rs2TS4decl
FN:82,_RNvXsc_NtCs49cC0xe9Fgi_13tanaka_server4syncNtB5_7TabDataNtCsgrh9ML4AhPT_5ts_rs2TS4name
FN:82,_RNvXsc_NtCs49cC0xe9Fgi_13tanaka_server4syncNtB5_7TabDataNtCsgrh9ML4AhPT_5ts_rs2TS5ident
FN:82,_RNvXsc_NtCs49cC0xe9Fgi_13tanaka_server4syncNtB5_7TabDataNtCsgrh9ML4AhPT_5ts_rs2TS6inline
FN:127,_RNvMNtCs49cC0xe9Fgi_13tanaka_server4syncNtB2_13CrdtOperation10updated_at
FN:113,_RNvMNtCs49cC0xe9Fgi_13tanaka_server4syncNtB2_13CrdtOperation14operation_type
FN:145,_RNvMNtCs49cC0xe9Fgi_13tanaka_server4syncNtB2_13CrdtOperation8validate
FN:99,_RNvMNtCs49cC0xe9Fgi_13tanaka_server4syncNtB2_13CrdtOperation9target_id
FN:522,_RNvNtNtCs49cC0xe9Fgi_13tanaka_server4sync5testss_18test_serialization
FN:503,_RNvNtNtCs49cC0xe9Fgi_13tanaka_server4sync5testss_25test_operation_properties
FN:474,_RNvNtNtCs49cC0xe9Fgi_13tanaka_server4sync5testss_25test_operation_validation
FNDA:0,_RINvXs1_NtCs1MTN94xiOhS_13tanaka_server4syncNtB6_11SyncRequestNtCsgrh9ML4AhPT_5ts_rs2TS14visit_genericspEB8_
FNDA:0,_RINvXs1_NtCs1MTN94xiOhS_13tanaka_server4syncNtB6_11SyncRequestNtCsgrh9ML4AhPT_5ts_rs2TS18visit_dependenciespEB8_
FNDA:0,_RINvXs4_NtCs1MTN94xiOhS_13tanaka_server4syncNtB6_12SyncResponseNtCsgrh9ML4AhPT_5ts_rs2TS14visit_genericspEB8_
FNDA:0,_RINvXs4_NtCs1MTN94xiOhS_13tanaka_server4syncNtB6_12SyncResponseNtCsgrh9ML4AhPT_5ts_rs2TS18visit_dependenciespEB8_
FNDA:0,_RINvXs7_NtCs1MTN94xiOhS_13tanaka_server4syncNtB6_13CrdtOperationNtCsgrh9ML4AhPT_5ts_rs2TS14visit_genericspEB8_
FNDA:0,_RINvXs7_NtCs1MTN94xiOhS_13tanaka_server4syncNtB6_13CrdtOperationNtCsgrh9ML4AhPT_5ts_rs2TS18visit_dependenciespEB8_
FNDA:0,_RINvXsc_NtCs1MTN94xiOhS_13tanaka_server4syncNtB6_7TabDataNtCsgrh9ML4AhPT_5ts_rs2TS14visit_genericspEB8_
FNDA:0,_RINvXsc_NtCs1MTN94xiOhS_13tanaka_server4syncNtB6_7TabDataNtCsgrh9ML4AhPT_5ts_rs2TS18visit_dependenciespEB8_
FNDA:0,_RNvMNtCs1MTN94xiOhS_13tanaka_server4syncNtB2_13CrdtOperation10updated_at
FNDA:169,_RNvMNtCs1MTN94xiOhS_13tanaka_server4syncNtB2_13CrdtOperation14operation_type
FNDA:166,_RNvMNtCs1MTN94xiOhS_13tanaka_server4syncNtB2_13CrdtOperation8validate
FNDA:339,_RNvMNtCs1MTN94xiOhS_13tanaka_server4syncNtB2_13CrdtOperation9target_id
FNDA:29,_RNvNtCs1MTN94xiOhS_13tanaka_server4sync12sync_handler
FNDA:165,_RNvNtCs1MTN94xiOhS_13tanaka_server4sync24apply_operation_to_state
FNDA:0,_RNvXs1_NtCs1MTN94xiOhS_13tanaka_server4syncNtB5_11SyncRequestNtCsgrh9ML4AhPT_5ts_rs2TS11output_path
FNDA:0,_RNvXs1_NtCs1MTN94xiOhS_13tanaka_server4syncNtB5_11SyncRequestNtCsgrh9ML4AhPT_5ts_rs2TS13decl_concrete
FNDA:0,_RNvXs1_NtCs1MTN94xiOhS_13tanaka_server4syncNtB5_11SyncRequestNtCsgrh9ML4AhPT_5ts_rs2TS16inline_flattened
FNDA:0,_RNvXs1_NtCs1MTN94xiOhS_13tanaka_server4syncNtB5_11SyncRequestNtCsgrh9ML4AhPT_5ts_rs2TS4decl
FNDA:0,_RNvXs1_NtCs1MTN94xiOhS_13tanaka_server4syncNtB5_11SyncRequestNtCsgrh9ML4AhPT_5ts_rs2TS4name
FNDA:0,_RNvXs1_NtCs1MTN94xiOhS_13tanaka_server4syncNtB5_11SyncRequestNtCsgrh9ML4AhPT_5ts_rs2TS5ident
FNDA:0,_RNvXs1_NtCs1MTN94xiOhS_13tanaka_server4syncNtB5_11SyncRequestNtCsgrh9ML4AhPT_5ts_rs2TS6inline
FNDA:0,_RNvXs4_NtCs1MTN94xiOhS_13tanaka_server4syncNtB5_12SyncResponseNtCsgrh9ML4AhPT_5ts_rs2TS11output_path
FNDA:0,_RNvXs4_NtCs1MTN94xiOhS_13tanaka_server4syncNtB5_12SyncResponseNtCsgrh9ML4AhPT_5ts_rs2TS13decl_concrete
FNDA:0,_RNvXs4_NtCs1MTN94xiOhS_13tanaka_server4syncNtB5_12SyncResponseNtCsgrh9ML4AhPT_5ts_rs2TS16inline_flattened
FNDA:0,_RNvXs4_NtCs1MTN94xiOhS_13tanaka_server4syncNtB5_12SyncResponseNtCsgrh9ML4AhPT_5ts_rs2TS4decl
FNDA:0,_RNvXs4_NtCs1MTN94xiOhS_13tanaka_server4syncNtB5_12SyncResponseNtCsgrh9ML4AhPT_5ts_rs2TS4name
FNDA:0,_RNvXs4_NtCs1MTN94xiOhS_13tanaka_server4syncNtB5_12SyncResponseNtCsgrh9ML4AhPT_5ts_rs2TS5ident
FNDA:0,_RNvXs4_NtCs1MTN94xiOhS_13tanaka_server4syncNtB5_12SyncResponseNtCsgrh9ML4AhPT_5ts_rs2TS6inline
FNDA:0,_RNvXs7_NtCs1MTN94xiOhS_13tanaka_server4syncNtB5_13CrdtOperationNtCsgrh9ML4AhPT_5ts_rs2TS11output_path
FNDA:0,_RNvXs7_NtCs1MTN94xiOhS_13tanaka_server4syncNtB5_13CrdtOperationNtCsgrh9ML4AhPT_5ts_rs2TS13decl_concrete
FNDA:0,_RNvXs7_NtCs1MTN94xiOhS_13tanaka_server4syncNtB5_13CrdtOperationNtCsgrh9ML4AhPT_5ts_rs2TS16inline_flattened
FNDA:0,_RNvXs7_NtCs1MTN94xiOhS_13tanaka_server4syncNtB5_13CrdtOperationNtCsgrh9ML4AhPT_5ts_rs2TS4decl
FNDA:0,_RNvXs7_NtCs1MTN94xiOhS_13tanaka_server4syncNtB5_13CrdtOperationNtCsgrh9ML4AhPT_5ts_rs2TS4name
FNDA:0,_RNvXs7_NtCs1MTN94xiOhS_13tanaka_server4syncNtB5_13CrdtOperationNtCsgrh9ML4AhPT_5ts_rs2TS5ident
FNDA:0,_RNvXs7_NtCs1MTN94xiOhS_13tanaka_server4syncNtB5_13CrdtOperationNtCsgrh9ML4AhPT_5ts_rs2TS6inline
FNDA:0,_RNvXsc_NtCs1MTN94xiOhS_13tanaka_server4syncNtB5_7TabDataNtCsgrh9ML4AhPT_5ts_rs2TS11output_path
FNDA:0,_RNvXsc_NtCs1MTN94xiOhS_13tanaka_server4syncNtB5_7TabDataNtCsgrh9ML4AhPT_5ts_rs2TS13decl_concrete
FNDA:0,_RNvXsc_NtCs1MTN94xiOhS_13tanaka_server4syncNtB5_7TabDataNtCsgrh9ML4AhPT_5ts_rs2TS16inline_flattened
FNDA:0,_RNvXsc_NtCs1MTN94xiOhS_13tanaka_server4syncNtB5_7TabDataNtCsgrh9ML4AhPT_5ts_rs2TS4decl
FNDA:0,_RNvXsc_NtCs1MTN94xiOhS_13tanaka_server4syncNtB5_7TabDataNtCsgrh9ML4AhPT_5ts_rs2TS4name
FNDA:0,_RNvXsc_NtCs1MTN94xiOhS_13tanaka_server4syncNtB5_7TabDataNtCsgrh9ML4AhPT_5ts_rs2TS5ident
FNDA:0,_RNvXsc_NtCs1MTN94xiOhS_13tanaka_server4syncNtB5_7TabDataNtCsgrh9ML4AhPT_5ts_rs2TS6inline
FNDA:8,_RNCNCNvNtCs1MTN94xiOhS_13tanaka_server4sync12sync_handler00B7_
FNDA:153,_RNCNCNvNtCs1MTN94xiOhS_13tanaka_server4sync12sync_handler0s0_0B7_
FNDA:342,_RNCNCNvNtCs1MTN94xiOhS_13tanaka_server4sync12sync_handler0s_0B7_
FNDA:29,_RNCNvNtCs1MTN94xiOhS_13tanaka_server4sync12sync_handler0B5_
FNDA:2,_RNCNvNtCs1MTN94xiOhS_13tanaka_server4sync24apply_operation_to_state0B5_
FNDA:1,_RNCNvNtCs1MTN94xiOhS_13tanaka_server4sync24apply_operation_to_states0_0B5_
FNDA:0,_RNCNvNtCs1MTN94xiOhS_13tanaka_server4sync24apply_operation_to_states1_0B5_
FNDA:0,_RNCNvNtCs1MTN94xiOhS_13tanaka_server4sync24apply_operation_to_states2_0B5_
FNDA:0,_RNCNvNtCs1MTN94xiOhS_13tanaka_server4sync24apply_operation_to_states_0B5_
FNDA:0,_RINvXs1_NtCs49cC0xe9Fgi_13tanaka_server4syncNtB6_11SyncRequestNtCsgrh9ML4AhPT_5ts_rs2TS14visit_genericspEB8_
FNDA:0,_RINvXs1_NtCs49cC0xe9Fgi_13tanaka_server4syncNtB6_11SyncRequestNtCsgrh9ML4AhPT_5ts_rs2TS18visit_dependenciespEB8_
FNDA:0,_RINvXs4_NtCs49cC0xe9Fgi_13tanaka_server4syncNtB6_12SyncResponseNtCsgrh9ML4AhPT_5ts_rs2TS14visit_genericspEB8_
FNDA:0,_RINvXs4_NtCs49cC0xe9Fgi_13tanaka_server4syncNtB6_12SyncResponseNtCsgrh9ML4AhPT_5ts_rs2TS18visit_dependenciespEB8_
FNDA:0,_RINvXs7_NtCs49cC0xe9Fgi_13tanaka_server4syncNtB6_13CrdtOperationNtCsgrh9ML4AhPT_5ts_rs2TS14visit_genericspEB8_
FNDA:0,_RINvXs7_NtCs49cC0xe9Fgi_13tanaka_server4syncNtB6_13CrdtOperationNtCsgrh9ML4AhPT_5ts_rs2TS18visit_dependenciespEB8_
FNDA:0,_RINvXsc_NtCs49cC0xe9Fgi_13tanaka_server4syncNtB6_7TabDataNtCsgrh9ML4AhPT_5ts_rs2TS14visit_genericspEB8_
FNDA:0,_RINvXsc_NtCs49cC0xe9Fgi_13tanaka_server4syncNtB6_7TabDataNtCsgrh9ML4AhPT_5ts_rs2TS18visit_dependenciespEB8_
FNDA:0,_RNCNCNvNtCs49cC0xe9Fgi_13tanaka_server4sync12sync_handler00B7_
FNDA:0,_RNCNCNvNtCs49cC0xe9Fgi_13tanaka_server4sync12sync_handler0s0_0B7_
FNDA:0,_RNCNCNvNtCs49cC0xe9Fgi_13tanaka_server4sync12sync_handler0s_0B7_
FNDA:0,_RNCNvNtCs49cC0xe9Fgi_13tanaka_server4sync12sync_handler0B5_
FNDA:0,_RNCNvNtCs49cC0xe9Fgi_13tanaka_server4sync24apply_operation_to_state0B5_
FNDA:0,_RNCNvNtCs49cC0xe9Fgi_13tanaka_server4sync24apply_operation_to_states0_0B5_
FNDA:0,_RNCNvNtCs49cC0xe9Fgi_13tanaka_server4sync24apply_operation_to_states1_0B5_
FNDA:0,_RNCNvNtCs49cC0xe9Fgi_13tanaka_server4sync24apply_operation_to_states2_0B5_
FNDA:0,_RNCNvNtCs49cC0xe9Fgi_13tanaka_server4sync24apply_operation_to_states_0B5_
FNDA:0,_RNvNtCs49cC0xe9Fgi_13tanaka_server4sync12sync_handler
FNDA:0,_RNvNtCs49cC0xe9Fgi_13tanaka_server4sync24apply_operation_to_state
FNDA:0,_RNvXs1_NtCs49cC0xe9Fgi_13tanaka_server4syncNtB5_11SyncRequestNtCsgrh9ML4AhPT_5ts_rs2TS11output_path
FNDA:0,_RNvXs1_NtCs49cC0xe9Fgi_13tanaka_server4syncNtB5_11SyncRequestNtCsgrh9ML4AhPT_5ts_rs2TS13decl_concrete
FNDA:0,_RNvXs1_NtCs49cC0xe9Fgi_13tanaka_server4syncNtB5_11SyncRequestNtCsgrh9ML4AhPT_5ts_rs2TS16inline_flattened
FNDA:0,_RNvXs1_NtCs49cC0xe9Fgi_13tanaka_server4syncNtB5_11SyncRequestNtCsgrh9ML4AhPT_5ts_rs2TS4decl
FNDA:0,_RNvXs1_NtCs49cC0xe9Fgi_13tanaka_server4syncNtB5_11SyncRequestNtCsgrh9ML4AhPT_5ts_rs2TS4name
FNDA:0,_RNvXs1_NtCs49cC0xe9Fgi_13tanaka_server4syncNtB5_11SyncRequestNtCsgrh9ML4AhPT_5ts_rs2TS5ident
FNDA:0,_RNvXs1_NtCs49cC0xe9Fgi_13tanaka_server4syncNtB5_11SyncRequestNtCsgrh9ML4AhPT_5ts_rs2TS6inline
FNDA:0,_RNvXs4_NtCs49cC0xe9Fgi_13tanaka_server4syncNtB5_12SyncResponseNtCsgrh9ML4AhPT_5ts_rs2TS11output_path
FNDA:0,_RNvXs4_NtCs49cC0xe9Fgi_13tanaka_server4syncNtB5_12SyncResponseNtCsgrh9ML4AhPT_5ts_rs2TS13decl_concrete
FNDA:0,_RNvXs4_NtCs49cC0xe9Fgi_13tanaka_server4syncNtB5_12SyncResponseNtCsgrh9ML4AhPT_5ts_rs2TS16inline_flattened
FNDA:0,_RNvXs4_NtCs49cC0xe9Fgi_13tanaka_server4syncNtB5_12SyncResponseNtCsgrh9ML4AhPT_5ts_rs2TS4decl
FNDA:0,_RNvXs4_NtCs49cC0xe9Fgi_13tanaka_server4syncNtB5_12SyncResponseNtCsgrh9ML4AhPT_5ts_rs2TS4name
FNDA:0,_RNvXs4_NtCs49cC0xe9Fgi_13tanaka_server4syncNtB5_12SyncResponseNtCsgrh9ML4AhPT_5ts_rs2TS5ident
FNDA:0,_RNvXs4_NtCs49cC0xe9Fgi_13tanaka_server4syncNtB5_12SyncResponseNtCsgrh9ML4AhPT_5ts_rs2TS6inline
FNDA:0,_RNvXs7_NtCs49cC0xe9Fgi_13tanaka_server4syncNtB5_13CrdtOperationNtCsgrh9ML4AhPT_5ts_rs2TS11output_path
FNDA:0,_RNvXs7_NtCs49cC0xe9Fgi_13tanaka_server4syncNtB5_13CrdtOperationNtCsgrh9ML4AhPT_5ts_rs2TS13decl_concrete
FNDA:0,_RNvXs7_NtCs49cC0xe9Fgi_13tanaka_server4syncNtB5_13CrdtOperationNtCsgrh9ML4AhPT_5ts_rs2TS16inline_flattened
FNDA:0,_RNvXs7_NtCs49cC0xe9Fgi_13tanaka_server4syncNtB5_13CrdtOperationNtCsgrh9ML4AhPT_5ts_rs2TS4decl
FNDA:0,_RNvXs7_NtCs49cC0xe9Fgi_13tanaka_server4syncNtB5_13CrdtOperationNtCsgrh9ML4AhPT_5ts_rs2TS4name
FNDA:0,_RNvXs7_NtCs49cC0xe9Fgi_13tanaka_server4syncNtB5_13CrdtOperationNtCsgrh9ML4AhPT_5ts_rs2TS5ident
FNDA:0,_RNvXs7_NtCs49cC0xe9Fgi_13tanaka_server4syncNtB5_13CrdtOperationNtCsgrh9ML4AhPT_5ts_rs2TS6inline
FNDA:0,_RNvXsc_NtCs49cC0xe9Fgi_13tanaka_server4syncNtB5_7TabDataNtCsgrh9ML4AhPT_5ts_rs2TS11output_path
FNDA:0,_RNvXsc_NtCs49cC0xe9Fgi_13tanaka_server4syncNtB5_7TabDataNtCsgrh9ML4AhPT_5ts_rs2TS13decl_concrete
FNDA:0,_RNvXsc_NtCs49cC0xe9Fgi_13tanaka_server4syncNtB5_7TabDataNtCsgrh9ML4AhPT_5ts_rs2TS16inline_flattened
FNDA:0,_RNvXsc_NtCs49cC0xe9Fgi_13tanaka_server4syncNtB5_7TabDataNtCsgrh9ML4AhPT_5ts_rs2TS4decl
FNDA:0,_RNvXsc_NtCs49cC0xe9Fgi_13tanaka_server4syncNtB5_7TabDataNtCsgrh9ML4AhPT_5ts_rs2TS4name
FNDA:0,_RNvXsc_NtCs49cC0xe9Fgi_13tanaka_server4syncNtB5_7TabDataNtCsgrh9ML4AhPT_5ts_rs2TS5ident
FNDA:0,_RNvXsc_NtCs49cC0xe9Fgi_13tanaka_server4syncNtB5_7TabDataNtCsgrh9ML4AhPT_5ts_rs2TS6inline
FNDA:1,_RNvMNtCs49cC0xe9Fgi_13tanaka_server4syncNtB2_13CrdtOperation10updated_at
FNDA:17,_RNvMNtCs49cC0xe9Fgi_13tanaka_server4syncNtB2_13CrdtOperation14operation_type
FNDA:2,_RNvMNtCs49cC0xe9Fgi_13tanaka_server4syncNtB2_13CrdtOperation8validate
FNDA:47,_RNvMNtCs49cC0xe9Fgi_13tanaka_server4syncNtB2_13CrdtOperation9target_id
FNDA:1,_RNvNtNtCs49cC0xe9Fgi_13tanaka_server4sync5testss_18test_serialization
FNDA:1,_RNvNtNtCs49cC0xe9Fgi_13tanaka_server4sync5testss_25test_operation_properties
FNDA:1,_RNvNtNtCs49cC0xe9Fgi_13tanaka_server4sync5testss_25test_operation_validation
FNF:22
FNH:15
DA:10,0
DA:23,0
DA:33,0
DA:82,0
DA:99,386
DA:100,386
DA:101,354
DA:102,13
DA:103,5
DA:104,1
DA:105,5
DA:106,6
DA:107,1
DA:108,386
DA:109,386
DA:110,386
DA:113,186
DA:114,186
DA:115,171
DA:116,7
DA:117,3
DA:118,0
DA:119,3
DA:120,2
DA:121,0
DA:122,0
DA:124,186
DA:127,1
DA:128,1
DA:129,1
DA:130,0
DA:131,0
DA:132,0
DA:133,0
DA:134,0
DA:135,0
DA:136,0
DA:138,1
DA:145,168
DA:146,168
DA:147,164
DA:148,164
DA:149,2
DA:150,162
DA:151,162
DA:152,0
DA:153,0
DA:154,0
DA:155,0
DA:156,162
DA:157,162
DA:158,0
DA:159,0
DA:160,0
DA:161,0
DA:162,162
DA:163,162
DA:164,0
DA:165,0
DA:166,0
DA:167,0
DA:168,162
DA:170,1
DA:171,1
DA:172,0
DA:173,1
DA:174,3
DA:175,0
DA:176,3
DA:178,1
DA:179,0
DA:180,0
DA:181,1
DA:182,0
DA:183,0
DA:184,0
DA:185,0
DA:186,1
DA:190,166
DA:191,1
DA:192,0
DA:193,1
DA:194,165
DA:197,0
DA:198,166
DA:200,0
DA:201,0
DA:202,0
DA:203,0
DA:204,0
DA:205,0
DA:206,0
DA:207,0
DA:208,0
DA:209,0
DA:210,0
DA:211,0
DA:212,166
DA:214,166
DA:215,168
DA:235,29
DA:236,29
DA:237,29
DA:238,29
DA:239,29
DA:240,29
DA:241,29
DA:242,29
DA:247,0
DA:251,194
DA:252,166
DA:256,28
DA:257,28
DA:258,28
DA:259,28
DA:262,193
DA:263,165
DA:264,165
DA:265,165
DA:266,0
DA:267,0
DA:268,0
DA:269,0
DA:273,165
DA:274,165
DA:275,165
DA:278,165
DA:283,28
DA:284,13
DA:285,13
DA:286,13
DA:287,13
DA:288,13
DA:289,13
DA:292,15
DA:293,15
DA:294,15
DA:295,15
DA:296,342
DA:297,153
DA:298,15
DA:301,28
DA:302,28
DA:303,28
DA:304,28
DA:307,0
DA:308,0
DA:309,0
DA:310,0
DA:313,28
DA:314,28
DA:315,28
DA:316,28
DA:317,29
DA:329,165
DA:330,165
DA:331,165
DA:332,165
DA:333,165
DA:334,165
DA:335,165
DA:336,165
DA:337,165
DA:338,165
DA:339,165
DA:340,161
DA:341,161
DA:342,161
DA:343,161
DA:344,161
DA:345,161
DA:346,161
DA:347,161
DA:348,161
DA:349,161
DA:350,161
DA:351,161
DA:352,161
DA:354,1
DA:355,1
DA:356,1
DA:358,1
DA:360,1
DA:361,2
DA:362,1
DA:363,1
DA:364,1
DA:365,1
DA:367,0
DA:371,0
DA:372,0
DA:373,0
DA:377,0
DA:378,0
DA:379,0
DA:380,0
DA:381,0
DA:382,0
DA:383,0
DA:387,0
DA:390,0
DA:393,1
DA:395,1
DA:396,1
DA:397,1
DA:398,1
DA:399,1
DA:400,1
DA:401,1
DA:402,1
DA:403,1
DA:407,0
DA:410,0
DA:413,1
DA:414,1
DA:415,1
DA:416,1
DA:417,1
DA:418,1
DA:419,1
DA:420,1
DA:421,1
DA:424,0
DA:427,0
DA:429,0
DA:430,0
DA:431,0
DA:432,0
DA:433,0
DA:434,0
DA:437,0
DA:438,0
DA:439,0
DA:440,0
DA:441,0
DA:442,0
DA:443,0
DA:444,0
DA:447,0
DA:450,0
DA:451,0
DA:453,0
DA:454,0
DA:455,0
DA:458,0
DA:461,0
DA:466,165
DA:467,165
DA:474,1
DA:475,1
DA:476,1
DA:477,1
DA:478,1
DA:479,1
DA:480,1
DA:481,1
DA:482,1
DA:483,1
DA:484,1
DA:485,1
DA:486,1
DA:488,1
DA:489,1
DA:490,1
DA:491,1
DA:492,1
DA:493,1
DA:494,1
DA:495,1
DA:496,1
DA:497,1
DA:498,1
DA:499,1
DA:500,1
DA:503,1
DA:504,1
DA:505,1
DA:506,1
DA:507,1
DA:508,1
DA:509,1
DA:510,1
DA:511,1
DA:512,1
DA:513,1
DA:514,1
DA:515,1
DA:516,1
DA:517,1
DA:518,1
DA:519,1
DA:522,1
DA:523,1
DA:524,1
DA:525,1
DA:526,1
DA:527,1
DA:528,1
DA:529,1
DA:530,1
DA:531,1
DA:532,1
DA:533,1
BRF:0
BRH:0
LF:312
LH:213
end_of_record
