SF:/Users/manish/projects/tanaka/server/src/auth.rs
FN:19,_RNCNCNvNtCslbfR7TIOxqS_13tanaka_server4auth15auth_middleware00B7_
FN:15,_RNCNvNtCslbfR7TIOxqS_13tanaka_server4auth15auth_middleware0B5_
FN:11,_RNvNtCslbfR7TIOxqS_13tanaka_server4auth15auth_middleware
FN:19,_RNCNCNvNtCsavu2Ro5SPdo_13tanaka_server4auth15auth_middleware00B7_
FN:15,_RNCNvNtCsavu2Ro5SPdo_13tanaka_server4auth15auth_middleware0B5_
FN:11,_RNvNtCsavu2Ro5SPdo_13tanaka_server4auth15auth_middleware
FNDA:0,_RNCNCNvNtCslbfR7TIOxqS_13tanaka_server4auth15auth_middleware00B7_
FNDA:0,_RNCNvNtCslbfR7TIOxqS_13tanaka_server4auth15auth_middleware0B5_
FNDA:0,_RNvNtCslbfR7TIOxqS_13tanaka_server4auth15auth_middleware
FNDA:0,_RNCNCNvNtCsavu2Ro5SPdo_13tanaka_server4auth15auth_middleware00B7_
FNDA:0,_RNCNvNtCsavu2Ro5SPdo_13tanaka_server4auth15auth_middleware0B5_
FNDA:0,_RNvNtCsavu2Ro5SPdo_13tanaka_server4auth15auth_middleware
FNF:3
FNH:0
DA:11,0
DA:12,0
DA:13,0
DA:14,0
DA:15,0
DA:16,0
DA:17,0
DA:18,0
DA:19,0
DA:21,0
DA:22,0
DA:23,0
DA:24,0
DA:25,0
DA:27,0
DA:30,0
DA:31,0
DA:32,0
DA:33,0
DA:34,0
DA:36,0
BRF:0
BRH:0
LF:23
LH:0
end_of_record
SF:/Users/manish/projects/tanaka/server/src/config.rs
FN:193,_RNCNvMNtCshZwSrvLNNwg_13tanaka_server6configNtB4_6Config4load0B6_
FN:198,_RNCNvMNtCshZwSrvLNNwg_13tanaka_server6configNtB4_6Config4loads_0B6_
FN:287,_RNCNvMNtCshZwSrvLNNwg_13tanaka_server6configNtB4_6Config4save0B6_
FN:292,_RNCNvMNtCshZwSrvLNNwg_13tanaka_server6configNtB4_6Config4saves_0B6_
FN:101,_RNCNvXsg_NtCshZwSrvLNNwg_13tanaka_server6configNtB7_4ArgsNtNtCs3op0AdADmj8_12clap_builder6derive14FromArgMatches20from_arg_matches_mut0B9_
FN:101,_RNCNvXsg_NtCshZwSrvLNNwg_13tanaka_server6configNtB7_4ArgsNtNtCs3op0AdADmj8_12clap_builder6derive14FromArgMatches27update_from_arg_matches_mut0B9_
FN:185,_RNvMNtCshZwSrvLNNwg_13tanaka_server6configNtB2_6Config4load
FN:286,_RNvMNtCshZwSrvLNNwg_13tanaka_server6configNtB2_6Config4save
FN:236,_RNvMNtCshZwSrvLNNwg_13tanaka_server6configNtB2_6Config8validate
FN:116,_RNvNtCshZwSrvLNNwg_13tanaka_server6config17default_bind_addr
FN:164,_RNvNtCshZwSrvLNNwg_13tanaka_server6config17default_log_level
FN:148,_RNvNtCshZwSrvLNNwg_13tanaka_server6config17default_poll_secs
FN:128,_RNvNtCshZwSrvLNNwg_13tanaka_server6config17default_pool_size
FN:152,_RNvNtCshZwSrvLNNwg_13tanaka_server6config18default_flush_secs
FN:168,_RNvNtCshZwSrvLNNwg_13tanaka_server6config18default_log_format
FN:160,_RNvNtCshZwSrvLNNwg_13tanaka_server6config19default_compression
FN:124,_RNvNtCshZwSrvLNNwg_13tanaka_server6config20default_database_url
FN:136,_RNvNtCshZwSrvLNNwg_13tanaka_server6config20default_token_header
FN:140,_RNvNtCshZwSrvLNNwg_13tanaka_server6config21default_rate_limiting
FN:172,_RNvNtCshZwSrvLNNwg_13tanaka_server6config23default_request_logging
FN:120,_RNvNtCshZwSrvLNNwg_13tanaka_server6config23default_request_timeout
FN:156,_RNvNtCshZwSrvLNNwg_13tanaka_server6config24default_max_payload_size
FN:132,_RNvNtCshZwSrvLNNwg_13tanaka_server6config26default_connection_timeout
FN:144,_RNvNtCshZwSrvLNNwg_13tanaka_server6config31default_max_requests_per_minute
FN:302,_RNvXs_NtCshZwSrvLNNwg_13tanaka_server6configNtB4_6ConfigNtNtCsfvfooZQ3Axs_4core7default7Default7default
FN:101,_RNCNvXsg_NtCsj5eehSrW5PK_13tanaka_server6configNtB7_4ArgsNtNtCs3op0AdADmj8_12clap_builder6derive14FromArgMatches20from_arg_matches_mut0B9_
FN:101,_RNCNvXsg_NtCsj5eehSrW5PK_13tanaka_server6configNtB7_4ArgsNtNtCs3op0AdADmj8_12clap_builder6derive14FromArgMatches27update_from_arg_matches_mut0B9_
FN:193,_RNCNvMNtCsj5eehSrW5PK_13tanaka_server6configNtB4_6Config4load0B6_
FN:198,_RNCNvMNtCsj5eehSrW5PK_13tanaka_server6configNtB4_6Config4loads_0B6_
FN:287,_RNCNvMNtCsj5eehSrW5PK_13tanaka_server6configNtB4_6Config4save0B6_
FN:292,_RNCNvMNtCsj5eehSrW5PK_13tanaka_server6configNtB4_6Config4saves_0B6_
FN:342,_RNvNtNtCsj5eehSrW5PK_13tanaka_server6config5testss_19test_default_config
FN:363,_RNvNtNtCsj5eehSrW5PK_13tanaka_server6config5testss_21test_config_save_load
FN:350,_RNvNtNtCsj5eehSrW5PK_13tanaka_server6config5testss_22test_config_validation
FN:185,_RNvMNtCsj5eehSrW5PK_13tanaka_server6configNtB2_6Config4load
FN:286,_RNvMNtCsj5eehSrW5PK_13tanaka_server6configNtB2_6Config4save
FN:236,_RNvMNtCsj5eehSrW5PK_13tanaka_server6configNtB2_6Config8validate
FN:116,_RNvNtCsj5eehSrW5PK_13tanaka_server6config17default_bind_addr
FN:164,_RNvNtCsj5eehSrW5PK_13tanaka_server6config17default_log_level
FN:148,_RNvNtCsj5eehSrW5PK_13tanaka_server6config17default_poll_secs
FN:128,_RNvNtCsj5eehSrW5PK_13tanaka_server6config17default_pool_size
FN:152,_RNvNtCsj5eehSrW5PK_13tanaka_server6config18default_flush_secs
FN:168,_RNvNtCsj5eehSrW5PK_13tanaka_server6config18default_log_format
FN:160,_RNvNtCsj5eehSrW5PK_13tanaka_server6config19default_compression
FN:124,_RNvNtCsj5eehSrW5PK_13tanaka_server6config20default_database_url
FN:136,_RNvNtCsj5eehSrW5PK_13tanaka_server6config20default_token_header
FN:140,_RNvNtCsj5eehSrW5PK_13tanaka_server6config21default_rate_limiting
FN:172,_RNvNtCsj5eehSrW5PK_13tanaka_server6config23default_request_logging
FN:120,_RNvNtCsj5eehSrW5PK_13tanaka_server6config23default_request_timeout
FN:156,_RNvNtCsj5eehSrW5PK_13tanaka_server6config24default_max_payload_size
FN:132,_RNvNtCsj5eehSrW5PK_13tanaka_server6config26default_connection_timeout
FN:144,_RNvNtCsj5eehSrW5PK_13tanaka_server6config31default_max_requests_per_minute
FN:302,_RNvXs_NtCsj5eehSrW5PK_13tanaka_server6configNtB4_6ConfigNtNtCsfvfooZQ3Axs_4core7default7Default7default
FNDA:0,_RNCNvMNtCshZwSrvLNNwg_13tanaka_server6configNtB4_6Config4load0B6_
FNDA:0,_RNCNvMNtCshZwSrvLNNwg_13tanaka_server6configNtB4_6Config4loads_0B6_
FNDA:0,_RNCNvMNtCshZwSrvLNNwg_13tanaka_server6configNtB4_6Config4save0B6_
FNDA:0,_RNCNvMNtCshZwSrvLNNwg_13tanaka_server6configNtB4_6Config4saves_0B6_
FNDA:0,_RNCNvXsg_NtCshZwSrvLNNwg_13tanaka_server6configNtB7_4ArgsNtNtCs3op0AdADmj8_12clap_builder6derive14FromArgMatches20from_arg_matches_mut0B9_
FNDA:0,_RNCNvXsg_NtCshZwSrvLNNwg_13tanaka_server6configNtB7_4ArgsNtNtCs3op0AdADmj8_12clap_builder6derive14FromArgMatches27update_from_arg_matches_mut0B9_
FNDA:0,_RNvMNtCshZwSrvLNNwg_13tanaka_server6configNtB2_6Config4load
FNDA:0,_RNvMNtCshZwSrvLNNwg_13tanaka_server6configNtB2_6Config4save
FNDA:0,_RNvMNtCshZwSrvLNNwg_13tanaka_server6configNtB2_6Config8validate
FNDA:3,_RNvNtCshZwSrvLNNwg_13tanaka_server6config17default_bind_addr
FNDA:3,_RNvNtCshZwSrvLNNwg_13tanaka_server6config17default_log_level
FNDA:3,_RNvNtCshZwSrvLNNwg_13tanaka_server6config17default_poll_secs
FNDA:3,_RNvNtCshZwSrvLNNwg_13tanaka_server6config17default_pool_size
FNDA:3,_RNvNtCshZwSrvLNNwg_13tanaka_server6config18default_flush_secs
FNDA:3,_RNvNtCshZwSrvLNNwg_13tanaka_server6config18default_log_format
FNDA:3,_RNvNtCshZwSrvLNNwg_13tanaka_server6config19default_compression
FNDA:3,_RNvNtCshZwSrvLNNwg_13tanaka_server6config20default_database_url
FNDA:3,_RNvNtCshZwSrvLNNwg_13tanaka_server6config20default_token_header
FNDA:3,_RNvNtCshZwSrvLNNwg_13tanaka_server6config21default_rate_limiting
FNDA:3,_RNvNtCshZwSrvLNNwg_13tanaka_server6config23default_request_logging
FNDA:3,_RNvNtCshZwSrvLNNwg_13tanaka_server6config23default_request_timeout
FNDA:3,_RNvNtCshZwSrvLNNwg_13tanaka_server6config24default_max_payload_size
FNDA:3,_RNvNtCshZwSrvLNNwg_13tanaka_server6config26default_connection_timeout
FNDA:3,_RNvNtCshZwSrvLNNwg_13tanaka_server6config31default_max_requests_per_minute
FNDA:3,_RNvXs_NtCshZwSrvLNNwg_13tanaka_server6configNtB4_6ConfigNtNtCsfvfooZQ3Axs_4core7default7Default7default
FNDA:0,_RNCNvXsg_NtCsj5eehSrW5PK_13tanaka_server6configNtB7_4ArgsNtNtCs3op0AdADmj8_12clap_builder6derive14FromArgMatches20from_arg_matches_mut0B9_
FNDA:0,_RNCNvXsg_NtCsj5eehSrW5PK_13tanaka_server6configNtB7_4ArgsNtNtCs3op0AdADmj8_12clap_builder6derive14FromArgMatches27update_from_arg_matches_mut0B9_
FNDA:0,_RNCNvMNtCsj5eehSrW5PK_13tanaka_server6configNtB4_6Config4load0B6_
FNDA:0,_RNCNvMNtCsj5eehSrW5PK_13tanaka_server6configNtB4_6Config4loads_0B6_
FNDA:0,_RNCNvMNtCsj5eehSrW5PK_13tanaka_server6configNtB4_6Config4save0B6_
FNDA:0,_RNCNvMNtCsj5eehSrW5PK_13tanaka_server6configNtB4_6Config4saves_0B6_
FNDA:1,_RNvNtNtCsj5eehSrW5PK_13tanaka_server6config5testss_19test_default_config
FNDA:1,_RNvNtNtCsj5eehSrW5PK_13tanaka_server6config5testss_21test_config_save_load
FNDA:1,_RNvNtNtCsj5eehSrW5PK_13tanaka_server6config5testss_22test_config_validation
FNDA:1,_RNvMNtCsj5eehSrW5PK_13tanaka_server6configNtB2_6Config4load
FNDA:1,_RNvMNtCsj5eehSrW5PK_13tanaka_server6configNtB2_6Config4save
FNDA:4,_RNvMNtCsj5eehSrW5PK_13tanaka_server6configNtB2_6Config8validate
FNDA:3,_RNvNtCsj5eehSrW5PK_13tanaka_server6config17default_bind_addr
FNDA:3,_RNvNtCsj5eehSrW5PK_13tanaka_server6config17default_log_level
FNDA:3,_RNvNtCsj5eehSrW5PK_13tanaka_server6config17default_poll_secs
FNDA:3,_RNvNtCsj5eehSrW5PK_13tanaka_server6config17default_pool_size
FNDA:3,_RNvNtCsj5eehSrW5PK_13tanaka_server6config18default_flush_secs
FNDA:3,_RNvNtCsj5eehSrW5PK_13tanaka_server6config18default_log_format
FNDA:3,_RNvNtCsj5eehSrW5PK_13tanaka_server6config19default_compression
FNDA:3,_RNvNtCsj5eehSrW5PK_13tanaka_server6config20default_database_url
FNDA:3,_RNvNtCsj5eehSrW5PK_13tanaka_server6config20default_token_header
FNDA:3,_RNvNtCsj5eehSrW5PK_13tanaka_server6config21default_rate_limiting
FNDA:3,_RNvNtCsj5eehSrW5PK_13tanaka_server6config23default_request_logging
FNDA:3,_RNvNtCsj5eehSrW5PK_13tanaka_server6config23default_request_timeout
FNDA:3,_RNvNtCsj5eehSrW5PK_13tanaka_server6config24default_max_payload_size
FNDA:3,_RNvNtCsj5eehSrW5PK_13tanaka_server6config26default_connection_timeout
FNDA:3,_RNvNtCsj5eehSrW5PK_13tanaka_server6config31default_max_requests_per_minute
FNDA:3,_RNvXs_NtCsj5eehSrW5PK_13tanaka_server6configNtB4_6ConfigNtNtCsfvfooZQ3Axs_4core7default7Default7default
FNF:27
FNH:22
DA:101,0
DA:116,6
DA:117,6
DA:118,6
DA:120,6
DA:121,6
DA:122,6
DA:124,6
DA:125,6
DA:126,6
DA:128,6
DA:129,6
DA:130,6
DA:132,6
DA:133,6
DA:134,6
DA:136,6
DA:137,6
DA:138,6
DA:140,6
DA:141,6
DA:142,6
DA:144,6
DA:145,6
DA:146,6
DA:148,6
DA:149,6
DA:150,6
DA:152,6
DA:153,6
DA:154,6
DA:156,6
DA:157,6
DA:158,6
DA:160,6
DA:161,6
DA:162,6
DA:164,6
DA:165,6
DA:166,6
DA:168,6
DA:169,6
DA:170,6
DA:172,6
DA:173,6
DA:174,6
DA:185,1
DA:186,1
DA:187,1
DA:188,0
DA:189,1
DA:190,0
DA:192,1
DA:193,1
DA:194,0
DA:195,0
DA:196,1
DA:198,1
DA:199,0
DA:200,0
DA:201,1
DA:203,0
DA:206,1
DA:207,0
DA:208,1
DA:210,1
DA:211,0
DA:212,1
DA:214,1
DA:215,0
DA:216,1
DA:218,1
DA:219,0
DA:220,1
DA:222,1
DA:224,1
DA:225,1
DA:236,4
DA:237,4
DA:238,0
DA:239,0
DA:240,0
DA:241,0
DA:242,4
DA:243,4
DA:244,4
DA:245,1
DA:246,1
DA:247,1
DA:248,1
DA:249,3
DA:251,3
DA:252,0
DA:253,0
DA:254,0
DA:255,0
DA:256,0
DA:257,0
DA:258,0
DA:259,0
DA:260,0
DA:261,0
DA:262,0
DA:263,0
DA:264,0
DA:265,3
DA:267,3
DA:268,3
DA:269,1
DA:270,1
DA:271,1
DA:272,1
DA:273,2
DA:274,2
DA:275,2
DA:276,4
DA:286,1
DA:287,1
DA:288,0
DA:289,0
DA:290,1
DA:292,1
DA:293,0
DA:294,0
DA:295,1
DA:297,1
DA:298,1
DA:302,6
DA:303,6
DA:304,6
DA:305,6
DA:306,6
DA:307,6
DA:308,6
DA:309,6
DA:310,6
DA:311,6
DA:312,6
DA:313,6
DA:314,6
DA:315,6
DA:316,6
DA:317,6
DA:318,6
DA:319,6
DA:320,6
DA:321,6
DA:322,6
DA:323,6
DA:324,6
DA:325,6
DA:326,6
DA:327,6
DA:328,6
DA:329,6
DA:330,6
DA:331,6
DA:332,6
DA:333,6
DA:342,1
DA:343,1
DA:344,1
DA:345,1
DA:346,1
DA:347,1
DA:350,1
DA:351,1
DA:352,1
DA:353,1
DA:355,1
DA:356,1
DA:358,1
DA:359,1
DA:360,1
DA:363,1
DA:364,1
DA:365,1
DA:366,1
DA:367,1
DA:368,1
DA:369,1
DA:370,1
DA:371,1
DA:373,1
DA:374,1
DA:375,1
DA:376,1
DA:377,1
DA:378,1
DA:379,1
DA:380,1
DA:381,1
DA:382,1
DA:383,1
BRF:0
BRH:0
LF:202
LH:161
end_of_record
SF:/Users/manish/projects/tanaka/server/src/crdt.rs
FN:27,_RNvXNtCshZwSrvLNNwg_13tanaka_server4crdtNtNtB4_5error8AppErrorINtNtCsfvfooZQ3Axs_4core7convert4FromNtB2_9CrdtErrorE4from
FN:140,_RNvMs0_NtCshZwSrvLNNwg_13tanaka_server4crdtNtB5_12CrdtDocument10from_state
FN:225,_RNvMs0_NtCshZwSrvLNNwg_13tanaka_server4crdtNtB5_12CrdtDocument10remove_tab
FN:203,_RNvMs0_NtCshZwSrvLNNwg_13tanaka_server4crdtNtB5_12CrdtDocument10upsert_tab
FN:320,_RNvMs0_NtCshZwSrvLNNwg_13tanaka_server4crdtNtB5_12CrdtDocument11get_windows
FN:168,_RNvMs0_NtCshZwSrvLNNwg_13tanaka_server4crdtNtB5_12CrdtDocument12apply_update
FN:180,_RNvMs0_NtCshZwSrvLNNwg_13tanaka_server4crdtNtB5_12CrdtDocument12encode_state
FN:192,_RNvMs0_NtCshZwSrvLNNwg_13tanaka_server4crdtNtB5_12CrdtDocument12state_vector
FN:237,_RNvMs0_NtCshZwSrvLNNwg_13tanaka_server4crdtNtB5_12CrdtDocument13upsert_window
FN:186,_RNvMs0_NtCshZwSrvLNNwg_13tanaka_server4crdtNtB5_12CrdtDocument17encode_diff_since
FN:122,_RNvMs0_NtCshZwSrvLNNwg_13tanaka_server4crdtNtB5_12CrdtDocument3new
FN:259,_RNvMs0_NtCshZwSrvLNNwg_13tanaka_server4crdtNtB5_12CrdtDocument8get_tabs
FN:487,_RNvMs2_NtCshZwSrvLNNwg_13tanaka_server4crdtNtB5_11CrdtManager10tick_clock
FN:415,_RNvMs2_NtCshZwSrvLNNwg_13tanaka_server4crdtNtB5_11CrdtManager12apply_update
FN:482,_RNvMs2_NtCshZwSrvLNNwg_13tanaka_server4crdtNtB5_11CrdtManager12update_clock
FN:477,_RNvMs2_NtCshZwSrvLNNwg_13tanaka_server4crdtNtB5_11CrdtManager13current_clock
FN:399,_RNvMs2_NtCshZwSrvLNNwg_13tanaka_server4crdtNtB5_11CrdtManager13load_document
FN:469,_RNvMs2_NtCshZwSrvLNNwg_13tanaka_server4crdtNtB5_11CrdtManager14get_full_state
FN:441,_RNvMs2_NtCshZwSrvLNNwg_13tanaka_server4crdtNtB5_11CrdtManager17get_updates_since
FN:379,_RNvMs2_NtCshZwSrvLNNwg_13tanaka_server4crdtNtB5_11CrdtManager18with_initial_clock
FN:387,_RNvMs2_NtCshZwSrvLNNwg_13tanaka_server4crdtNtB5_11CrdtManager22get_or_create_document
FN:505,_RNvMs2_NtCshZwSrvLNNwg_13tanaka_server4crdtNtB5_11CrdtManager23restore_from_operations
FN:371,_RNvMs2_NtCshZwSrvLNNwg_13tanaka_server4crdtNtB5_11CrdtManager3new
FN:492,_RNvMs2_NtCshZwSrvLNNwg_13tanaka_server4crdtNtB5_11CrdtManager7node_id
FN:50,_RNvMs_NtCshZwSrvLNNwg_13tanaka_server4crdtNtB4_12LamportClock18with_initial_value
FN:42,_RNvMs_NtCshZwSrvLNNwg_13tanaka_server4crdtNtB4_12LamportClock3new
FN:58,_RNvMs_NtCshZwSrvLNNwg_13tanaka_server4crdtNtB4_12LamportClock4tick
FN:67,_RNvMs_NtCshZwSrvLNNwg_13tanaka_server4crdtNtB4_12LamportClock6update
FN:85,_RNvMs_NtCshZwSrvLNNwg_13tanaka_server4crdtNtB4_12LamportClock7current
FN:90,_RNvMs_NtCshZwSrvLNNwg_13tanaka_server4crdtNtB4_12LamportClock7node_id
FN:359,_RNvXs1_NtCshZwSrvLNNwg_13tanaka_server4crdtNtB5_12CrdtDocumentNtNtCsfvfooZQ3Axs_4core7default7Default7default
FN:147,_RNCNvMs0_NtCshZwSrvLNNwg_13tanaka_server4crdtNtB7_12CrdtDocument10from_state0B9_
FN:149,_RNCNvMs0_NtCshZwSrvLNNwg_13tanaka_server4crdtNtB7_12CrdtDocument10from_states_0B9_
FN:172,_RNCNvMs0_NtCshZwSrvLNNwg_13tanaka_server4crdtNtB7_12CrdtDocument12apply_update0B9_
FN:174,_RNCNvMs0_NtCshZwSrvLNNwg_13tanaka_server4crdtNtB7_12CrdtDocument12apply_updates_0B9_
FN:390,_RNCNvMs2_NtCshZwSrvLNNwg_13tanaka_server4crdtNtB7_11CrdtManager22get_or_create_document0B9_
FN:535,_RNCNvMs2_NtCshZwSrvLNNwg_13tanaka_server4crdtNtB7_11CrdtManager23restore_from_operations0B9_
FN:557,_RNCNvMs2_NtCshZwSrvLNNwg_13tanaka_server4crdtNtB7_11CrdtManager23restore_from_operationss0_0B9_
FN:577,_RNCNvMs2_NtCshZwSrvLNNwg_13tanaka_server4crdtNtB7_11CrdtManager23restore_from_operationss1_0B9_
FN:585,_RNCNvMs2_NtCshZwSrvLNNwg_13tanaka_server4crdtNtB7_11CrdtManager23restore_from_operationss2_0B9_
FN:548,_RNCNvMs2_NtCshZwSrvLNNwg_13tanaka_server4crdtNtB7_11CrdtManager23restore_from_operationss_0B9_
FN:192,_RNvMs0_NtCsj5eehSrW5PK_13tanaka_server4crdtNtB5_12CrdtDocument12state_vector
FN:359,_RNvXs1_NtCsj5eehSrW5PK_13tanaka_server4crdtNtB5_12CrdtDocumentNtNtCsfvfooZQ3Axs_4core7default7Default7default
FN:140,_RNvMs0_NtCsj5eehSrW5PK_13tanaka_server4crdtNtB5_12CrdtDocument10from_state
FN:225,_RNvMs0_NtCsj5eehSrW5PK_13tanaka_server4crdtNtB5_12CrdtDocument10remove_tab
FN:203,_RNvMs0_NtCsj5eehSrW5PK_13tanaka_server4crdtNtB5_12CrdtDocument10upsert_tab
FN:320,_RNvMs0_NtCsj5eehSrW5PK_13tanaka_server4crdtNtB5_12CrdtDocument11get_windows
FN:168,_RNvMs0_NtCsj5eehSrW5PK_13tanaka_server4crdtNtB5_12CrdtDocument12apply_update
FN:180,_RNvMs0_NtCsj5eehSrW5PK_13tanaka_server4crdtNtB5_12CrdtDocument12encode_state
FN:237,_RNvMs0_NtCsj5eehSrW5PK_13tanaka_server4crdtNtB5_12CrdtDocument13upsert_window
FN:186,_RNvMs0_NtCsj5eehSrW5PK_13tanaka_server4crdtNtB5_12CrdtDocument17encode_diff_since
FN:122,_RNvMs0_NtCsj5eehSrW5PK_13tanaka_server4crdtNtB5_12CrdtDocument3new
FN:259,_RNvMs0_NtCsj5eehSrW5PK_13tanaka_server4crdtNtB5_12CrdtDocument8get_tabs
FN:487,_RNvMs2_NtCsj5eehSrW5PK_13tanaka_server4crdtNtB5_11CrdtManager10tick_clock
FN:415,_RNvMs2_NtCsj5eehSrW5PK_13tanaka_server4crdtNtB5_11CrdtManager12apply_update
FN:482,_RNvMs2_NtCsj5eehSrW5PK_13tanaka_server4crdtNtB5_11CrdtManager12update_clock
FN:477,_RNvMs2_NtCsj5eehSrW5PK_13tanaka_server4crdtNtB5_11CrdtManager13current_clock
FN:399,_RNvMs2_NtCsj5eehSrW5PK_13tanaka_server4crdtNtB5_11CrdtManager13load_document
FN:469,_RNvMs2_NtCsj5eehSrW5PK_13tanaka_server4crdtNtB5_11CrdtManager14get_full_state
FN:441,_RNvMs2_NtCsj5eehSrW5PK_13tanaka_server4crdtNtB5_11CrdtManager17get_updates_since
FN:379,_RNvMs2_NtCsj5eehSrW5PK_13tanaka_server4crdtNtB5_11CrdtManager18with_initial_clock
FN:387,_RNvMs2_NtCsj5eehSrW5PK_13tanaka_server4crdtNtB5_11CrdtManager22get_or_create_document
FN:505,_RNvMs2_NtCsj5eehSrW5PK_13tanaka_server4crdtNtB5_11CrdtManager23restore_from_operations
FN:371,_RNvMs2_NtCsj5eehSrW5PK_13tanaka_server4crdtNtB5_11CrdtManager3new
FN:492,_RNvMs2_NtCsj5eehSrW5PK_13tanaka_server4crdtNtB5_11CrdtManager7node_id
FN:50,_RNvMs_NtCsj5eehSrW5PK_13tanaka_server4crdtNtB4_12LamportClock18with_initial_value
FN:42,_RNvMs_NtCsj5eehSrW5PK_13tanaka_server4crdtNtB4_12LamportClock3new
FN:58,_RNvMs_NtCsj5eehSrW5PK_13tanaka_server4crdtNtB4_12LamportClock4tick
FN:67,_RNvMs_NtCsj5eehSrW5PK_13tanaka_server4crdtNtB4_12LamportClock6update
FN:85,_RNvMs_NtCsj5eehSrW5PK_13tanaka_server4crdtNtB4_12LamportClock7current
FN:90,_RNvMs_NtCsj5eehSrW5PK_13tanaka_server4crdtNtB4_12LamportClock7node_id
FN:680,_RNvNtNtCsj5eehSrW5PK_13tanaka_server4crdt5testss_17test_crdt_manager
FN:656,_RNvNtNtCsj5eehSrW5PK_13tanaka_server4crdt5testss_18test_crdt_document
FN:602,_RNvNtNtCsj5eehSrW5PK_13tanaka_server4crdt5testss_18test_lamport_clock
FN:865,_RNvNtNtCsj5eehSrW5PK_13tanaka_server4crdt5testss_29test_invalid_state_from_bytes
FN:713,_RNvNtNtCsj5eehSrW5PK_13tanaka_server4crdt5testss_30test_crdt_document_tab_removal
FN:817,_RNvNtNtCsj5eehSrW5PK_13tanaka_server4crdt5testss_30test_crdt_manager_apply_update
FN:801,_RNvNtNtCsj5eehSrW5PK_13tanaka_server4crdt5testss_31test_crdt_manager_load_document
FN:846,_RNvNtNtCsj5eehSrW5PK_13tanaka_server4crdt5testss_34test_crdt_manager_clock_operations
FN:735,_RNvNtNtCsj5eehSrW5PK_13tanaka_server4crdt5testss_35test_crdt_document_state_operations
FN:833,_RNvNtNtCsj5eehSrW5PK_13tanaka_server4crdt5testss_35test_crdt_manager_get_updates_since
FN:751,_RNvNtNtCsj5eehSrW5PK_13tanaka_server4crdt5testss_36test_crdt_document_update_operations
FN:692,_RNvNtNtCsj5eehSrW5PK_13tanaka_server4crdt5testss_36test_crdt_document_window_operations
FN:782,_RNvNtNtCsj5eehSrW5PK_13tanaka_server4crdt5testss_36test_crdt_manager_multiple_documents
FN:615,_RNvNtNtCsj5eehSrW5PK_13tanaka_server4crdt5testss_37test_lamport_clock_concurrent_updates
FN:147,_RNCNvMs0_NtCsj5eehSrW5PK_13tanaka_server4crdtNtB7_12CrdtDocument10from_state0B9_
FN:149,_RNCNvMs0_NtCsj5eehSrW5PK_13tanaka_server4crdtNtB7_12CrdtDocument10from_states_0B9_
FN:172,_RNCNvMs0_NtCsj5eehSrW5PK_13tanaka_server4crdtNtB7_12CrdtDocument12apply_update0B9_
FN:174,_RNCNvMs0_NtCsj5eehSrW5PK_13tanaka_server4crdtNtB7_12CrdtDocument12apply_updates_0B9_
FN:390,_RNCNvMs2_NtCsj5eehSrW5PK_13tanaka_server4crdtNtB7_11CrdtManager22get_or_create_document0B9_
FN:535,_RNCNvMs2_NtCsj5eehSrW5PK_13tanaka_server4crdtNtB7_11CrdtManager23restore_from_operations0B9_
FN:557,_RNCNvMs2_NtCsj5eehSrW5PK_13tanaka_server4crdtNtB7_11CrdtManager23restore_from_operationss0_0B9_
FN:577,_RNCNvMs2_NtCsj5eehSrW5PK_13tanaka_server4crdtNtB7_11CrdtManager23restore_from_operationss1_0B9_
FN:585,_RNCNvMs2_NtCsj5eehSrW5PK_13tanaka_server4crdtNtB7_11CrdtManager23restore_from_operationss2_0B9_
FN:548,_RNCNvMs2_NtCsj5eehSrW5PK_13tanaka_server4crdtNtB7_11CrdtManager23restore_from_operationss_0B9_
FN:626,_RNCNCNvNtNtCsj5eehSrW5PK_13tanaka_server4crdt5testss_37test_lamport_clock_concurrent_updates00B9_
FN:624,_RNCNvNtNtCsj5eehSrW5PK_13tanaka_server4crdt5testss_37test_lamport_clock_concurrent_updates0B7_
FN:27,_RNvXNtCsj5eehSrW5PK_13tanaka_server4crdtNtNtB4_5error8AppErrorINtNtCsfvfooZQ3Axs_4core7convert4FromNtB2_9CrdtErrorE4from
FNDA:0,_RNvXNtCshZwSrvLNNwg_13tanaka_server4crdtNtNtB4_5error8AppErrorINtNtCsfvfooZQ3Axs_4core7convert4FromNtB2_9CrdtErrorE4from
FNDA:0,_RNvMs0_NtCshZwSrvLNNwg_13tanaka_server4crdtNtB5_12CrdtDocument10from_state
FNDA:1,_RNvMs0_NtCshZwSrvLNNwg_13tanaka_server4crdtNtB5_12CrdtDocument10remove_tab
FNDA:166,_RNvMs0_NtCshZwSrvLNNwg_13tanaka_server4crdtNtB5_12CrdtDocument10upsert_tab
FNDA:1,_RNvMs0_NtCshZwSrvLNNwg_13tanaka_server4crdtNtB5_12CrdtDocument11get_windows
FNDA:0,_RNvMs0_NtCshZwSrvLNNwg_13tanaka_server4crdtNtB5_12CrdtDocument12apply_update
FNDA:0,_RNvMs0_NtCshZwSrvLNNwg_13tanaka_server4crdtNtB5_12CrdtDocument12encode_state
FNDA:0,_RNvMs0_NtCshZwSrvLNNwg_13tanaka_server4crdtNtB5_12CrdtDocument12state_vector
FNDA:2,_RNvMs0_NtCshZwSrvLNNwg_13tanaka_server4crdtNtB5_12CrdtDocument13upsert_window
FNDA:0,_RNvMs0_NtCshZwSrvLNNwg_13tanaka_server4crdtNtB5_12CrdtDocument17encode_diff_since
FNDA:11,_RNvMs0_NtCshZwSrvLNNwg_13tanaka_server4crdtNtB5_12CrdtDocument3new
FNDA:3,_RNvMs0_NtCshZwSrvLNNwg_13tanaka_server4crdtNtB5_12CrdtDocument8get_tabs
FNDA:169,_RNvMs2_NtCshZwSrvLNNwg_13tanaka_server4crdtNtB5_11CrdtManager10tick_clock
FNDA:0,_RNvMs2_NtCshZwSrvLNNwg_13tanaka_server4crdtNtB5_11CrdtManager12apply_update
FNDA:28,_RNvMs2_NtCshZwSrvLNNwg_13tanaka_server4crdtNtB5_11CrdtManager12update_clock
FNDA:31,_RNvMs2_NtCshZwSrvLNNwg_13tanaka_server4crdtNtB5_11CrdtManager13current_clock
FNDA:0,_RNvMs2_NtCshZwSrvLNNwg_13tanaka_server4crdtNtB5_11CrdtManager13load_document
FNDA:0,_RNvMs2_NtCshZwSrvLNNwg_13tanaka_server4crdtNtB5_11CrdtManager14get_full_state
FNDA:0,_RNvMs2_NtCshZwSrvLNNwg_13tanaka_server4crdtNtB5_11CrdtManager17get_updates_since
FNDA:2,_RNvMs2_NtCshZwSrvLNNwg_13tanaka_server4crdtNtB5_11CrdtManager18with_initial_clock
FNDA:169,_RNvMs2_NtCshZwSrvLNNwg_13tanaka_server4crdtNtB5_11CrdtManager22get_or_create_document
FNDA:2,_RNvMs2_NtCshZwSrvLNNwg_13tanaka_server4crdtNtB5_11CrdtManager23restore_from_operations
FNDA:14,_RNvMs2_NtCshZwSrvLNNwg_13tanaka_server4crdtNtB5_11CrdtManager3new
FNDA:1,_RNvMs2_NtCshZwSrvLNNwg_13tanaka_server4crdtNtB5_11CrdtManager7node_id
FNDA:2,_RNvMs_NtCshZwSrvLNNwg_13tanaka_server4crdtNtB4_12LamportClock18with_initial_value
FNDA:14,_RNvMs_NtCshZwSrvLNNwg_13tanaka_server4crdtNtB4_12LamportClock3new
FNDA:169,_RNvMs_NtCshZwSrvLNNwg_13tanaka_server4crdtNtB4_12LamportClock4tick
FNDA:28,_RNvMs_NtCshZwSrvLNNwg_13tanaka_server4crdtNtB4_12LamportClock6update
FNDA:31,_RNvMs_NtCshZwSrvLNNwg_13tanaka_server4crdtNtB4_12LamportClock7current
FNDA:1,_RNvMs_NtCshZwSrvLNNwg_13tanaka_server4crdtNtB4_12LamportClock7node_id
FNDA:0,_RNvXs1_NtCshZwSrvLNNwg_13tanaka_server4crdtNtB5_12CrdtDocumentNtNtCsfvfooZQ3Axs_4core7default7Default7default
FNDA:0,_RNCNvMs0_NtCshZwSrvLNNwg_13tanaka_server4crdtNtB7_12CrdtDocument10from_state0B9_
FNDA:0,_RNCNvMs0_NtCshZwSrvLNNwg_13tanaka_server4crdtNtB7_12CrdtDocument10from_states_0B9_
FNDA:0,_RNCNvMs0_NtCshZwSrvLNNwg_13tanaka_server4crdtNtB7_12CrdtDocument12apply_update0B9_
FNDA:0,_RNCNvMs0_NtCshZwSrvLNNwg_13tanaka_server4crdtNtB7_12CrdtDocument12apply_updates_0B9_
FNDA:11,_RNCNvMs2_NtCshZwSrvLNNwg_13tanaka_server4crdtNtB7_11CrdtManager22get_or_create_document0B9_
FNDA:0,_RNCNvMs2_NtCshZwSrvLNNwg_13tanaka_server4crdtNtB7_11CrdtManager23restore_from_operations0B9_
FNDA:0,_RNCNvMs2_NtCshZwSrvLNNwg_13tanaka_server4crdtNtB7_11CrdtManager23restore_from_operationss0_0B9_
FNDA:0,_RNCNvMs2_NtCshZwSrvLNNwg_13tanaka_server4crdtNtB7_11CrdtManager23restore_from_operationss1_0B9_
FNDA:0,_RNCNvMs2_NtCshZwSrvLNNwg_13tanaka_server4crdtNtB7_11CrdtManager23restore_from_operationss2_0B9_
FNDA:0,_RNCNvMs2_NtCshZwSrvLNNwg_13tanaka_server4crdtNtB7_11CrdtManager23restore_from_operationss_0B9_
FNDA:0,_RNvMs0_NtCsj5eehSrW5PK_13tanaka_server4crdtNtB5_12CrdtDocument12state_vector
FNDA:0,_RNvXs1_NtCsj5eehSrW5PK_13tanaka_server4crdtNtB5_12CrdtDocumentNtNtCsfvfooZQ3Axs_4core7default7Default7default
FNDA:3,_RNvMs0_NtCsj5eehSrW5PK_13tanaka_server4crdtNtB5_12CrdtDocument10from_state
FNDA:2,_RNvMs0_NtCsj5eehSrW5PK_13tanaka_server4crdtNtB5_12CrdtDocument10remove_tab
FNDA:4,_RNvMs0_NtCsj5eehSrW5PK_13tanaka_server4crdtNtB5_12CrdtDocument10upsert_tab
FNDA:2,_RNvMs0_NtCsj5eehSrW5PK_13tanaka_server4crdtNtB5_12CrdtDocument11get_windows
FNDA:2,_RNvMs0_NtCsj5eehSrW5PK_13tanaka_server4crdtNtB5_12CrdtDocument12apply_update
FNDA:9,_RNvMs0_NtCsj5eehSrW5PK_13tanaka_server4crdtNtB5_12CrdtDocument12encode_state
FNDA:2,_RNvMs0_NtCsj5eehSrW5PK_13tanaka_server4crdtNtB5_12CrdtDocument13upsert_window
FNDA:2,_RNvMs0_NtCsj5eehSrW5PK_13tanaka_server4crdtNtB5_12CrdtDocument17encode_diff_since
FNDA:14,_RNvMs0_NtCsj5eehSrW5PK_13tanaka_server4crdtNtB5_12CrdtDocument3new
FNDA:2,_RNvMs0_NtCsj5eehSrW5PK_13tanaka_server4crdtNtB5_12CrdtDocument8get_tabs
FNDA:6,_RNvMs2_NtCsj5eehSrW5PK_13tanaka_server4crdtNtB5_11CrdtManager10tick_clock
FNDA:1,_RNvMs2_NtCsj5eehSrW5PK_13tanaka_server4crdtNtB5_11CrdtManager12apply_update
FNDA:6,_RNvMs2_NtCsj5eehSrW5PK_13tanaka_server4crdtNtB5_11CrdtManager12update_clock
FNDA:8,_RNvMs2_NtCsj5eehSrW5PK_13tanaka_server4crdtNtB5_11CrdtManager13current_clock
FNDA:1,_RNvMs2_NtCsj5eehSrW5PK_13tanaka_server4crdtNtB5_11CrdtManager13load_document
FNDA:4,_RNvMs2_NtCsj5eehSrW5PK_13tanaka_server4crdtNtB5_11CrdtManager14get_full_state
FNDA:1,_RNvMs2_NtCsj5eehSrW5PK_13tanaka_server4crdtNtB5_11CrdtManager17get_updates_since
FNDA:2,_RNvMs2_NtCsj5eehSrW5PK_13tanaka_server4crdtNtB5_11CrdtManager18with_initial_clock
FNDA:12,_RNvMs2_NtCsj5eehSrW5PK_13tanaka_server4crdtNtB5_11CrdtManager22get_or_create_document
FNDA:2,_RNvMs2_NtCsj5eehSrW5PK_13tanaka_server4crdtNtB5_11CrdtManager23restore_from_operations
FNDA:21,_RNvMs2_NtCsj5eehSrW5PK_13tanaka_server4crdtNtB5_11CrdtManager3new
FNDA:2,_RNvMs2_NtCsj5eehSrW5PK_13tanaka_server4crdtNtB5_11CrdtManager7node_id
FNDA:2,_RNvMs_NtCsj5eehSrW5PK_13tanaka_server4crdtNtB4_12LamportClock18with_initial_value
FNDA:23,_RNvMs_NtCsj5eehSrW5PK_13tanaka_server4crdtNtB4_12LamportClock3new
FNDA:508,_RNvMs_NtCsj5eehSrW5PK_13tanaka_server4crdtNtB4_12LamportClock4tick
FNDA:507,_RNvMs_NtCsj5eehSrW5PK_13tanaka_server4crdtNtB4_12LamportClock6update
FNDA:12,_RNvMs_NtCsj5eehSrW5PK_13tanaka_server4crdtNtB4_12LamportClock7current
FNDA:2,_RNvMs_NtCsj5eehSrW5PK_13tanaka_server4crdtNtB4_12LamportClock7node_id
FNDA:1,_RNvNtNtCsj5eehSrW5PK_13tanaka_server4crdt5testss_17test_crdt_manager
FNDA:1,_RNvNtNtCsj5eehSrW5PK_13tanaka_server4crdt5testss_18test_crdt_document
FNDA:1,_RNvNtNtCsj5eehSrW5PK_13tanaka_server4crdt5testss_18test_lamport_clock
FNDA:1,_RNvNtNtCsj5eehSrW5PK_13tanaka_server4crdt5testss_29test_invalid_state_from_bytes
FNDA:1,_RNvNtNtCsj5eehSrW5PK_13tanaka_server4crdt5testss_30test_crdt_document_tab_removal
FNDA:1,_RNvNtNtCsj5eehSrW5PK_13tanaka_server4crdt5testss_30test_crdt_manager_apply_update
FNDA:1,_RNvNtNtCsj5eehSrW5PK_13tanaka_server4crdt5testss_31test_crdt_manager_load_document
FNDA:1,_RNvNtNtCsj5eehSrW5PK_13tanaka_server4crdt5testss_34test_crdt_manager_clock_operations
FNDA:1,_RNvNtNtCsj5eehSrW5PK_13tanaka_server4crdt5testss_35test_crdt_document_state_operations
FNDA:1,_RNvNtNtCsj5eehSrW5PK_13tanaka_server4crdt5testss_35test_crdt_manager_get_updates_since
FNDA:1,_RNvNtNtCsj5eehSrW5PK_13tanaka_server4crdt5testss_36test_crdt_document_update_operations
FNDA:1,_RNvNtNtCsj5eehSrW5PK_13tanaka_server4crdt5testss_36test_crdt_document_window_operations
FNDA:1,_RNvNtNtCsj5eehSrW5PK_13tanaka_server4crdt5testss_36test_crdt_manager_multiple_documents
FNDA:1,_RNvNtNtCsj5eehSrW5PK_13tanaka_server4crdt5testss_37test_lamport_clock_concurrent_updates
FNDA:1,_RNCNvMs0_NtCsj5eehSrW5PK_13tanaka_server4crdtNtB7_12CrdtDocument10from_state0B9_
FNDA:0,_RNCNvMs0_NtCsj5eehSrW5PK_13tanaka_server4crdtNtB7_12CrdtDocument10from_states_0B9_
FNDA:0,_RNCNvMs0_NtCsj5eehSrW5PK_13tanaka_server4crdtNtB7_12CrdtDocument12apply_update0B9_
FNDA:0,_RNCNvMs0_NtCsj5eehSrW5PK_13tanaka_server4crdtNtB7_12CrdtDocument12apply_updates_0B9_
FNDA:8,_RNCNvMs2_NtCsj5eehSrW5PK_13tanaka_server4crdtNtB7_11CrdtManager22get_or_create_document0B9_
FNDA:0,_RNCNvMs2_NtCsj5eehSrW5PK_13tanaka_server4crdtNtB7_11CrdtManager23restore_from_operations0B9_
FNDA:0,_RNCNvMs2_NtCsj5eehSrW5PK_13tanaka_server4crdtNtB7_11CrdtManager23restore_from_operationss0_0B9_
FNDA:0,_RNCNvMs2_NtCsj5eehSrW5PK_13tanaka_server4crdtNtB7_11CrdtManager23restore_from_operationss1_0B9_
FNDA:0,_RNCNvMs2_NtCsj5eehSrW5PK_13tanaka_server4crdtNtB7_11CrdtManager23restore_from_operationss2_0B9_
FNDA:0,_RNCNvMs2_NtCsj5eehSrW5PK_13tanaka_server4crdtNtB7_11CrdtManager23restore_from_operationss_0B9_
FNDA:10,_RNCNCNvNtNtCsj5eehSrW5PK_13tanaka_server4crdt5testss_37test_lamport_clock_concurrent_updates00B9_
FNDA:10,_RNCNvNtNtCsj5eehSrW5PK_13tanaka_server4crdt5testss_37test_lamport_clock_concurrent_updates0B7_
FNDA:0,_RNvXNtCsj5eehSrW5PK_13tanaka_server4crdtNtNtB4_5error8AppErrorINtNtCsfvfooZQ3Axs_4core7convert4FromNtB2_9CrdtErrorE4from
FNF:57
FNH:46
DA:27,0
DA:28,0
DA:29,0
DA:30,0
DA:31,0
DA:32,0
DA:42,37
DA:43,37
DA:44,37
DA:45,37
DA:46,37
DA:47,37
DA:50,4
DA:51,4
DA:52,4
DA:53,4
DA:54,4
DA:55,4
DA:58,677
DA:59,677
DA:60,677
DA:67,535
DA:69,571
DA:70,571
DA:71,571
DA:72,571
DA:73,571
DA:74,571
DA:75,571
DA:76,571
DA:78,535
DA:79,36
DA:82,535
DA:85,43
DA:86,43
DA:87,43
DA:90,3
DA:91,3
DA:92,3
DA:122,25
DA:123,25
DA:124,25
DA:125,25
DA:126,25
DA:127,25
DA:128,25
DA:129,25
DA:130,25
DA:131,25
DA:132,25
DA:140,3
DA:141,3
DA:142,3
DA:143,3
DA:144,3
DA:145,3
DA:146,3
DA:147,3
DA:149,2
DA:152,2
DA:153,2
DA:154,2
DA:155,2
DA:156,2
DA:157,2
DA:158,2
DA:159,2
DA:160,3
DA:168,2
DA:169,2
DA:170,2
DA:171,2
DA:172,2
DA:174,2
DA:176,2
DA:177,2
DA:180,9
DA:181,9
DA:182,9
DA:183,9
DA:186,2
DA:187,2
DA:188,2
DA:189,2
DA:192,0
DA:193,0
DA:194,0
DA:195,0
DA:203,170
DA:204,170
DA:205,170
DA:206,170
DA:207,170
DA:208,170
DA:209,170
DA:210,170
DA:211,170
DA:212,170
DA:213,170
DA:214,170
DA:215,170
DA:216,170
DA:217,170
DA:218,170
DA:225,3
DA:226,3
DA:227,3
DA:228,3
DA:229,3
DA:237,4
DA:238,4
DA:239,4
DA:240,4
DA:241,4
DA:242,4
DA:243,4
DA:244,4
DA:245,4
DA:246,4
DA:247,4
DA:248,4
DA:249,4
DA:250,4
DA:251,4
DA:259,5
DA:260,5
DA:261,5
DA:264,7
DA:265,7
DA:267,7
DA:269,7
DA:270,7
DA:271,0
DA:274,7
DA:275,7
DA:276,0
DA:279,7
DA:280,7
DA:281,0
DA:284,7
DA:285,7
DA:286,0
DA:289,7
DA:290,7
DA:291,0
DA:294,7
DA:295,7
DA:296,0
DA:299,7
DA:300,7
DA:301,7
DA:302,7
DA:303,7
DA:304,7
DA:305,7
DA:306,7
DA:307,7
DA:308,0
DA:311,5
DA:312,5
DA:320,3
DA:321,3
DA:322,3
DA:325,3
DA:326,3
DA:328,3
DA:330,3
DA:331,3
DA:332,0
DA:335,3
DA:336,3
DA:337,0
DA:340,3
DA:341,3
DA:342,0
DA:345,3
DA:346,3
DA:347,3
DA:348,3
DA:349,3
DA:350,3
DA:351,0
DA:354,3
DA:355,3
DA:359,0
DA:360,0
DA:361,0
DA:371,35
DA:372,35
DA:373,35
DA:374,35
DA:375,35
DA:376,35
DA:379,4
DA:380,4
DA:381,4
DA:382,4
DA:383,4
DA:384,4
DA:387,181
DA:388,181
DA:389,181
DA:390,181
DA:391,181
DA:392,181
DA:399,1
DA:400,1
DA:401,1
DA:402,1
DA:403,1
DA:404,1
DA:415,1
DA:416,1
DA:417,1
DA:418,1
DA:419,1
DA:421,1
DA:422,1
DA:424,0
DA:425,0
DA:426,0
DA:429,1
DA:430,1
DA:441,1
DA:442,1
DA:443,1
DA:444,1
DA:445,1
DA:446,1
DA:447,1
DA:448,1
DA:449,1
DA:450,1
DA:451,1
DA:453,0
DA:454,0
DA:457,1
DA:458,1
DA:469,4
DA:470,4
DA:471,4
DA:472,4
DA:473,4
DA:474,4
DA:477,39
DA:478,39
DA:479,39
DA:482,34
DA:483,34
DA:484,34
DA:487,175
DA:488,175
DA:489,175
DA:492,3
DA:493,3
DA:494,3
DA:505,4
DA:506,4
DA:507,4
DA:508,4
DA:509,4
DA:510,4
DA:511,4
DA:513,11
DA:514,7
DA:515,7
DA:516,7
DA:517,7
DA:518,4
DA:519,4
DA:520,4
DA:521,4
DA:522,4
DA:523,4
DA:524,4
DA:525,4
DA:526,4
DA:527,4
DA:528,4
DA:530,1
DA:531,1
DA:533,0
DA:534,0
DA:535,0
DA:536,0
DA:537,0
DA:538,0
DA:539,0
DA:542,0
DA:543,0
DA:544,0
DA:547,0
DA:548,0
DA:549,0
DA:550,0
DA:551,0
DA:552,0
DA:553,0
DA:555,0
DA:556,0
DA:557,0
DA:558,0
DA:559,0
DA:560,0
DA:561,0
DA:562,0
DA:563,0
DA:564,0
DA:566,2
DA:567,2
DA:568,2
DA:569,2
DA:570,2
DA:571,2
DA:572,2
DA:573,2
DA:575,0
DA:576,0
DA:577,0
DA:578,0
DA:579,0
DA:580,0
DA:581,0
DA:583,0
DA:584,0
DA:585,0
DA:586,0
DA:587,0
DA:588,0
DA:593,4
DA:594,4
DA:602,1
DA:603,1
DA:604,1
DA:605,1
DA:606,1
DA:607,1
DA:609,1
DA:610,1
DA:611,1
DA:612,1
DA:615,1
DA:619,1
DA:620,1
DA:621,1
DA:622,1
DA:623,1
DA:624,10
DA:625,10
DA:626,10
DA:627,1000
DA:629,1000
DA:630,500
DA:631,500
DA:632,500
DA:633,500
DA:635,10
DA:636,10
DA:637,1
DA:640,11
DA:641,10
DA:642,10
DA:646,1
DA:647,1
DA:648,1
DA:649,0
DA:650,0
DA:651,0
DA:653,1
DA:656,1
DA:657,1
DA:658,1
DA:659,1
DA:660,1
DA:661,1
DA:662,1
DA:663,1
DA:664,1
DA:665,1
DA:666,1
DA:667,1
DA:668,1
DA:669,1
DA:670,1
DA:671,1
DA:672,1
DA:673,1
DA:674,1
DA:675,1
DA:676,1
DA:677,1
DA:680,1
DA:681,1
DA:682,1
DA:683,1
DA:684,1
DA:685,1
DA:687,1
DA:688,1
DA:689,1
DA:692,1
DA:693,1
DA:694,1
DA:695,1
DA:696,1
DA:697,1
DA:698,1
DA:699,1
DA:700,1
DA:701,1
DA:702,1
DA:703,1
DA:704,1
DA:705,1
DA:706,1
DA:707,1
DA:708,1
DA:709,1
DA:710,1
DA:713,1
DA:714,1
DA:715,1
DA:716,1
DA:717,1
DA:718,1
DA:719,1
DA:720,1
DA:721,1
DA:722,1
DA:723,1
DA:724,1
DA:725,1
DA:726,1
DA:727,1
DA:728,1
DA:729,1
DA:730,1
DA:731,1
DA:732,1
DA:735,1
DA:736,1
DA:737,1
DA:738,1
DA:739,1
DA:740,1
DA:743,1
DA:744,1
DA:745,1
DA:746,1
DA:747,1
DA:748,1
DA:751,1
DA:752,1
DA:753,1
DA:754,1
DA:755,1
DA:756,1
DA:757,1
DA:758,1
DA:759,1
DA:760,1
DA:761,1
DA:762,1
DA:763,1
DA:764,1
DA:765,1
DA:766,1
DA:767,1
DA:768,1
DA:769,1
DA:770,1
DA:771,1
DA:772,1
DA:773,1
DA:774,1
DA:775,1
DA:776,1
DA:777,1
DA:778,1
DA:779,1
DA:782,1
DA:783,1
DA:784,1
DA:785,1
DA:786,1
DA:787,1
DA:788,1
DA:789,1
DA:790,1
DA:791,1
DA:792,1
DA:793,1
DA:796,1
DA:797,1
DA:798,1
DA:801,1
DA:802,1
DA:803,1
DA:804,1
DA:805,1
DA:806,1
DA:807,1
DA:808,1
DA:809,1
DA:810,1
DA:811,1
DA:812,1
DA:813,1
DA:814,1
DA:817,1
DA:818,1
DA:819,1
DA:820,1
DA:821,1
DA:822,1
DA:823,1
DA:824,1
DA:825,1
DA:826,1
DA:829,1
DA:830,1
DA:833,1
DA:834,1
DA:835,1
DA:836,1
DA:837,1
DA:838,1
DA:839,1
DA:840,1
DA:841,1
DA:842,1
DA:843,1
DA:846,1
DA:847,1
DA:848,1
DA:849,1
DA:850,1
DA:853,1
DA:854,1
DA:855,1
DA:856,1
DA:859,1
DA:860,1
DA:861,1
DA:862,1
DA:865,1
DA:866,1
DA:867,1
DA:868,1
DA:869,1
DA:870,1
DA:871,1
DA:872,1
DA:873,1
BRF:0
BRH:0
LF:568
LH:488
end_of_record
SF:/Users/manish/projects/tanaka/server/src/db.rs
FN:42,_RNvNtCslbfR7TIOxqS_13tanaka_server2db19init_db_with_config
FN:54,_RNCNCNvNtCslbfR7TIOxqS_13tanaka_server2db19init_db_with_config00B7_
FN:72,_RNCNCNvNtCslbfR7TIOxqS_13tanaka_server2db19init_db_with_config0s0_0B7_
FN:78,_RNCNCNvNtCslbfR7TIOxqS_13tanaka_server2db19init_db_with_config0s1_0B7_
FN:87,_RNCNCNvNtCslbfR7TIOxqS_13tanaka_server2db19init_db_with_config0s2_0B7_
FN:93,_RNCNCNvNtCslbfR7TIOxqS_13tanaka_server2db19init_db_with_config0s3_0B7_
FN:98,_RNCNCNvNtCslbfR7TIOxqS_13tanaka_server2db19init_db_with_config0s4_0B7_
FN:103,_RNCNCNvNtCslbfR7TIOxqS_13tanaka_server2db19init_db_with_config0s5_0B7_
FN:108,_RNCNCNvNtCslbfR7TIOxqS_13tanaka_server2db19init_db_with_config0s6_0B7_
FN:115,_RNCNCNvNtCslbfR7TIOxqS_13tanaka_server2db19init_db_with_config0s7_0B7_
FN:137,_RNCNCNvNtCslbfR7TIOxqS_13tanaka_server2db19init_db_with_config0s8_0B7_
FN:142,_RNCNCNvNtCslbfR7TIOxqS_13tanaka_server2db19init_db_with_config0s9_0B7_
FN:66,_RNCNCNvNtCslbfR7TIOxqS_13tanaka_server2db19init_db_with_config0s_0B7_
FN:149,_RNCNCNvNtCslbfR7TIOxqS_13tanaka_server2db19init_db_with_config0sa_0B7_
FN:154,_RNCNCNvNtCslbfR7TIOxqS_13tanaka_server2db19init_db_with_config0sb_0B7_
FN:160,_RNCNCNvNtCslbfR7TIOxqS_13tanaka_server2db19init_db_with_config0sc_0B7_
FN:167,_RNCNCNvNtCslbfR7TIOxqS_13tanaka_server2db19init_db_with_config0sd_0B7_
FN:175,_RNCNCNvNtCslbfR7TIOxqS_13tanaka_server2db19init_db_with_config0se_0B7_
FN:42,_RNCNvNtCslbfR7TIOxqS_13tanaka_server2db19init_db_with_config0B5_
FN:54,_RNCNCNvNtCsavu2Ro5SPdo_13tanaka_server2db19init_db_with_config00B7_
FN:72,_RNCNCNvNtCsavu2Ro5SPdo_13tanaka_server2db19init_db_with_config0s0_0B7_
FN:78,_RNCNCNvNtCsavu2Ro5SPdo_13tanaka_server2db19init_db_with_config0s1_0B7_
FN:87,_RNCNCNvNtCsavu2Ro5SPdo_13tanaka_server2db19init_db_with_config0s2_0B7_
FN:93,_RNCNCNvNtCsavu2Ro5SPdo_13tanaka_server2db19init_db_with_config0s3_0B7_
FN:98,_RNCNCNvNtCsavu2Ro5SPdo_13tanaka_server2db19init_db_with_config0s4_0B7_
FN:103,_RNCNCNvNtCsavu2Ro5SPdo_13tanaka_server2db19init_db_with_config0s5_0B7_
FN:108,_RNCNCNvNtCsavu2Ro5SPdo_13tanaka_server2db19init_db_with_config0s6_0B7_
FN:115,_RNCNCNvNtCsavu2Ro5SPdo_13tanaka_server2db19init_db_with_config0s7_0B7_
FN:137,_RNCNCNvNtCsavu2Ro5SPdo_13tanaka_server2db19init_db_with_config0s8_0B7_
FN:142,_RNCNCNvNtCsavu2Ro5SPdo_13tanaka_server2db19init_db_with_config0s9_0B7_
FN:66,_RNCNCNvNtCsavu2Ro5SPdo_13tanaka_server2db19init_db_with_config0s_0B7_
FN:149,_RNCNCNvNtCsavu2Ro5SPdo_13tanaka_server2db19init_db_with_config0sa_0B7_
FN:154,_RNCNCNvNtCsavu2Ro5SPdo_13tanaka_server2db19init_db_with_config0sb_0B7_
FN:160,_RNCNCNvNtCsavu2Ro5SPdo_13tanaka_server2db19init_db_with_config0sc_0B7_
FN:167,_RNCNCNvNtCsavu2Ro5SPdo_13tanaka_server2db19init_db_with_config0sd_0B7_
FN:175,_RNCNCNvNtCsavu2Ro5SPdo_13tanaka_server2db19init_db_with_config0se_0B7_
FN:42,_RNCNvNtCsavu2Ro5SPdo_13tanaka_server2db19init_db_with_config0B5_
FN:42,_RNvNtCsavu2Ro5SPdo_13tanaka_server2db19init_db_with_config
FNDA:0,_RNvNtCslbfR7TIOxqS_13tanaka_server2db19init_db_with_config
FNDA:0,_RNCNCNvNtCslbfR7TIOxqS_13tanaka_server2db19init_db_with_config00B7_
FNDA:0,_RNCNCNvNtCslbfR7TIOxqS_13tanaka_server2db19init_db_with_config0s0_0B7_
FNDA:0,_RNCNCNvNtCslbfR7TIOxqS_13tanaka_server2db19init_db_with_config0s1_0B7_
FNDA:0,_RNCNCNvNtCslbfR7TIOxqS_13tanaka_server2db19init_db_with_config0s2_0B7_
FNDA:0,_RNCNCNvNtCslbfR7TIOxqS_13tanaka_server2db19init_db_with_config0s3_0B7_
FNDA:0,_RNCNCNvNtCslbfR7TIOxqS_13tanaka_server2db19init_db_with_config0s4_0B7_
FNDA:0,_RNCNCNvNtCslbfR7TIOxqS_13tanaka_server2db19init_db_with_config0s5_0B7_
FNDA:0,_RNCNCNvNtCslbfR7TIOxqS_13tanaka_server2db19init_db_with_config0s6_0B7_
FNDA:0,_RNCNCNvNtCslbfR7TIOxqS_13tanaka_server2db19init_db_with_config0s7_0B7_
FNDA:0,_RNCNCNvNtCslbfR7TIOxqS_13tanaka_server2db19init_db_with_config0s8_0B7_
FNDA:0,_RNCNCNvNtCslbfR7TIOxqS_13tanaka_server2db19init_db_with_config0s9_0B7_
FNDA:0,_RNCNCNvNtCslbfR7TIOxqS_13tanaka_server2db19init_db_with_config0s_0B7_
FNDA:0,_RNCNCNvNtCslbfR7TIOxqS_13tanaka_server2db19init_db_with_config0sa_0B7_
FNDA:0,_RNCNCNvNtCslbfR7TIOxqS_13tanaka_server2db19init_db_with_config0sb_0B7_
FNDA:0,_RNCNCNvNtCslbfR7TIOxqS_13tanaka_server2db19init_db_with_config0sc_0B7_
FNDA:0,_RNCNCNvNtCslbfR7TIOxqS_13tanaka_server2db19init_db_with_config0sd_0B7_
FNDA:0,_RNCNCNvNtCslbfR7TIOxqS_13tanaka_server2db19init_db_with_config0se_0B7_
FNDA:0,_RNCNvNtCslbfR7TIOxqS_13tanaka_server2db19init_db_with_config0B5_
FNDA:0,_RNCNCNvNtCsavu2Ro5SPdo_13tanaka_server2db19init_db_with_config00B7_
FNDA:0,_RNCNCNvNtCsavu2Ro5SPdo_13tanaka_server2db19init_db_with_config0s0_0B7_
FNDA:0,_RNCNCNvNtCsavu2Ro5SPdo_13tanaka_server2db19init_db_with_config0s1_0B7_
FNDA:0,_RNCNCNvNtCsavu2Ro5SPdo_13tanaka_server2db19init_db_with_config0s2_0B7_
FNDA:0,_RNCNCNvNtCsavu2Ro5SPdo_13tanaka_server2db19init_db_with_config0s3_0B7_
FNDA:0,_RNCNCNvNtCsavu2Ro5SPdo_13tanaka_server2db19init_db_with_config0s4_0B7_
FNDA:0,_RNCNCNvNtCsavu2Ro5SPdo_13tanaka_server2db19init_db_with_config0s5_0B7_
FNDA:0,_RNCNCNvNtCsavu2Ro5SPdo_13tanaka_server2db19init_db_with_config0s6_0B7_
FNDA:0,_RNCNCNvNtCsavu2Ro5SPdo_13tanaka_server2db19init_db_with_config0s7_0B7_
FNDA:0,_RNCNCNvNtCsavu2Ro5SPdo_13tanaka_server2db19init_db_with_config0s8_0B7_
FNDA:0,_RNCNCNvNtCsavu2Ro5SPdo_13tanaka_server2db19init_db_with_config0s9_0B7_
FNDA:0,_RNCNCNvNtCsavu2Ro5SPdo_13tanaka_server2db19init_db_with_config0s_0B7_
FNDA:0,_RNCNCNvNtCsavu2Ro5SPdo_13tanaka_server2db19init_db_with_config0sa_0B7_
FNDA:0,_RNCNCNvNtCsavu2Ro5SPdo_13tanaka_server2db19init_db_with_config0sb_0B7_
FNDA:0,_RNCNCNvNtCsavu2Ro5SPdo_13tanaka_server2db19init_db_with_config0sc_0B7_
FNDA:0,_RNCNCNvNtCsavu2Ro5SPdo_13tanaka_server2db19init_db_with_config0sd_0B7_
FNDA:0,_RNCNCNvNtCsavu2Ro5SPdo_13tanaka_server2db19init_db_with_config0se_0B7_
FNDA:0,_RNCNvNtCsavu2Ro5SPdo_13tanaka_server2db19init_db_with_config0B5_
FNDA:0,_RNvNtCsavu2Ro5SPdo_13tanaka_server2db19init_db_with_config
FNF:19
FNH:0
DA:42,0
DA:43,0
DA:44,0
DA:45,0
DA:46,0
DA:47,0
DA:49,0
DA:50,0
DA:51,0
DA:52,0
DA:53,0
DA:54,0
DA:55,0
DA:56,0
DA:57,0
DA:58,0
DA:59,0
DA:63,0
DA:64,0
DA:65,0
DA:66,0
DA:69,0
DA:70,0
DA:71,0
DA:72,0
DA:75,0
DA:76,0
DA:77,0
DA:78,0
DA:79,0
DA:80,0
DA:83,0
DA:84,0
DA:85,0
DA:86,0
DA:87,0
DA:90,0
DA:91,0
DA:92,0
DA:93,0
DA:95,0
DA:96,0
DA:97,0
DA:98,0
DA:100,0
DA:101,0
DA:102,0
DA:103,0
DA:105,0
DA:106,0
DA:107,0
DA:108,0
DA:109,0
DA:110,0
DA:112,0
DA:113,0
DA:114,0
DA:115,0
DA:116,0
DA:117,0
DA:122,0
DA:123,0
DA:124,0
DA:127,0
DA:128,0
DA:129,0
DA:134,0
DA:135,0
DA:136,0
DA:137,0
DA:139,0
DA:140,0
DA:141,0
DA:142,0
DA:144,0
DA:145,0
DA:146,0
DA:147,0
DA:148,0
DA:149,0
DA:151,0
DA:152,0
DA:153,0
DA:154,0
DA:157,0
DA:158,0
DA:159,0
DA:160,0
DA:161,0
DA:162,0
DA:164,0
DA:165,0
DA:166,0
DA:167,0
DA:168,0
DA:169,0
DA:172,0
DA:173,0
DA:174,0
DA:175,0
DA:176,0
DA:177,0
DA:179,0
DA:180,0
BRF:0
BRH:0
LF:129
LH:0
end_of_record
SF:/Users/manish/projects/tanaka/server/src/error.rs
FN:344,_RINvMs_NtCshZwSrvLNNwg_13tanaka_server5errorNtB5_8AppError12with_contextpEB7_
FN:12,_RINvXsa_NtCshZwSrvLNNwg_13tanaka_server5errorNtB6_9ErrorCodeNtCsgrh9ML4AhPT_5ts_rs2TS14visit_genericspEB8_
FN:12,_RINvXsa_NtCshZwSrvLNNwg_13tanaka_server5errorNtB6_9ErrorCodeNtCsgrh9ML4AhPT_5ts_rs2TS18visit_dependenciespEB8_
FN:355,_RINvXsf_NtCshZwSrvLNNwg_13tanaka_server5errorNtB6_13ErrorResponseNtCsgrh9ML4AhPT_5ts_rs2TS14visit_genericspEB8_
FN:355,_RINvXsf_NtCshZwSrvLNNwg_13tanaka_server5errorNtB6_13ErrorResponseNtCsgrh9ML4AhPT_5ts_rs2TS18visit_dependenciespEB8_
FN:367,_RINvXsh_NtCshZwSrvLNNwg_13tanaka_server5errorNtB6_11ErrorDetailNtCsgrh9ML4AhPT_5ts_rs2TS14visit_genericspEB8_
FN:367,_RINvXsh_NtCshZwSrvLNNwg_13tanaka_server5errorNtB6_11ErrorDetailNtCsgrh9ML4AhPT_5ts_rs2TS18visit_dependenciespEB8_
FN:384,_RINvXsj_NtCshZwSrvLNNwg_13tanaka_server5errorNtB6_9RetryInfoNtCsgrh9ML4AhPT_5ts_rs2TS14visit_genericspEB8_
FN:384,_RINvXsj_NtCshZwSrvLNNwg_13tanaka_server5errorNtB6_9RetryInfoNtCsgrh9ML4AhPT_5ts_rs2TS18visit_dependenciespEB8_
FN:58,_RNvMNtCshZwSrvLNNwg_13tanaka_server5errorNtB2_9ErrorCode11http_status
FN:178,_RNvMNtCshZwSrvLNNwg_13tanaka_server5errorNtB2_9ErrorCode12is_retryable
FN:103,_RNvMNtCshZwSrvLNNwg_13tanaka_server5errorNtB2_9ErrorCode15default_message
FN:249,_RNvMs_NtCshZwSrvLNNwg_13tanaka_server5errorNtB4_8AppError10error_code
FN:267,_RNvMs_NtCshZwSrvLNNwg_13tanaka_server5errorNtB4_8AppError11status_code
FN:282,_RNvMs_NtCshZwSrvLNNwg_13tanaka_server5errorNtB4_8AppError12is_retryable
FN:302,_RNvMs_NtCshZwSrvLNNwg_13tanaka_server5errorNtB4_8AppError18auth_token_missing
FN:398,_RNvXs0_NtCshZwSrvLNNwg_13tanaka_server5errorNtB5_8AppErrorNtNtNtCs74lylNrlMO2_9axum_core8response13into_response12IntoResponse13into_response
FN:465,_RNvXs1_NtCshZwSrvLNNwg_13tanaka_server5errorNtB5_8AppErrorINtNtCsfvfooZQ3Axs_4core7convert4FromNtNtCscpaIWIBTuPX_9sqlx_core5error5ErrorE4from
FN:471,_RNvXs2_NtCshZwSrvLNNwg_13tanaka_server5errorNtB5_8AppErrorINtNtCsfvfooZQ3Axs_4core7convert4FromNtNtCs1XS2XOJJs61_10serde_json5error5ErrorE4from
FN:480,_RNvXs3_NtCshZwSrvLNNwg_13tanaka_server5errorNtB5_8AppErrorINtNtCsfvfooZQ3Axs_4core7convert4FromNtNtNtCscOYdFFY2T5N_3std2io5error5ErrorE4from
FN:12,_RNvXsa_NtCshZwSrvLNNwg_13tanaka_server5errorNtB5_9ErrorCodeNtCsgrh9ML4AhPT_5ts_rs2TS11output_path
FN:12,_RNvXsa_NtCshZwSrvLNNwg_13tanaka_server5errorNtB5_9ErrorCodeNtCsgrh9ML4AhPT_5ts_rs2TS13decl_concrete
FN:12,_RNvXsa_NtCshZwSrvLNNwg_13tanaka_server5errorNtB5_9ErrorCodeNtCsgrh9ML4AhPT_5ts_rs2TS16inline_flattened
FN:12,_RNvXsa_NtCshZwSrvLNNwg_13tanaka_server5errorNtB5_9ErrorCodeNtCsgrh9ML4AhPT_5ts_rs2TS4decl
FN:12,_RNvXsa_NtCshZwSrvLNNwg_13tanaka_server5errorNtB5_9ErrorCodeNtCsgrh9ML4AhPT_5ts_rs2TS4name
FN:12,_RNvXsa_NtCshZwSrvLNNwg_13tanaka_server5errorNtB5_9ErrorCodeNtCsgrh9ML4AhPT_5ts_rs2TS5ident
FN:12,_RNvXsa_NtCshZwSrvLNNwg_13tanaka_server5errorNtB5_9ErrorCodeNtCsgrh9ML4AhPT_5ts_rs2TS6inline
FN:355,_RNvXsf_NtCshZwSrvLNNwg_13tanaka_server5errorNtB5_13ErrorResponseNtCsgrh9ML4AhPT_5ts_rs2TS11output_path
FN:355,_RNvXsf_NtCshZwSrvLNNwg_13tanaka_server5errorNtB5_13ErrorResponseNtCsgrh9ML4AhPT_5ts_rs2TS13decl_concrete
FN:355,_RNvXsf_NtCshZwSrvLNNwg_13tanaka_server5errorNtB5_13ErrorResponseNtCsgrh9ML4AhPT_5ts_rs2TS16inline_flattened
FN:355,_RNvXsf_NtCshZwSrvLNNwg_13tanaka_server5errorNtB5_13ErrorResponseNtCsgrh9ML4AhPT_5ts_rs2TS4decl
FN:355,_RNvXsf_NtCshZwSrvLNNwg_13tanaka_server5errorNtB5_13ErrorResponseNtCsgrh9ML4AhPT_5ts_rs2TS4name
FN:355,_RNvXsf_NtCshZwSrvLNNwg_13tanaka_server5errorNtB5_13ErrorResponseNtCsgrh9ML4AhPT_5ts_rs2TS5ident
FN:355,_RNvXsf_NtCshZwSrvLNNwg_13tanaka_server5errorNtB5_13ErrorResponseNtCsgrh9ML4AhPT_5ts_rs2TS6inline
FN:367,_RNvXsh_NtCshZwSrvLNNwg_13tanaka_server5errorNtB5_11ErrorDetailNtCsgrh9ML4AhPT_5ts_rs2TS11output_path
FN:367,_RNvXsh_NtCshZwSrvLNNwg_13tanaka_server5errorNtB5_11ErrorDetailNtCsgrh9ML4AhPT_5ts_rs2TS13decl_concrete
FN:367,_RNvXsh_NtCshZwSrvLNNwg_13tanaka_server5errorNtB5_11ErrorDetailNtCsgrh9ML4AhPT_5ts_rs2TS16inline_flattened
FN:367,_RNvXsh_NtCshZwSrvLNNwg_13tanaka_server5errorNtB5_11ErrorDetailNtCsgrh9ML4AhPT_5ts_rs2TS4decl
FN:367,_RNvXsh_NtCshZwSrvLNNwg_13tanaka_server5errorNtB5_11ErrorDetailNtCsgrh9ML4AhPT_5ts_rs2TS4name
FN:367,_RNvXsh_NtCshZwSrvLNNwg_13tanaka_server5errorNtB5_11ErrorDetailNtCsgrh9ML4AhPT_5ts_rs2TS5ident
FN:367,_RNvXsh_NtCshZwSrvLNNwg_13tanaka_server5errorNtB5_11ErrorDetailNtCsgrh9ML4AhPT_5ts_rs2TS6inline
FN:384,_RNvXsj_NtCshZwSrvLNNwg_13tanaka_server5errorNtB5_9RetryInfoNtCsgrh9ML4AhPT_5ts_rs2TS11output_path
FN:384,_RNvXsj_NtCshZwSrvLNNwg_13tanaka_server5errorNtB5_9RetryInfoNtCsgrh9ML4AhPT_5ts_rs2TS13decl_concrete
FN:384,_RNvXsj_NtCshZwSrvLNNwg_13tanaka_server5errorNtB5_9RetryInfoNtCsgrh9ML4AhPT_5ts_rs2TS16inline_flattened
FN:384,_RNvXsj_NtCshZwSrvLNNwg_13tanaka_server5errorNtB5_9RetryInfoNtCsgrh9ML4AhPT_5ts_rs2TS4decl
FN:384,_RNvXsj_NtCshZwSrvLNNwg_13tanaka_server5errorNtB5_9RetryInfoNtCsgrh9ML4AhPT_5ts_rs2TS4name
FN:384,_RNvXsj_NtCshZwSrvLNNwg_13tanaka_server5errorNtB5_9RetryInfoNtCsgrh9ML4AhPT_5ts_rs2TS5ident
FN:384,_RNvXsj_NtCshZwSrvLNNwg_13tanaka_server5errorNtB5_9RetryInfoNtCsgrh9ML4AhPT_5ts_rs2TS6inline
FN:319,_RINvMs_NtCshZwSrvLNNwg_13tanaka_server5errorNtB5_8AppError10validationReB16_EB7_
FN:310,_RINvMs_NtCshZwSrvLNNwg_13tanaka_server5errorNtB5_8AppError18auth_token_invalidReEB7_
FN:326,_RINvMs_NtCshZwSrvLNNwg_13tanaka_server5errorNtB5_8AppError8databaseReEB7_
FN:335,_RINvMs_NtCshZwSrvLNNwg_13tanaka_server5errorNtB5_8AppError8internalNtNtCse1nGBsou5OW_5alloc6string6StringEB7_
FN:326,_RINvMs_NtCshZwSrvLNNwg_13tanaka_server5errorNtB5_8AppError8databaseNtNtCse1nGBsou5OW_5alloc6string6StringECsXOim8dYVq7_16sync_integration
FN:526,_RNvNtNtCsj5eehSrW5PK_13tanaka_server5error5testss_21test_retryable_errors
FN:512,_RNvNtNtCsj5eehSrW5PK_13tanaka_server5error5testss_27test_app_error_status_codes
FN:496,_RNvNtNtCsj5eehSrW5PK_13tanaka_server5error5testss_34test_error_codes_have_valid_status
FN:344,_RINvMs_NtCsj5eehSrW5PK_13tanaka_server5errorNtB5_8AppError12with_contextpEB7_
FN:12,_RINvXsa_NtCsj5eehSrW5PK_13tanaka_server5errorNtB6_9ErrorCodeNtCsgrh9ML4AhPT_5ts_rs2TS14visit_genericspEB8_
FN:12,_RINvXsa_NtCsj5eehSrW5PK_13tanaka_server5errorNtB6_9ErrorCodeNtCsgrh9ML4AhPT_5ts_rs2TS18visit_dependenciespEB8_
FN:355,_RINvXsf_NtCsj5eehSrW5PK_13tanaka_server5errorNtB6_13ErrorResponseNtCsgrh9ML4AhPT_5ts_rs2TS14visit_genericspEB8_
FN:355,_RINvXsf_NtCsj5eehSrW5PK_13tanaka_server5errorNtB6_13ErrorResponseNtCsgrh9ML4AhPT_5ts_rs2TS18visit_dependenciespEB8_
FN:367,_RINvXsh_NtCsj5eehSrW5PK_13tanaka_server5errorNtB6_11ErrorDetailNtCsgrh9ML4AhPT_5ts_rs2TS14visit_genericspEB8_
FN:367,_RINvXsh_NtCsj5eehSrW5PK_13tanaka_server5errorNtB6_11ErrorDetailNtCsgrh9ML4AhPT_5ts_rs2TS18visit_dependenciespEB8_
FN:384,_RINvXsj_NtCsj5eehSrW5PK_13tanaka_server5errorNtB6_9RetryInfoNtCsgrh9ML4AhPT_5ts_rs2TS14visit_genericspEB8_
FN:384,_RINvXsj_NtCsj5eehSrW5PK_13tanaka_server5errorNtB6_9RetryInfoNtCsgrh9ML4AhPT_5ts_rs2TS18visit_dependenciespEB8_
FN:103,_RNvMNtCsj5eehSrW5PK_13tanaka_server5errorNtB2_9ErrorCode15default_message
FN:249,_RNvMs_NtCsj5eehSrW5PK_13tanaka_server5errorNtB4_8AppError10error_code
FN:398,_RNvXs0_NtCsj5eehSrW5PK_13tanaka_server5errorNtB5_8AppErrorNtNtNtCs74lylNrlMO2_9axum_core8response13into_response12IntoResponse13into_response
FN:465,_RNvXs1_NtCsj5eehSrW5PK_13tanaka_server5errorNtB5_8AppErrorINtNtCsfvfooZQ3Axs_4core7convert4FromNtNtCscpaIWIBTuPX_9sqlx_core5error5ErrorE4from
FN:471,_RNvXs2_NtCsj5eehSrW5PK_13tanaka_server5errorNtB5_8AppErrorINtNtCsfvfooZQ3Axs_4core7convert4FromNtNtCs1XS2XOJJs61_10serde_json5error5ErrorE4from
FN:480,_RNvXs3_NtCsj5eehSrW5PK_13tanaka_server5errorNtB5_8AppErrorINtNtCsfvfooZQ3Axs_4core7convert4FromNtNtNtCscOYdFFY2T5N_3std2io5error5ErrorE4from
FN:12,_RNvXsa_NtCsj5eehSrW5PK_13tanaka_server5errorNtB5_9ErrorCodeNtCsgrh9ML4AhPT_5ts_rs2TS11output_path
FN:12,_RNvXsa_NtCsj5eehSrW5PK_13tanaka_server5errorNtB5_9ErrorCodeNtCsgrh9ML4AhPT_5ts_rs2TS13decl_concrete
FN:12,_RNvXsa_NtCsj5eehSrW5PK_13tanaka_server5errorNtB5_9ErrorCodeNtCsgrh9ML4AhPT_5ts_rs2TS16inline_flattened
FN:12,_RNvXsa_NtCsj5eehSrW5PK_13tanaka_server5errorNtB5_9ErrorCodeNtCsgrh9ML4AhPT_5ts_rs2TS4decl
FN:12,_RNvXsa_NtCsj5eehSrW5PK_13tanaka_server5errorNtB5_9ErrorCodeNtCsgrh9ML4AhPT_5ts_rs2TS4name
FN:12,_RNvXsa_NtCsj5eehSrW5PK_13tanaka_server5errorNtB5_9ErrorCodeNtCsgrh9ML4AhPT_5ts_rs2TS5ident
FN:12,_RNvXsa_NtCsj5eehSrW5PK_13tanaka_server5errorNtB5_9ErrorCodeNtCsgrh9ML4AhPT_5ts_rs2TS6inline
FN:355,_RNvXsf_NtCsj5eehSrW5PK_13tanaka_server5errorNtB5_13ErrorResponseNtCsgrh9ML4AhPT_5ts_rs2TS11output_path
FN:355,_RNvXsf_NtCsj5eehSrW5PK_13tanaka_server5errorNtB5_13ErrorResponseNtCsgrh9ML4AhPT_5ts_rs2TS13decl_concrete
FN:355,_RNvXsf_NtCsj5eehSrW5PK_13tanaka_server5errorNtB5_13ErrorResponseNtCsgrh9ML4AhPT_5ts_rs2TS16inline_flattened
FN:355,_RNvXsf_NtCsj5eehSrW5PK_13tanaka_server5errorNtB5_13ErrorResponseNtCsgrh9ML4AhPT_5ts_rs2TS4decl
FN:355,_RNvXsf_NtCsj5eehSrW5PK_13tanaka_server5errorNtB5_13ErrorResponseNtCsgrh9ML4AhPT_5ts_rs2TS4name
FN:355,_RNvXsf_NtCsj5eehSrW5PK_13tanaka_server5errorNtB5_13ErrorResponseNtCsgrh9ML4AhPT_5ts_rs2TS5ident
FN:355,_RNvXsf_NtCsj5eehSrW5PK_13tanaka_server5errorNtB5_13ErrorResponseNtCsgrh9ML4AhPT_5ts_rs2TS6inline
FN:367,_RNvXsh_NtCsj5eehSrW5PK_13tanaka_server5errorNtB5_11ErrorDetailNtCsgrh9ML4AhPT_5ts_rs2TS11output_path
FN:367,_RNvXsh_NtCsj5eehSrW5PK_13tanaka_server5errorNtB5_11ErrorDetailNtCsgrh9ML4AhPT_5ts_rs2TS13decl_concrete
FN:367,_RNvXsh_NtCsj5eehSrW5PK_13tanaka_server5errorNtB5_11ErrorDetailNtCsgrh9ML4AhPT_5ts_rs2TS16inline_flattened
FN:367,_RNvXsh_NtCsj5eehSrW5PK_13tanaka_server5errorNtB5_11ErrorDetailNtCsgrh9ML4AhPT_5ts_rs2TS4decl
FN:367,_RNvXsh_NtCsj5eehSrW5PK_13tanaka_server5errorNtB5_11ErrorDetailNtCsgrh9ML4AhPT_5ts_rs2TS4name
FN:367,_RNvXsh_NtCsj5eehSrW5PK_13tanaka_server5errorNtB5_11ErrorDetailNtCsgrh9ML4AhPT_5ts_rs2TS5ident
FN:367,_RNvXsh_NtCsj5eehSrW5PK_13tanaka_server5errorNtB5_11ErrorDetailNtCsgrh9ML4AhPT_5ts_rs2TS6inline
FN:384,_RNvXsj_NtCsj5eehSrW5PK_13tanaka_server5errorNtB5_9RetryInfoNtCsgrh9ML4AhPT_5ts_rs2TS11output_path
FN:384,_RNvXsj_NtCsj5eehSrW5PK_13tanaka_server5errorNtB5_9RetryInfoNtCsgrh9ML4AhPT_5ts_rs2TS13decl_concrete
FN:384,_RNvXsj_NtCsj5eehSrW5PK_13tanaka_server5errorNtB5_9RetryInfoNtCsgrh9ML4AhPT_5ts_rs2TS16inline_flattened
FN:384,_RNvXsj_NtCsj5eehSrW5PK_13tanaka_server5errorNtB5_9RetryInfoNtCsgrh9ML4AhPT_5ts_rs2TS4decl
FN:384,_RNvXsj_NtCsj5eehSrW5PK_13tanaka_server5errorNtB5_9RetryInfoNtCsgrh9ML4AhPT_5ts_rs2TS4name
FN:384,_RNvXsj_NtCsj5eehSrW5PK_13tanaka_server5errorNtB5_9RetryInfoNtCsgrh9ML4AhPT_5ts_rs2TS5ident
FN:384,_RNvXsj_NtCsj5eehSrW5PK_13tanaka_server5errorNtB5_9RetryInfoNtCsgrh9ML4AhPT_5ts_rs2TS6inline
FN:319,_RINvMs_NtCsj5eehSrW5PK_13tanaka_server5errorNtB5_8AppError10validationReB16_EB7_
FN:310,_RINvMs_NtCsj5eehSrW5PK_13tanaka_server5errorNtB5_8AppError18auth_token_invalidReEB7_
FN:326,_RINvMs_NtCsj5eehSrW5PK_13tanaka_server5errorNtB5_8AppError8databaseReEB7_
FN:335,_RINvMs_NtCsj5eehSrW5PK_13tanaka_server5errorNtB5_8AppError8internalNtNtCse1nGBsou5OW_5alloc6string6StringEB7_
FN:335,_RINvMs_NtCsj5eehSrW5PK_13tanaka_server5errorNtB5_8AppError8internalReEB7_
FN:58,_RNvMNtCsj5eehSrW5PK_13tanaka_server5errorNtB2_9ErrorCode11http_status
FN:178,_RNvMNtCsj5eehSrW5PK_13tanaka_server5errorNtB2_9ErrorCode12is_retryable
FN:267,_RNvMs_NtCsj5eehSrW5PK_13tanaka_server5errorNtB4_8AppError11status_code
FN:282,_RNvMs_NtCsj5eehSrW5PK_13tanaka_server5errorNtB4_8AppError12is_retryable
FN:302,_RNvMs_NtCsj5eehSrW5PK_13tanaka_server5errorNtB4_8AppError18auth_token_missing
FN:326,_RINvMs_NtCshZwSrvLNNwg_13tanaka_server5errorNtB5_8AppError8databaseNtNtCse1nGBsou5OW_5alloc6string6StringECslbfR7TIOxqS_13tanaka_server
FN:326,_RINvMs_NtCshZwSrvLNNwg_13tanaka_server5errorNtB5_8AppError8databaseNtNtCse1nGBsou5OW_5alloc6string6StringECsavu2Ro5SPdo_13tanaka_server
FNDA:0,_RINvMs_NtCshZwSrvLNNwg_13tanaka_server5errorNtB5_8AppError12with_contextpEB7_
FNDA:0,_RINvXsa_NtCshZwSrvLNNwg_13tanaka_server5errorNtB6_9ErrorCodeNtCsgrh9ML4AhPT_5ts_rs2TS14visit_genericspEB8_
FNDA:0,_RINvXsa_NtCshZwSrvLNNwg_13tanaka_server5errorNtB6_9ErrorCodeNtCsgrh9ML4AhPT_5ts_rs2TS18visit_dependenciespEB8_
FNDA:0,_RINvXsf_NtCshZwSrvLNNwg_13tanaka_server5errorNtB6_13ErrorResponseNtCsgrh9ML4AhPT_5ts_rs2TS14visit_genericspEB8_
FNDA:0,_RINvXsf_NtCshZwSrvLNNwg_13tanaka_server5errorNtB6_13ErrorResponseNtCsgrh9ML4AhPT_5ts_rs2TS18visit_dependenciespEB8_
FNDA:0,_RINvXsh_NtCshZwSrvLNNwg_13tanaka_server5errorNtB6_11ErrorDetailNtCsgrh9ML4AhPT_5ts_rs2TS14visit_genericspEB8_
FNDA:0,_RINvXsh_NtCshZwSrvLNNwg_13tanaka_server5errorNtB6_11ErrorDetailNtCsgrh9ML4AhPT_5ts_rs2TS18visit_dependenciespEB8_
FNDA:0,_RINvXsj_NtCshZwSrvLNNwg_13tanaka_server5errorNtB6_9RetryInfoNtCsgrh9ML4AhPT_5ts_rs2TS14visit_genericspEB8_
FNDA:0,_RINvXsj_NtCshZwSrvLNNwg_13tanaka_server5errorNtB6_9RetryInfoNtCsgrh9ML4AhPT_5ts_rs2TS18visit_dependenciespEB8_
FNDA:1,_RNvMNtCshZwSrvLNNwg_13tanaka_server5errorNtB2_9ErrorCode11http_status
FNDA:1,_RNvMNtCshZwSrvLNNwg_13tanaka_server5errorNtB2_9ErrorCode12is_retryable
FNDA:0,_RNvMNtCshZwSrvLNNwg_13tanaka_server5errorNtB2_9ErrorCode15default_message
FNDA:2,_RNvMs_NtCshZwSrvLNNwg_13tanaka_server5errorNtB4_8AppError10error_code
FNDA:2,_RNvMs_NtCshZwSrvLNNwg_13tanaka_server5errorNtB4_8AppError11status_code
FNDA:2,_RNvMs_NtCshZwSrvLNNwg_13tanaka_server5errorNtB4_8AppError12is_retryable
FNDA:0,_RNvMs_NtCshZwSrvLNNwg_13tanaka_server5errorNtB4_8AppError18auth_token_missing
FNDA:2,_RNvXs0_NtCshZwSrvLNNwg_13tanaka_server5errorNtB5_8AppErrorNtNtNtCs74lylNrlMO2_9axum_core8response13into_response12IntoResponse13into_response
FNDA:0,_RNvXs1_NtCshZwSrvLNNwg_13tanaka_server5errorNtB5_8AppErrorINtNtCsfvfooZQ3Axs_4core7convert4FromNtNtCscpaIWIBTuPX_9sqlx_core5error5ErrorE4from
FNDA:0,_RNvXs2_NtCshZwSrvLNNwg_13tanaka_server5errorNtB5_8AppErrorINtNtCsfvfooZQ3Axs_4core7convert4FromNtNtCs1XS2XOJJs61_10serde_json5error5ErrorE4from
FNDA:0,_RNvXs3_NtCshZwSrvLNNwg_13tanaka_server5errorNtB5_8AppErrorINtNtCsfvfooZQ3Axs_4core7convert4FromNtNtNtCscOYdFFY2T5N_3std2io5error5ErrorE4from
FNDA:0,_RNvXsa_NtCshZwSrvLNNwg_13tanaka_server5errorNtB5_9ErrorCodeNtCsgrh9ML4AhPT_5ts_rs2TS11output_path
FNDA:0,_RNvXsa_NtCshZwSrvLNNwg_13tanaka_server5errorNtB5_9ErrorCodeNtCsgrh9ML4AhPT_5ts_rs2TS13decl_concrete
FNDA:0,_RNvXsa_NtCshZwSrvLNNwg_13tanaka_server5errorNtB5_9ErrorCodeNtCsgrh9ML4AhPT_5ts_rs2TS16inline_flattened
FNDA:0,_RNvXsa_NtCshZwSrvLNNwg_13tanaka_server5errorNtB5_9ErrorCodeNtCsgrh9ML4AhPT_5ts_rs2TS4decl
FNDA:0,_RNvXsa_NtCshZwSrvLNNwg_13tanaka_server5errorNtB5_9ErrorCodeNtCsgrh9ML4AhPT_5ts_rs2TS4name
FNDA:0,_RNvXsa_NtCshZwSrvLNNwg_13tanaka_server5errorNtB5_9ErrorCodeNtCsgrh9ML4AhPT_5ts_rs2TS5ident
FNDA:0,_RNvXsa_NtCshZwSrvLNNwg_13tanaka_server5errorNtB5_9ErrorCodeNtCsgrh9ML4AhPT_5ts_rs2TS6inline
FNDA:0,_RNvXsf_NtCshZwSrvLNNwg_13tanaka_server5errorNtB5_13ErrorResponseNtCsgrh9ML4AhPT_5ts_rs2TS11output_path
FNDA:0,_RNvXsf_NtCshZwSrvLNNwg_13tanaka_server5errorNtB5_13ErrorResponseNtCsgrh9ML4AhPT_5ts_rs2TS13decl_concrete
FNDA:0,_RNvXsf_NtCshZwSrvLNNwg_13tanaka_server5errorNtB5_13ErrorResponseNtCsgrh9ML4AhPT_5ts_rs2TS16inline_flattened
FNDA:0,_RNvXsf_NtCshZwSrvLNNwg_13tanaka_server5errorNtB5_13ErrorResponseNtCsgrh9ML4AhPT_5ts_rs2TS4decl
FNDA:0,_RNvXsf_NtCshZwSrvLNNwg_13tanaka_server5errorNtB5_13ErrorResponseNtCsgrh9ML4AhPT_5ts_rs2TS4name
FNDA:0,_RNvXsf_NtCshZwSrvLNNwg_13tanaka_server5errorNtB5_13ErrorResponseNtCsgrh9ML4AhPT_5ts_rs2TS5ident
FNDA:0,_RNvXsf_NtCshZwSrvLNNwg_13tanaka_server5errorNtB5_13ErrorResponseNtCsgrh9ML4AhPT_5ts_rs2TS6inline
FNDA:0,_RNvXsh_NtCshZwSrvLNNwg_13tanaka_server5errorNtB5_11ErrorDetailNtCsgrh9ML4AhPT_5ts_rs2TS11output_path
FNDA:0,_RNvXsh_NtCshZwSrvLNNwg_13tanaka_server5errorNtB5_11ErrorDetailNtCsgrh9ML4AhPT_5ts_rs2TS13decl_concrete
FNDA:0,_RNvXsh_NtCshZwSrvLNNwg_13tanaka_server5errorNtB5_11ErrorDetailNtCsgrh9ML4AhPT_5ts_rs2TS16inline_flattened
FNDA:0,_RNvXsh_NtCshZwSrvLNNwg_13tanaka_server5errorNtB5_11ErrorDetailNtCsgrh9ML4AhPT_5ts_rs2TS4decl
FNDA:0,_RNvXsh_NtCshZwSrvLNNwg_13tanaka_server5errorNtB5_11ErrorDetailNtCsgrh9ML4AhPT_5ts_rs2TS4name
FNDA:0,_RNvXsh_NtCshZwSrvLNNwg_13tanaka_server5errorNtB5_11ErrorDetailNtCsgrh9ML4AhPT_5ts_rs2TS5ident
FNDA:0,_RNvXsh_NtCshZwSrvLNNwg_13tanaka_server5errorNtB5_11ErrorDetailNtCsgrh9ML4AhPT_5ts_rs2TS6inline
FNDA:0,_RNvXsj_NtCshZwSrvLNNwg_13tanaka_server5errorNtB5_9RetryInfoNtCsgrh9ML4AhPT_5ts_rs2TS11output_path
FNDA:0,_RNvXsj_NtCshZwSrvLNNwg_13tanaka_server5errorNtB5_9RetryInfoNtCsgrh9ML4AhPT_5ts_rs2TS13decl_concrete
FNDA:0,_RNvXsj_NtCshZwSrvLNNwg_13tanaka_server5errorNtB5_9RetryInfoNtCsgrh9ML4AhPT_5ts_rs2TS16inline_flattened
FNDA:0,_RNvXsj_NtCshZwSrvLNNwg_13tanaka_server5errorNtB5_9RetryInfoNtCsgrh9ML4AhPT_5ts_rs2TS4decl
FNDA:0,_RNvXsj_NtCshZwSrvLNNwg_13tanaka_server5errorNtB5_9RetryInfoNtCsgrh9ML4AhPT_5ts_rs2TS4name
FNDA:0,_RNvXsj_NtCshZwSrvLNNwg_13tanaka_server5errorNtB5_9RetryInfoNtCsgrh9ML4AhPT_5ts_rs2TS5ident
FNDA:0,_RNvXsj_NtCshZwSrvLNNwg_13tanaka_server5errorNtB5_9RetryInfoNtCsgrh9ML4AhPT_5ts_rs2TS6inline
FNDA:1,_RINvMs_NtCshZwSrvLNNwg_13tanaka_server5errorNtB5_8AppError10validationReB16_EB7_
FNDA:1,_RINvMs_NtCshZwSrvLNNwg_13tanaka_server5errorNtB5_8AppError18auth_token_invalidReEB7_
FNDA:0,_RINvMs_NtCshZwSrvLNNwg_13tanaka_server5errorNtB5_8AppError8databaseReEB7_
FNDA:0,_RINvMs_NtCshZwSrvLNNwg_13tanaka_server5errorNtB5_8AppError8internalNtNtCse1nGBsou5OW_5alloc6string6StringEB7_
FNDA:0,_RINvMs_NtCshZwSrvLNNwg_13tanaka_server5errorNtB5_8AppError8databaseNtNtCse1nGBsou5OW_5alloc6string6StringECsXOim8dYVq7_16sync_integration
FNDA:1,_RNvNtNtCsj5eehSrW5PK_13tanaka_server5error5testss_21test_retryable_errors
FNDA:1,_RNvNtNtCsj5eehSrW5PK_13tanaka_server5error5testss_27test_app_error_status_codes
FNDA:1,_RNvNtNtCsj5eehSrW5PK_13tanaka_server5error5testss_34test_error_codes_have_valid_status
FNDA:0,_RINvMs_NtCsj5eehSrW5PK_13tanaka_server5errorNtB5_8AppError12with_contextpEB7_
FNDA:0,_RINvXsa_NtCsj5eehSrW5PK_13tanaka_server5errorNtB6_9ErrorCodeNtCsgrh9ML4AhPT_5ts_rs2TS14visit_genericspEB8_
FNDA:0,_RINvXsa_NtCsj5eehSrW5PK_13tanaka_server5errorNtB6_9ErrorCodeNtCsgrh9ML4AhPT_5ts_rs2TS18visit_dependenciespEB8_
FNDA:0,_RINvXsf_NtCsj5eehSrW5PK_13tanaka_server5errorNtB6_13ErrorResponseNtCsgrh9ML4AhPT_5ts_rs2TS14visit_genericspEB8_
FNDA:0,_RINvXsf_NtCsj5eehSrW5PK_13tanaka_server5errorNtB6_13ErrorResponseNtCsgrh9ML4AhPT_5ts_rs2TS18visit_dependenciespEB8_
FNDA:0,_RINvXsh_NtCsj5eehSrW5PK_13tanaka_server5errorNtB6_11ErrorDetailNtCsgrh9ML4AhPT_5ts_rs2TS14visit_genericspEB8_
FNDA:0,_RINvXsh_NtCsj5eehSrW5PK_13tanaka_server5errorNtB6_11ErrorDetailNtCsgrh9ML4AhPT_5ts_rs2TS18visit_dependenciespEB8_
FNDA:0,_RINvXsj_NtCsj5eehSrW5PK_13tanaka_server5errorNtB6_9RetryInfoNtCsgrh9ML4AhPT_5ts_rs2TS14visit_genericspEB8_
FNDA:0,_RINvXsj_NtCsj5eehSrW5PK_13tanaka_server5errorNtB6_9RetryInfoNtCsgrh9ML4AhPT_5ts_rs2TS18visit_dependenciespEB8_
FNDA:0,_RNvMNtCsj5eehSrW5PK_13tanaka_server5errorNtB2_9ErrorCode15default_message
FNDA:0,_RNvMs_NtCsj5eehSrW5PK_13tanaka_server5errorNtB4_8AppError10error_code
FNDA:0,_RNvXs0_NtCsj5eehSrW5PK_13tanaka_server5errorNtB5_8AppErrorNtNtNtCs74lylNrlMO2_9axum_core8response13into_response12IntoResponse13into_response
FNDA:0,_RNvXs1_NtCsj5eehSrW5PK_13tanaka_server5errorNtB5_8AppErrorINtNtCsfvfooZQ3Axs_4core7convert4FromNtNtCscpaIWIBTuPX_9sqlx_core5error5ErrorE4from
FNDA:0,_RNvXs2_NtCsj5eehSrW5PK_13tanaka_server5errorNtB5_8AppErrorINtNtCsfvfooZQ3Axs_4core7convert4FromNtNtCs1XS2XOJJs61_10serde_json5error5ErrorE4from
FNDA:0,_RNvXs3_NtCsj5eehSrW5PK_13tanaka_server5errorNtB5_8AppErrorINtNtCsfvfooZQ3Axs_4core7convert4FromNtNtNtCscOYdFFY2T5N_3std2io5error5ErrorE4from
FNDA:0,_RNvXsa_NtCsj5eehSrW5PK_13tanaka_server5errorNtB5_9ErrorCodeNtCsgrh9ML4AhPT_5ts_rs2TS11output_path
FNDA:0,_RNvXsa_NtCsj5eehSrW5PK_13tanaka_server5errorNtB5_9ErrorCodeNtCsgrh9ML4AhPT_5ts_rs2TS13decl_concrete
FNDA:0,_RNvXsa_NtCsj5eehSrW5PK_13tanaka_server5errorNtB5_9ErrorCodeNtCsgrh9ML4AhPT_5ts_rs2TS16inline_flattened
FNDA:0,_RNvXsa_NtCsj5eehSrW5PK_13tanaka_server5errorNtB5_9ErrorCodeNtCsgrh9ML4AhPT_5ts_rs2TS4decl
FNDA:0,_RNvXsa_NtCsj5eehSrW5PK_13tanaka_server5errorNtB5_9ErrorCodeNtCsgrh9ML4AhPT_5ts_rs2TS4name
FNDA:0,_RNvXsa_NtCsj5eehSrW5PK_13tanaka_server5errorNtB5_9ErrorCodeNtCsgrh9ML4AhPT_5ts_rs2TS5ident
FNDA:0,_RNvXsa_NtCsj5eehSrW5PK_13tanaka_server5errorNtB5_9ErrorCodeNtCsgrh9ML4AhPT_5ts_rs2TS6inline
FNDA:0,_RNvXsf_NtCsj5eehSrW5PK_13tanaka_server5errorNtB5_13ErrorResponseNtCsgrh9ML4AhPT_5ts_rs2TS11output_path
FNDA:0,_RNvXsf_NtCsj5eehSrW5PK_13tanaka_server5errorNtB5_13ErrorResponseNtCsgrh9ML4AhPT_5ts_rs2TS13decl_concrete
FNDA:0,_RNvXsf_NtCsj5eehSrW5PK_13tanaka_server5errorNtB5_13ErrorResponseNtCsgrh9ML4AhPT_5ts_rs2TS16inline_flattened
FNDA:0,_RNvXsf_NtCsj5eehSrW5PK_13tanaka_server5errorNtB5_13ErrorResponseNtCsgrh9ML4AhPT_5ts_rs2TS4decl
FNDA:0,_RNvXsf_NtCsj5eehSrW5PK_13tanaka_server5errorNtB5_13ErrorResponseNtCsgrh9ML4AhPT_5ts_rs2TS4name
FNDA:0,_RNvXsf_NtCsj5eehSrW5PK_13tanaka_server5errorNtB5_13ErrorResponseNtCsgrh9ML4AhPT_5ts_rs2TS5ident
FNDA:0,_RNvXsf_NtCsj5eehSrW5PK_13tanaka_server5errorNtB5_13ErrorResponseNtCsgrh9ML4AhPT_5ts_rs2TS6inline
FNDA:0,_RNvXsh_NtCsj5eehSrW5PK_13tanaka_server5errorNtB5_11ErrorDetailNtCsgrh9ML4AhPT_5ts_rs2TS11output_path
FNDA:0,_RNvXsh_NtCsj5eehSrW5PK_13tanaka_server5errorNtB5_11ErrorDetailNtCsgrh9ML4AhPT_5ts_rs2TS13decl_concrete
FNDA:0,_RNvXsh_NtCsj5eehSrW5PK_13tanaka_server5errorNtB5_11ErrorDetailNtCsgrh9ML4AhPT_5ts_rs2TS16inline_flattened
FNDA:0,_RNvXsh_NtCsj5eehSrW5PK_13tanaka_server5errorNtB5_11ErrorDetailNtCsgrh9ML4AhPT_5ts_rs2TS4decl
FNDA:0,_RNvXsh_NtCsj5eehSrW5PK_13tanaka_server5errorNtB5_11ErrorDetailNtCsgrh9ML4AhPT_5ts_rs2TS4name
FNDA:0,_RNvXsh_NtCsj5eehSrW5PK_13tanaka_server5errorNtB5_11ErrorDetailNtCsgrh9ML4AhPT_5ts_rs2TS5ident
FNDA:0,_RNvXsh_NtCsj5eehSrW5PK_13tanaka_server5errorNtB5_11ErrorDetailNtCsgrh9ML4AhPT_5ts_rs2TS6inline
FNDA:0,_RNvXsj_NtCsj5eehSrW5PK_13tanaka_server5errorNtB5_9RetryInfoNtCsgrh9ML4AhPT_5ts_rs2TS11output_path
FNDA:0,_RNvXsj_NtCsj5eehSrW5PK_13tanaka_server5errorNtB5_9RetryInfoNtCsgrh9ML4AhPT_5ts_rs2TS13decl_concrete
FNDA:0,_RNvXsj_NtCsj5eehSrW5PK_13tanaka_server5errorNtB5_9RetryInfoNtCsgrh9ML4AhPT_5ts_rs2TS16inline_flattened
FNDA:0,_RNvXsj_NtCsj5eehSrW5PK_13tanaka_server5errorNtB5_9RetryInfoNtCsgrh9ML4AhPT_5ts_rs2TS4decl
FNDA:0,_RNvXsj_NtCsj5eehSrW5PK_13tanaka_server5errorNtB5_9RetryInfoNtCsgrh9ML4AhPT_5ts_rs2TS4name
FNDA:0,_RNvXsj_NtCsj5eehSrW5PK_13tanaka_server5errorNtB5_9RetryInfoNtCsgrh9ML4AhPT_5ts_rs2TS5ident
FNDA:0,_RNvXsj_NtCsj5eehSrW5PK_13tanaka_server5errorNtB5_9RetryInfoNtCsgrh9ML4AhPT_5ts_rs2TS6inline
FNDA:11,_RINvMs_NtCsj5eehSrW5PK_13tanaka_server5errorNtB5_8AppError10validationReB16_EB7_
FNDA:3,_RINvMs_NtCsj5eehSrW5PK_13tanaka_server5errorNtB5_8AppError18auth_token_invalidReEB7_
FNDA:4,_RINvMs_NtCsj5eehSrW5PK_13tanaka_server5errorNtB5_8AppError8databaseReEB7_
FNDA:0,_RINvMs_NtCsj5eehSrW5PK_13tanaka_server5errorNtB5_8AppError8internalNtNtCse1nGBsou5OW_5alloc6string6StringEB7_
FNDA:1,_RINvMs_NtCsj5eehSrW5PK_13tanaka_server5errorNtB5_8AppError8internalReEB7_
FNDA:6,_RNvMNtCsj5eehSrW5PK_13tanaka_server5errorNtB2_9ErrorCode11http_status
FNDA:1,_RNvMNtCsj5eehSrW5PK_13tanaka_server5errorNtB2_9ErrorCode12is_retryable
FNDA:3,_RNvMs_NtCsj5eehSrW5PK_13tanaka_server5errorNtB4_8AppError11status_code
FNDA:3,_RNvMs_NtCsj5eehSrW5PK_13tanaka_server5errorNtB4_8AppError12is_retryable
FNDA:2,_RNvMs_NtCsj5eehSrW5PK_13tanaka_server5errorNtB4_8AppError18auth_token_missing
FNDA:0,_RINvMs_NtCshZwSrvLNNwg_13tanaka_server5errorNtB5_8AppError8databaseNtNtCse1nGBsou5OW_5alloc6string6StringECslbfR7TIOxqS_13tanaka_server
FNDA:0,_RINvMs_NtCshZwSrvLNNwg_13tanaka_server5errorNtB5_8AppError8databaseNtNtCse1nGBsou5OW_5alloc6string6StringECsavu2Ro5SPdo_13tanaka_server
FNF:23
FNH:14
DA:12,0
DA:58,7
DA:59,7
DA:66,1
DA:69,0
DA:74,3
DA:80,0
DA:83,2
DA:89,1
DA:92,0
DA:93,0
DA:94,0
DA:97,0
DA:99,7
DA:103,0
DA:104,0
DA:107,0
DA:110,0
DA:113,0
DA:116,0
DA:121,0
DA:124,0
DA:127,0
DA:130,0
DA:135,0
DA:137,0
DA:139,0
DA:141,0
DA:144,0
DA:146,0
DA:148,0
DA:149,0
DA:150,0
DA:153,0
DA:155,0
DA:158,0
DA:163,0
DA:166,0
DA:169,0
DA:172,0
DA:175,0
DA:178,2
DA:179,2
DA:180,2
DA:188,2
DA:249,2
DA:250,2
DA:251,0
DA:252,1
DA:253,1
DA:254,0
DA:255,0
DA:256,0
DA:257,0
DA:258,0
DA:259,0
DA:260,0
DA:262,0
DA:264,2
DA:267,5
DA:268,5
DA:270,1
DA:272,2
DA:274,2
DA:276,0
DA:277,0
DA:279,5
DA:282,5
DA:283,5
DA:284,1
DA:285,2
DA:289,2
DA:290,0
DA:291,0
DA:298,5
DA:302,2
DA:303,2
DA:304,2
DA:305,2
DA:306,2
DA:307,2
DA:310,4
DA:311,4
DA:312,4
DA:313,4
DA:314,4
DA:315,4
DA:319,12
DA:320,12
DA:321,12
DA:322,12
DA:323,12
DA:324,12
DA:326,4
DA:327,4
DA:328,4
DA:329,4
DA:330,4
DA:331,4
DA:335,1
DA:336,1
DA:337,1
DA:338,1
DA:339,1
DA:340,1
DA:344,0
DA:345,0
DA:346,0
DA:347,0
DA:348,0
DA:349,0
DA:351,0
DA:352,0
DA:355,0
DA:367,0
DA:384,0
DA:398,2
DA:399,2
DA:400,2
DA:401,2
DA:402,2
DA:403,2
DA:404,2
DA:405,2
DA:410,0
DA:413,2
DA:414,2
DA:415,2
DA:416,2
DA:417,2
DA:418,2
DA:419,0
DA:420,0
DA:421,0
DA:423,0
DA:426,2
DA:428,2
DA:429,0
DA:430,0
DA:431,0
DA:432,2
DA:436,2
DA:439,0
DA:440,0
DA:441,0
DA:442,0
DA:444,0
DA:447,2
DA:448,2
DA:449,2
DA:450,2
DA:451,2
DA:454,2
DA:455,2
DA:456,2
DA:457,2
DA:458,2
DA:459,2
DA:460,2
DA:461,2
DA:465,0
DA:466,0
DA:467,0
DA:471,0
DA:472,0
DA:473,0
DA:474,0
DA:475,0
DA:476,0
DA:480,0
DA:481,0
DA:482,0
DA:483,0
DA:484,0
DA:485,0
DA:496,1
DA:497,1
DA:498,1
DA:499,1
DA:500,1
DA:501,1
DA:502,1
DA:503,1
DA:505,6
DA:506,5
DA:507,5
DA:509,1
DA:512,1
DA:513,1
DA:514,1
DA:515,1
DA:516,1
DA:517,1
DA:519,4
DA:520,3
DA:521,3
DA:523,1
DA:526,1
DA:527,1
DA:528,1
DA:529,1
DA:530,1
BRF:0
BRH:0
LF:202
LH:116
end_of_record
SF:/Users/manish/projects/tanaka/server/src/lib.rs
FN:142,_RNCNCNvCshZwSrvLNNwg_13tanaka_server14setup_database00B5_
FN:154,_RNCNCNvCshZwSrvLNNwg_13tanaka_server14setup_database0s0_0B5_
FN:159,_RNCNCNvCshZwSrvLNNwg_13tanaka_server14setup_database0s1_0B5_
FN:165,_RNCNCNvCshZwSrvLNNwg_13tanaka_server14setup_database0s2_0B5_
FN:170,_RNCNCNvCshZwSrvLNNwg_13tanaka_server14setup_database0s3_0B5_
FN:175,_RNCNCNvCshZwSrvLNNwg_13tanaka_server14setup_database0s4_0B5_
FN:181,_RNCNCNvCshZwSrvLNNwg_13tanaka_server14setup_database0s5_0B5_
FN:188,_RNCNCNvCshZwSrvLNNwg_13tanaka_server14setup_database0s6_0B5_
FN:148,_RNCNCNvCshZwSrvLNNwg_13tanaka_server14setup_database0s_0B5_
FN:98,_RNCNvCshZwSrvLNNwg_13tanaka_server14setup_database0B3_
FN:69,_RNCNCNvCshZwSrvLNNwg_13tanaka_server15auth_middleware00B5_
FN:63,_RNCNvCshZwSrvLNNwg_13tanaka_server15auth_middleware0B3_
FN:47,_RNCNvCshZwSrvLNNwg_13tanaka_server6health0B3_
FN:29,_RNvCshZwSrvLNNwg_13tanaka_server10create_app
FN:96,_RNvCshZwSrvLNNwg_13tanaka_server14setup_database
FN:59,_RNvCshZwSrvLNNwg_13tanaka_server15auth_middleware
FN:47,_RNvCshZwSrvLNNwg_13tanaka_server6health
FN:142,_RNCNCNvCshZwSrvLNNwg_13tanaka_server14setup_database00CsXOim8dYVq7_16sync_integration
FN:154,_RNCNCNvCshZwSrvLNNwg_13tanaka_server14setup_database0s0_0CsXOim8dYVq7_16sync_integration
FN:159,_RNCNCNvCshZwSrvLNNwg_13tanaka_server14setup_database0s1_0CsXOim8dYVq7_16sync_integration
FN:165,_RNCNCNvCshZwSrvLNNwg_13tanaka_server14setup_database0s2_0CsXOim8dYVq7_16sync_integration
FN:170,_RNCNCNvCshZwSrvLNNwg_13tanaka_server14setup_database0s3_0CsXOim8dYVq7_16sync_integration
FN:175,_RNCNCNvCshZwSrvLNNwg_13tanaka_server14setup_database0s4_0CsXOim8dYVq7_16sync_integration
FN:181,_RNCNCNvCshZwSrvLNNwg_13tanaka_server14setup_database0s5_0CsXOim8dYVq7_16sync_integration
FN:188,_RNCNCNvCshZwSrvLNNwg_13tanaka_server14setup_database0s6_0CsXOim8dYVq7_16sync_integration
FN:148,_RNCNCNvCshZwSrvLNNwg_13tanaka_server14setup_database0s_0CsXOim8dYVq7_16sync_integration
FN:98,_RNCNvCshZwSrvLNNwg_13tanaka_server14setup_database0CsXOim8dYVq7_16sync_integration
FN:142,_RNCNCNvCsj5eehSrW5PK_13tanaka_server14setup_database00B5_
FN:154,_RNCNCNvCsj5eehSrW5PK_13tanaka_server14setup_database0s0_0B5_
FN:159,_RNCNCNvCsj5eehSrW5PK_13tanaka_server14setup_database0s1_0B5_
FN:165,_RNCNCNvCsj5eehSrW5PK_13tanaka_server14setup_database0s2_0B5_
FN:170,_RNCNCNvCsj5eehSrW5PK_13tanaka_server14setup_database0s3_0B5_
FN:175,_RNCNCNvCsj5eehSrW5PK_13tanaka_server14setup_database0s4_0B5_
FN:181,_RNCNCNvCsj5eehSrW5PK_13tanaka_server14setup_database0s5_0B5_
FN:188,_RNCNCNvCsj5eehSrW5PK_13tanaka_server14setup_database0s6_0B5_
FN:148,_RNCNCNvCsj5eehSrW5PK_13tanaka_server14setup_database0s_0B5_
FN:69,_RNCNCNvCsj5eehSrW5PK_13tanaka_server15auth_middleware00B5_
FN:98,_RNCNvCsj5eehSrW5PK_13tanaka_server14setup_database0B3_
FN:63,_RNCNvCsj5eehSrW5PK_13tanaka_server15auth_middleware0B3_
FN:47,_RNCNvCsj5eehSrW5PK_13tanaka_server6health0B3_
FN:29,_RNvCsj5eehSrW5PK_13tanaka_server10create_app
FN:96,_RNvCsj5eehSrW5PK_13tanaka_server14setup_database
FN:59,_RNvCsj5eehSrW5PK_13tanaka_server15auth_middleware
FN:47,_RNvCsj5eehSrW5PK_13tanaka_server6health
FN:142,_RNCNCNvCshZwSrvLNNwg_13tanaka_server14setup_database00Csavu2Ro5SPdo_13tanaka_server
FN:154,_RNCNCNvCshZwSrvLNNwg_13tanaka_server14setup_database0s0_0Csavu2Ro5SPdo_13tanaka_server
FN:159,_RNCNCNvCshZwSrvLNNwg_13tanaka_server14setup_database0s1_0Csavu2Ro5SPdo_13tanaka_server
FN:165,_RNCNCNvCshZwSrvLNNwg_13tanaka_server14setup_database0s2_0Csavu2Ro5SPdo_13tanaka_server
FN:170,_RNCNCNvCshZwSrvLNNwg_13tanaka_server14setup_database0s3_0Csavu2Ro5SPdo_13tanaka_server
FN:175,_RNCNCNvCshZwSrvLNNwg_13tanaka_server14setup_database0s4_0Csavu2Ro5SPdo_13tanaka_server
FN:181,_RNCNCNvCshZwSrvLNNwg_13tanaka_server14setup_database0s5_0Csavu2Ro5SPdo_13tanaka_server
FN:188,_RNCNCNvCshZwSrvLNNwg_13tanaka_server14setup_database0s6_0Csavu2Ro5SPdo_13tanaka_server
FN:148,_RNCNCNvCshZwSrvLNNwg_13tanaka_server14setup_database0s_0Csavu2Ro5SPdo_13tanaka_server
FN:98,_RNCNvCshZwSrvLNNwg_13tanaka_server14setup_database0Csavu2Ro5SPdo_13tanaka_server
FNDA:0,_RNCNCNvCshZwSrvLNNwg_13tanaka_server14setup_database00B5_
FNDA:0,_RNCNCNvCshZwSrvLNNwg_13tanaka_server14setup_database0s0_0B5_
FNDA:0,_RNCNCNvCshZwSrvLNNwg_13tanaka_server14setup_database0s1_0B5_
FNDA:0,_RNCNCNvCshZwSrvLNNwg_13tanaka_server14setup_database0s2_0B5_
FNDA:0,_RNCNCNvCshZwSrvLNNwg_13tanaka_server14setup_database0s3_0B5_
FNDA:0,_RNCNCNvCshZwSrvLNNwg_13tanaka_server14setup_database0s4_0B5_
FNDA:0,_RNCNCNvCshZwSrvLNNwg_13tanaka_server14setup_database0s5_0B5_
FNDA:0,_RNCNCNvCshZwSrvLNNwg_13tanaka_server14setup_database0s6_0B5_
FNDA:0,_RNCNCNvCshZwSrvLNNwg_13tanaka_server14setup_database0s_0B5_
FNDA:0,_RNCNvCshZwSrvLNNwg_13tanaka_server14setup_database0B3_
FNDA:30,_RNCNCNvCshZwSrvLNNwg_13tanaka_server15auth_middleware00B5_
FNDA:30,_RNCNvCshZwSrvLNNwg_13tanaka_server15auth_middleware0B3_
FNDA:0,_RNCNvCshZwSrvLNNwg_13tanaka_server6health0B3_
FNDA:12,_RNvCshZwSrvLNNwg_13tanaka_server10create_app
FNDA:14,_RNvCshZwSrvLNNwg_13tanaka_server14setup_database
FNDA:30,_RNvCshZwSrvLNNwg_13tanaka_server15auth_middleware
FNDA:0,_RNvCshZwSrvLNNwg_13tanaka_server6health
FNDA:0,_RNCNCNvCshZwSrvLNNwg_13tanaka_server14setup_database00CsXOim8dYVq7_16sync_integration
FNDA:0,_RNCNCNvCshZwSrvLNNwg_13tanaka_server14setup_database0s0_0CsXOim8dYVq7_16sync_integration
FNDA:0,_RNCNCNvCshZwSrvLNNwg_13tanaka_server14setup_database0s1_0CsXOim8dYVq7_16sync_integration
FNDA:0,_RNCNCNvCshZwSrvLNNwg_13tanaka_server14setup_database0s2_0CsXOim8dYVq7_16sync_integration
FNDA:0,_RNCNCNvCshZwSrvLNNwg_13tanaka_server14setup_database0s3_0CsXOim8dYVq7_16sync_integration
FNDA:0,_RNCNCNvCshZwSrvLNNwg_13tanaka_server14setup_database0s4_0CsXOim8dYVq7_16sync_integration
FNDA:0,_RNCNCNvCshZwSrvLNNwg_13tanaka_server14setup_database0s5_0CsXOim8dYVq7_16sync_integration
FNDA:0,_RNCNCNvCshZwSrvLNNwg_13tanaka_server14setup_database0s6_0CsXOim8dYVq7_16sync_integration
FNDA:0,_RNCNCNvCshZwSrvLNNwg_13tanaka_server14setup_database0s_0CsXOim8dYVq7_16sync_integration
FNDA:12,_RNCNvCshZwSrvLNNwg_13tanaka_server14setup_database0CsXOim8dYVq7_16sync_integration
FNDA:0,_RNCNCNvCsj5eehSrW5PK_13tanaka_server14setup_database00B5_
FNDA:0,_RNCNCNvCsj5eehSrW5PK_13tanaka_server14setup_database0s0_0B5_
FNDA:0,_RNCNCNvCsj5eehSrW5PK_13tanaka_server14setup_database0s1_0B5_
FNDA:0,_RNCNCNvCsj5eehSrW5PK_13tanaka_server14setup_database0s2_0B5_
FNDA:0,_RNCNCNvCsj5eehSrW5PK_13tanaka_server14setup_database0s3_0B5_
FNDA:0,_RNCNCNvCsj5eehSrW5PK_13tanaka_server14setup_database0s4_0B5_
FNDA:0,_RNCNCNvCsj5eehSrW5PK_13tanaka_server14setup_database0s5_0B5_
FNDA:0,_RNCNCNvCsj5eehSrW5PK_13tanaka_server14setup_database0s6_0B5_
FNDA:0,_RNCNCNvCsj5eehSrW5PK_13tanaka_server14setup_database0s_0B5_
FNDA:0,_RNCNCNvCsj5eehSrW5PK_13tanaka_server15auth_middleware00B5_
FNDA:0,_RNCNvCsj5eehSrW5PK_13tanaka_server14setup_database0B3_
FNDA:0,_RNCNvCsj5eehSrW5PK_13tanaka_server15auth_middleware0B3_
FNDA:0,_RNCNvCsj5eehSrW5PK_13tanaka_server6health0B3_
FNDA:0,_RNvCsj5eehSrW5PK_13tanaka_server10create_app
FNDA:0,_RNvCsj5eehSrW5PK_13tanaka_server14setup_database
FNDA:0,_RNvCsj5eehSrW5PK_13tanaka_server15auth_middleware
FNDA:0,_RNvCsj5eehSrW5PK_13tanaka_server6health
FNDA:0,_RNCNCNvCshZwSrvLNNwg_13tanaka_server14setup_database00Csavu2Ro5SPdo_13tanaka_server
FNDA:0,_RNCNCNvCshZwSrvLNNwg_13tanaka_server14setup_database0s0_0Csavu2Ro5SPdo_13tanaka_server
FNDA:0,_RNCNCNvCshZwSrvLNNwg_13tanaka_server14setup_database0s1_0Csavu2Ro5SPdo_13tanaka_server
FNDA:0,_RNCNCNvCshZwSrvLNNwg_13tanaka_server14setup_database0s2_0Csavu2Ro5SPdo_13tanaka_server
FNDA:0,_RNCNCNvCshZwSrvLNNwg_13tanaka_server14setup_database0s3_0Csavu2Ro5SPdo_13tanaka_server
FNDA:0,_RNCNCNvCshZwSrvLNNwg_13tanaka_server14setup_database0s4_0Csavu2Ro5SPdo_13tanaka_server
FNDA:0,_RNCNCNvCshZwSrvLNNwg_13tanaka_server14setup_database0s5_0Csavu2Ro5SPdo_13tanaka_server
FNDA:0,_RNCNCNvCshZwSrvLNNwg_13tanaka_server14setup_database0s6_0Csavu2Ro5SPdo_13tanaka_server
FNDA:0,_RNCNCNvCshZwSrvLNNwg_13tanaka_server14setup_database0s_0Csavu2Ro5SPdo_13tanaka_server
FNDA:2,_RNCNvCshZwSrvLNNwg_13tanaka_server14setup_database0Csavu2Ro5SPdo_13tanaka_server
FNF:17
FNH:6
DA:29,12
DA:30,12
DA:31,12
DA:32,12
DA:33,12
DA:34,12
DA:35,12
DA:36,12
DA:37,12
DA:38,12
DA:39,12
DA:40,12
DA:41,12
DA:42,12
DA:43,12
DA:44,12
DA:45,12
DA:47,0
DA:48,0
DA:49,0
DA:50,0
DA:51,0
DA:52,0
DA:59,30
DA:60,30
DA:61,30
DA:62,30
DA:63,30
DA:66,30
DA:67,30
DA:68,30
DA:69,30
DA:71,30
DA:72,30
DA:73,30
DA:74,30
DA:75,29
DA:77,1
DA:78,1
DA:79,1
DA:80,1
DA:83,0
DA:84,0
DA:85,0
DA:86,0
DA:87,0
DA:89,30
DA:96,14
DA:97,14
DA:98,14
DA:137,14
DA:138,14
DA:139,14
DA:140,14
DA:141,14
DA:142,14
DA:145,14
DA:146,14
DA:147,14
DA:148,14
DA:150,14
DA:151,14
DA:152,14
DA:153,14
DA:154,14
DA:156,14
DA:157,14
DA:158,14
DA:159,14
DA:162,14
DA:163,14
DA:164,14
DA:165,14
DA:167,14
DA:168,14
DA:169,14
DA:170,14
DA:172,14
DA:173,14
DA:174,14
DA:175,14
DA:178,14
DA:179,14
DA:180,14
DA:181,14
DA:183,14
DA:184,14
DA:185,14
DA:186,14
DA:187,14
DA:188,14
DA:190,14
DA:191,14
BRF:0
BRH:0
LF:106
LH:85
end_of_record
SF:/Users/manish/projects/tanaka/server/src/main.rs
FN:86,_RNvCslbfR7TIOxqS_13tanaka_server10create_app
FN:65,_RNvCslbfR7TIOxqS_13tanaka_server12init_logging
FN:28,_RNvCslbfR7TIOxqS_13tanaka_server4main
FN:110,_RNvCslbfR7TIOxqS_13tanaka_server6health
FN:66,_RNCNvCslbfR7TIOxqS_13tanaka_server12init_logging0B3_
FN:28,_RNCNvCslbfR7TIOxqS_13tanaka_server4main0B3_
FN:110,_RNCNvCslbfR7TIOxqS_13tanaka_server6health0B3_
FN:66,_RNCNvCsavu2Ro5SPdo_13tanaka_server12init_logging0B3_
FN:28,_RNCNvCsavu2Ro5SPdo_13tanaka_server4main0B3_
FN:65,_RNvCsavu2Ro5SPdo_13tanaka_server12init_logging
FN:28,_RNvCsavu2Ro5SPdo_13tanaka_server4main
FN:136,_RNCNvNtCsavu2Ro5SPdo_13tanaka_server5testss_17test_app_creation0B5_
FN:176,_RNCNvNtCsavu2Ro5SPdo_13tanaka_server5testss_26test_full_startup_sequence0B5_
FN:86,_RNvCsavu2Ro5SPdo_13tanaka_server10create_app
FN:110,_RNvCsavu2Ro5SPdo_13tanaka_server6health
FN:110,_RNCNvCsavu2Ro5SPdo_13tanaka_server6health0B3_
FN:136,_RNvNtCsavu2Ro5SPdo_13tanaka_server5testss_17test_app_creation
FN:124,_RNvNtCsavu2Ro5SPdo_13tanaka_server5testss_17test_init_logging
FN:176,_RNvNtCsavu2Ro5SPdo_13tanaka_server5testss_26test_full_startup_sequence
FNDA:0,_RNvCslbfR7TIOxqS_13tanaka_server10create_app
FNDA:0,_RNvCslbfR7TIOxqS_13tanaka_server12init_logging
FNDA:0,_RNvCslbfR7TIOxqS_13tanaka_server4main
FNDA:0,_RNvCslbfR7TIOxqS_13tanaka_server6health
FNDA:0,_RNCNvCslbfR7TIOxqS_13tanaka_server12init_logging0B3_
FNDA:0,_RNCNvCslbfR7TIOxqS_13tanaka_server4main0B3_
FNDA:0,_RNCNvCslbfR7TIOxqS_13tanaka_server6health0B3_
FNDA:0,_RNCNvCsavu2Ro5SPdo_13tanaka_server12init_logging0B3_
FNDA:0,_RNCNvCsavu2Ro5SPdo_13tanaka_server4main0B3_
FNDA:0,_RNvCsavu2Ro5SPdo_13tanaka_server12init_logging
FNDA:0,_RNvCsavu2Ro5SPdo_13tanaka_server4main
FNDA:1,_RNCNvNtCsavu2Ro5SPdo_13tanaka_server5testss_17test_app_creation0B5_
FNDA:1,_RNCNvNtCsavu2Ro5SPdo_13tanaka_server5testss_26test_full_startup_sequence0B5_
FNDA:2,_RNvCsavu2Ro5SPdo_13tanaka_server10create_app
FNDA:1,_RNvCsavu2Ro5SPdo_13tanaka_server6health
FNDA:1,_RNCNvCsavu2Ro5SPdo_13tanaka_server6health0B3_
FNDA:1,_RNvNtCsavu2Ro5SPdo_13tanaka_server5testss_17test_app_creation
FNDA:1,_RNvNtCsavu2Ro5SPdo_13tanaka_server5testss_17test_init_logging
FNDA:1,_RNvNtCsavu2Ro5SPdo_13tanaka_server5testss_26test_full_startup_sequence
FNF:12
FNH:8
DA:28,0
DA:29,0
DA:30,0
DA:31,0
DA:32,0
DA:33,0
DA:34,0
DA:35,0
DA:36,0
DA:37,0
DA:38,0
DA:39,0
DA:40,0
DA:41,0
DA:42,0
DA:43,0
DA:44,0
DA:45,0
DA:46,0
DA:47,0
DA:48,0
DA:49,0
DA:50,0
DA:51,0
DA:52,0
DA:53,0
DA:54,0
DA:55,0
DA:56,0
DA:57,0
DA:58,0
DA:59,0
DA:60,0
DA:61,0
DA:62,0
DA:63,0
DA:65,0
DA:66,0
DA:67,0
DA:68,0
DA:69,0
DA:70,0
DA:71,0
DA:72,0
DA:74,0
DA:75,0
DA:76,0
DA:77,0
DA:80,0
DA:81,0
DA:82,0
DA:83,0
DA:84,0
DA:86,2
DA:87,2
DA:88,2
DA:89,2
DA:90,2
DA:91,2
DA:92,2
DA:93,2
DA:94,2
DA:95,2
DA:96,2
DA:97,2
DA:98,2
DA:99,2
DA:100,2
DA:101,2
DA:102,2
DA:103,2
DA:104,2
DA:105,2
DA:107,2
DA:108,2
DA:110,1
DA:111,1
DA:112,1
DA:113,1
DA:114,1
DA:115,1
DA:124,1
DA:125,1
DA:126,1
DA:127,1
DA:128,1
DA:129,1
DA:130,1
DA:131,1
DA:132,1
DA:133,1
DA:136,1
DA:137,1
DA:138,1
DA:139,1
DA:140,1
DA:141,1
DA:142,1
DA:143,1
DA:144,1
DA:145,1
DA:146,1
DA:147,1
DA:148,1
DA:149,1
DA:150,1
DA:151,1
DA:152,1
DA:153,1
DA:154,1
DA:155,1
DA:156,1
DA:157,1
DA:158,1
DA:159,1
DA:160,1
DA:161,1
DA:162,1
DA:163,1
DA:164,1
DA:165,1
DA:166,1
DA:167,1
DA:168,1
DA:169,1
DA:170,1
DA:171,1
DA:172,1
DA:173,1
DA:176,1
DA:177,1
DA:178,1
DA:179,1
DA:180,1
DA:181,1
DA:182,1
DA:183,1
DA:184,1
DA:185,1
DA:186,1
DA:187,1
DA:188,1
DA:189,1
DA:190,1
DA:191,1
DA:192,1
DA:193,1
DA:194,1
DA:195,1
DA:196,1
DA:197,1
DA:198,1
DA:199,1
DA:200,1
DA:201,1
DA:202,1
DA:203,1
DA:204,1
DA:205,1
DA:206,1
DA:207,1
DA:208,1
DA:209,1
DA:210,1
DA:211,1
DA:212,1
DA:213,1
DA:214,1
DA:215,1
DA:216,1
DA:217,1
DA:218,1
DA:219,1
DA:220,1
DA:221,1
DA:222,1
DA:223,1
DA:224,1
DA:225,1
DA:226,1
DA:227,1
DA:228,1
DA:229,1
BRF:0
BRH:0
LF:286
LH:206
end_of_record
SF:/Users/manish/projects/tanaka/server/src/models.rs
FN:4,_RINvXs0_NtCshZwSrvLNNwg_13tanaka_server6modelsNtB6_3TabNtCsgrh9ML4AhPT_5ts_rs2TS14visit_genericspEB8_
FN:4,_RINvXs0_NtCshZwSrvLNNwg_13tanaka_server6modelsNtB6_3TabNtCsgrh9ML4AhPT_5ts_rs2TS18visit_dependenciespEB8_
[...]
FN:23,_RINvXs4_NtCshZwSrvLNNwg_13tanaka_server4syncNtB6_12SyncResponseNtCsgrh9ML4AhPT_5ts_rs2TS14visit_genericspEB8_
FN:23,_RINvXs4_NtCshZwSrvLNNwg_13tanaka_server4syncNtB6_12SyncResponseNtCsgrh9ML4AhPT_5ts_rs2TS18visit_dependenciespEB8_
FN:33,_RINvXs7_NtCshZwSrvLNNwg_13tanaka_server4syncNtB6_13CrdtOperationNtCsgrh9ML4AhPT_5ts_rs2TS14visit_genericspEB8_
FN:33,_RINvXs7_NtCshZwSrvLNNwg_13tanaka_server4syncNtB6_13CrdtOperationNtCsgrh9ML4AhPT_5ts_rs2TS18visit_dependenciespEB8_
FN:82,_RINvXsc_NtCshZwSrvLNNwg_13tanaka_server4syncNtB6_7TabDataNtCsgrh9ML4AhPT_5ts_rs2TS14visit_genericspEB8_
FN:82,_RINvXsc_NtCshZwSrvLNNwg_13tanaka_server4syncNtB6_7TabDataNtCsgrh9ML4AhPT_5ts_rs2TS18visit_dependenciespEB8_
FN:288,_RNCNCNvNtCshZwSrvLNNwg_13tanaka_server4sync12sync_handler00B7_
FN:297,_RNCNCNvNtCshZwSrvLNNwg_13tanaka_server4sync12sync_handler0s0_0B7_
FN:296,_RNCNCNvNtCshZwSrvLNNwg_13tanaka_server4sync12sync_handler0s_0B7_
FN:238,_RNCNvNtCshZwSrvLNNwg_13tanaka_server4sync12sync_handler0B5_
FN:361,_RNCNvNtCshZwSrvLNNwg_13tanaka_server4sync24apply_operation_to_state0B5_
FN:396,_RNCNvNtCshZwSrvLNNwg_13tanaka_server4sync24apply_operation_to_states0_0B5_
FN:430,_RNCNvNtCshZwSrvLNNwg_13tanaka_server4sync24apply_operation_to_states1_0B5_
FN:451,_RNCNvNtCshZwSrvLNNwg_13tanaka_server4sync24apply_operation_to_states2_0B5_
FN:378,_RNCNvNtCshZwSrvLNNwg_13tanaka_server4sync24apply_operation_to_states_0B5_
FN:10,_RINvXs1_NtCsj5eehSrW5PK_13tanaka_server4syncNtB6_11SyncRequestNtCsgrh9ML4AhPT_5ts_rs2TS14visit_genericspEB8_
FN:10,_RINvXs1_NtCsj5eehSrW5PK_13tanaka_server4syncNtB6_11SyncRequestNtCsgrh9ML4AhPT_5ts_rs2TS18visit_dependenciespEB8_
FN:23,_RINvXs4_NtCsj5eehSrW5PK_13tanaka_server4syncNtB6_12SyncResponseNtCsgrh9ML4AhPT_5ts_rs2TS14visit_genericspEB8_
FN:23,_RINvXs4_NtCsj5eehSrW5PK_13tanaka_server4syncNtB6_12SyncResponseNtCsgrh9ML4AhPT_5ts_rs2TS18visit_dependenciespEB8_
FN:33,_RINvXs7_NtCsj5eehSrW5PK_13tanaka_server4syncNtB6_13CrdtOperationNtCsgrh9ML4AhPT_5ts_rs2TS14visit_genericspEB8_
FN:33,_RINvXs7_NtCsj5eehSrW5PK_13tanaka_server4syncNtB6_13CrdtOperationNtCsgrh9ML4AhPT_5ts_rs2TS18visit_dependenciespEB8_
FN:82,_RINvXsc_NtCsj5eehSrW5PK_13tanaka_server4syncNtB6_7TabDataNtCsgrh9ML4AhPT_5ts_rs2TS14visit_genericspEB8_
FN:82,_RINvXsc_NtCsj5eehSrW5PK_13tanaka_server4syncNtB6_7TabDataNtCsgrh9ML4AhPT_5ts_rs2TS18visit_dependenciespEB8_
FN:288,_RNCNCNvNtCsj5eehSrW5PK_13tanaka_server4sync12sync_handler00B7_
FN:297,_RNCNCNvNtCsj5eehSrW5PK_13tanaka_server4sync12sync_handler0s0_0B7_
FN:296,_RNCNCNvNtCsj5eehSrW5PK_13tanaka_server4sync12sync_handler0s_0B7_
FN:238,_RNCNvNtCsj5eehSrW5PK_13tanaka_server4sync12sync_handler0B5_
FN:361,_RNCNvNtCsj5eehSrW5PK_13tanaka_server4sync24apply_operation_to_state0B5_
FN:396,_RNCNvNtCsj5eehSrW5PK_13tanaka_server4sync24apply_operation_to_states0_0B5_
FN:430,_RNCNvNtCsj5eehSrW5PK_13tanaka_server4sync24apply_operation_to_states1_0B5_
FN:451,_RNCNvNtCsj5eehSrW5PK_13tanaka_server4sync24apply_operation_to_states2_0B5_
FN:378,_RNCNvNtCsj5eehSrW5PK_13tanaka_server4sync24apply_operation_to_states_0B5_
FN:235,_RNvNtCsj5eehSrW5PK_13tanaka_server4sync12sync_handler
FN:329,_RNvNtCsj5eehSrW5PK_13tanaka_server4sync24apply_operation_to_state
FN:10,_RNvXs1_NtCsj5eehSrW5PK_13tanaka_server4syncNtB5_11SyncRequestNtCsgrh9ML4AhPT_5ts_rs2TS11output_path
FN:10,_RNvXs1_NtCsj5eehSrW5PK_13tanaka_server4syncNtB5_11SyncRequestNtCsgrh9ML4AhPT_5ts_rs2TS13decl_concrete
FN:10,_RNvXs1_NtCsj5eehSrW5PK_13tanaka_server4syncNtB5_11SyncRequestNtCsgrh9ML4AhPT_5ts_rs2TS16inline_flattened
FN:10,_RNvXs1_NtCsj5eehSrW5PK_13tanaka_server4syncNtB5_11SyncRequestNtCsgrh9ML4AhPT_5ts_rs2TS4decl
FN:10,_RNvXs1_NtCsj5eehSrW5PK_13tanaka_server4syncNtB5_11SyncRequestNtCsgrh9ML4AhPT_5ts_rs2TS4name
FN:10,_RNvXs1_NtCsj5eehSrW5PK_13tanaka_server4syncNtB5_11SyncRequestNtCsgrh9ML4AhPT_5ts_rs2TS5ident
FN:10,_RNvXs1_NtCsj5eehSrW5PK_13tanaka_server4syncNtB5_11SyncRequestNtCsgrh9ML4AhPT_5ts_rs2TS6inline
FN:23,_RNvXs4_NtCsj5eehSrW5PK_13tanaka_server4syncNtB5_12SyncResponseNtCsgrh9ML4AhPT_5ts_rs2TS11output_path
FN:23,_RNvXs4_NtCsj5eehSrW5PK_13tanaka_server4syncNtB5_12SyncResponseNtCsgrh9ML4AhPT_5ts_rs2TS13decl_concrete
FN:23,_RNvXs4_NtCsj5eehSrW5PK_13tanaka_server4syncNtB5_12SyncResponseNtCsgrh9ML4AhPT_5ts_rs2TS16inline_flattened
FN:23,_RNvXs4_NtCsj5eehSrW5PK_13tanaka_server4syncNtB5_12SyncResponseNtCsgrh9ML4AhPT_5ts_rs2TS4decl
FN:23,_RNvXs4_NtCsj5eehSrW5PK_13tanaka_server4syncNtB5_12SyncResponseNtCsgrh9ML4AhPT_5ts_rs2TS4name
FN:23,_RNvXs4_NtCsj5eehSrW5PK_13tanaka_server4syncNtB5_12SyncResponseNtCsgrh9ML4AhPT_5ts_rs2TS5ident
FN:23,_RNvXs4_NtCsj5eehSrW5PK_13tanaka_server4syncNtB5_12SyncResponseNtCsgrh9ML4AhPT_5ts_rs2TS6inline
FN:33,_RNvXs7_NtCsj5eehSrW5PK_13tanaka_server4syncNtB5_13CrdtOperationNtCsgrh9ML4AhPT_5ts_rs2TS11output_path
FN:33,_RNvXs7_NtCsj5eehSrW5PK_13tanaka_server4syncNtB5_13CrdtOperationNtCsgrh9ML4AhPT_5ts_rs2TS13decl_concrete
FN:33,_RNvXs7_NtCsj5eehSrW5PK_13tanaka_server4syncNtB5_13CrdtOperationNtCsgrh9ML4AhPT_5ts_rs2TS16inline_flattened
FN:33,_RNvXs7_NtCsj5eehSrW5PK_13tanaka_server4syncNtB5_13CrdtOperationNtCsgrh9ML4AhPT_5ts_rs2TS4decl
FN:33,_RNvXs7_NtCsj5eehSrW5PK_13tanaka_server4syncNtB5_13CrdtOperationNtCsgrh9ML4AhPT_5ts_rs2TS4name
FN:33,_RNvXs7_NtCsj5eehSrW5PK_13tanaka_server4syncNtB5_13CrdtOperationNtCsgrh9ML4AhPT_5ts_rs2TS5ident
FN:33,_RNvXs7_NtCsj5eehSrW5PK_13tanaka_server4syncNtB5_13CrdtOperationNtCsgrh9ML4AhPT_5ts_rs2TS6inline
FN:82,_RNvXsc_NtCsj5eehSrW5PK_13tanaka_server4syncNtB5_7TabDataNtCsgrh9ML4AhPT_5ts_rs2TS11output_path
FN:82,_RNvXsc_NtCsj5eehSrW5PK_13tanaka_server4syncNtB5_7TabDataNtCsgrh9ML4AhPT_5ts_rs2TS13decl_concrete
FN:82,_RNvXsc_NtCsj5eehSrW5PK_13tanaka_server4syncNtB5_7TabDataNtCsgrh9ML4AhPT_5ts_rs2TS16inline_flattened
FN:82,_RNvXsc_NtCsj5eehSrW5PK_13tanaka_server4syncNtB5_7TabDataNtCsgrh9ML4AhPT_5ts_rs2TS4decl
FN:82,_RNvXsc_NtCsj5eehSrW5PK_13tanaka_server4syncNtB5_7TabDataNtCsgrh9ML4AhPT_5ts_rs2TS4name
FN:82,_RNvXsc_NtCsj5eehSrW5PK_13tanaka_server4syncNtB5_7TabDataNtCsgrh9ML4AhPT_5ts_rs2TS5ident
FN:82,_RNvXsc_NtCsj5eehSrW5PK_13tanaka_server4syncNtB5_7TabDataNtCsgrh9ML4AhPT_5ts_rs2TS6inline
FN:127,_RNvMNtCsj5eehSrW5PK_13tanaka_server4syncNtB2_13CrdtOperation10updated_at
FN:113,_RNvMNtCsj5eehSrW5PK_13tanaka_server4syncNtB2_13CrdtOperation14operation_type
FN:145,_RNvMNtCsj5eehSrW5PK_13tanaka_server4syncNtB2_13CrdtOperation8validate
FN:99,_RNvMNtCsj5eehSrW5PK_13tanaka_server4syncNtB2_13CrdtOperation9target_id
FN:522,_RNvNtNtCsj5eehSrW5PK_13tanaka_server4sync5testss_18test_serialization
FN:503,_RNvNtNtCsj5eehSrW5PK_13tanaka_server4sync5testss_25test_operation_properties
FN:474,_RNvNtNtCsj5eehSrW5PK_13tanaka_server4sync5testss_25test_operation_validation
FNDA:0,_RNvMNtCshZwSrvLNNwg_13tanaka_server4syncNtB2_13CrdtOperation10updated_at
FNDA:169,_RNvMNtCshZwSrvLNNwg_13tanaka_server4syncNtB2_13CrdtOperation14operation_type
FNDA:166,_RNvMNtCshZwSrvLNNwg_13tanaka_server4syncNtB2_13CrdtOperation8validate
FNDA:339,_RNvMNtCshZwSrvLNNwg_13tanaka_server4syncNtB2_13CrdtOperation9target_id
FNDA:29,_RNvNtCshZwSrvLNNwg_13tanaka_server4sync12sync_handler
FNDA:165,_RNvNtCshZwSrvLNNwg_13tanaka_server4sync24apply_operation_to_state
FNDA:0,_RNvXs1_NtCshZwSrvLNNwg_13tanaka_server4syncNtB5_11SyncRequestNtCsgrh9ML4AhPT_5ts_rs2TS11output_path
FNDA:0,_RNvXs1_NtCshZwSrvLNNwg_13tanaka_server4syncNtB5_11SyncRequestNtCsgrh9ML4AhPT_5ts_rs2TS13decl_concrete
FNDA:0,_RNvXs1_NtCshZwSrvLNNwg_13tanaka_server4syncNtB5_11SyncRequestNtCsgrh9ML4AhPT_5ts_rs2TS16inline_flattened
FNDA:0,_RNvXs1_NtCshZwSrvLNNwg_13tanaka_server4syncNtB5_11SyncRequestNtCsgrh9ML4AhPT_5ts_rs2TS4decl
FNDA:0,_RNvXs1_NtCshZwSrvLNNwg_13tanaka_server4syncNtB5_11SyncRequestNtCsgrh9ML4AhPT_5ts_rs2TS4name
FNDA:0,_RNvXs1_NtCshZwSrvLNNwg_13tanaka_server4syncNtB5_11SyncRequestNtCsgrh9ML4AhPT_5ts_rs2TS5ident
FNDA:0,_RNvXs1_NtCshZwSrvLNNwg_13tanaka_server4syncNtB5_11SyncRequestNtCsgrh9ML4AhPT_5ts_rs2TS6inline
FNDA:0,_RNvXs4_NtCshZwSrvLNNwg_13tanaka_server4syncNtB5_12SyncResponseNtCsgrh9ML4AhPT_5ts_rs2TS11output_path
FNDA:0,_RNvXs4_NtCshZwSrvLNNwg_13tanaka_server4syncNtB5_12SyncResponseNtCsgrh9ML4AhPT_5ts_rs2TS13decl_concrete
FNDA:0,_RNvXs4_NtCshZwSrvLNNwg_13tanaka_server4syncNtB5_12SyncResponseNtCsgrh9ML4AhPT_5ts_rs2TS16inline_flattened
FNDA:0,_RNvXs4_NtCshZwSrvLNNwg_13tanaka_server4syncNtB5_12SyncResponseNtCsgrh9ML4AhPT_5ts_rs2TS4decl
FNDA:0,_RNvXs4_NtCshZwSrvLNNwg_13tanaka_server4syncNtB5_12SyncResponseNtCsgrh9ML4AhPT_5ts_rs2TS4name
FNDA:0,_RNvXs4_NtCshZwSrvLNNwg_13tanaka_server4syncNtB5_12SyncResponseNtCsgrh9ML4AhPT_5ts_rs2TS5ident
FNDA:0,_RNvXs4_NtCshZwSrvLNNwg_13tanaka_server4syncNtB5_12SyncResponseNtCsgrh9ML4AhPT_5ts_rs2TS6inline
FNDA:0,_RNvXs7_NtCshZwSrvLNNwg_13tanaka_server4syncNtB5_13CrdtOperationNtCsgrh9ML4AhPT_5ts_rs2TS11output_path
FNDA:0,_RNvXs7_NtCshZwSrvLNNwg_13tanaka_server4syncNtB5_13CrdtOperationNtCsgrh9ML4AhPT_5ts_rs2TS13decl_concrete
FNDA:0,_RNvXs7_NtCshZwSrvLNNwg_13tanaka_server4syncNtB5_13CrdtOperationNtCsgrh9ML4AhPT_5ts_rs2TS16inline_flattened
FNDA:0,_RNvXs7_NtCshZwSrvLNNwg_13tanaka_server4syncNtB5_13CrdtOperationNtCsgrh9ML4AhPT_5ts_rs2TS4decl
FNDA:0,_RNvXs7_NtCshZwSrvLNNwg_13tanaka_server4syncNtB5_13CrdtOperationNtCsgrh9ML4AhPT_5ts_rs2TS4name
FNDA:0,_RNvXs7_NtCshZwSrvLNNwg_13tanaka_server4syncNtB5_13CrdtOperationNtCsgrh9ML4AhPT_5ts_rs2TS5ident
FNDA:0,_RNvXs7_NtCshZwSrvLNNwg_13tanaka_server4syncNtB5_13CrdtOperationNtCsgrh9ML4AhPT_5ts_rs2TS6inline
FNDA:0,_RNvXsc_NtCshZwSrvLNNwg_13tanaka_server4syncNtB5_7TabDataNtCsgrh9ML4AhPT_5ts_rs2TS11output_path
FNDA:0,_RNvXsc_NtCshZwSrvLNNwg_13tanaka_server4syncNtB5_7TabDataNtCsgrh9ML4AhPT_5ts_rs2TS13decl_concrete
FNDA:0,_RNvXsc_NtCshZwSrvLNNwg_13tanaka_server4syncNtB5_7TabDataNtCsgrh9ML4AhPT_5ts_rs2TS16inline_flattened
FNDA:0,_RNvXsc_NtCshZwSrvLNNwg_13tanaka_server4syncNtB5_7TabDataNtCsgrh9ML4AhPT_5ts_rs2TS4decl
FNDA:0,_RNvXsc_NtCshZwSrvLNNwg_13tanaka_server4syncNtB5_7TabDataNtCsgrh9ML4AhPT_5ts_rs2TS4name
FNDA:0,_RNvXsc_NtCshZwSrvLNNwg_13tanaka_server4syncNtB5_7TabDataNtCsgrh9ML4AhPT_5ts_rs2TS5ident
FNDA:0,_RNvXsc_NtCshZwSrvLNNwg_13tanaka_server4syncNtB5_7TabDataNtCsgrh9ML4AhPT_5ts_rs2TS6inline
FNDA:0,_RINvXs1_NtCshZwSrvLNNwg_13tanaka_server4syncNtB6_11SyncRequestNtCsgrh9ML4AhPT_5ts_rs2TS14visit_genericspEB8_
FNDA:0,_RINvXs1_NtCshZwSrvLNNwg_13tanaka_server4syncNtB6_11SyncRequestNtCsgrh9ML4AhPT_5ts_rs2TS18visit_dependenciespEB8_
FNDA:0,_RINvXs4_NtCshZwSrvLNNwg_13tanaka_server4syncNtB6_12SyncResponseNtCsgrh9ML4AhPT_5ts_rs2TS14visit_genericspEB8_
FNDA:0,_RINvXs4_NtCshZwSrvLNNwg_13tanaka_server4syncNtB6_12SyncResponseNtCsgrh9ML4AhPT_5ts_rs2TS18visit_dependenciespEB8_
FNDA:0,_RINvXs7_NtCshZwSrvLNNwg_13tanaka_server4syncNtB6_13CrdtOperationNtCsgrh9ML4AhPT_5ts_rs2TS14visit_genericspEB8_
FNDA:0,_RINvXs7_NtCshZwSrvLNNwg_13tanaka_server4syncNtB6_13CrdtOperationNtCsgrh9ML4AhPT_5ts_rs2TS18visit_dependenciespEB8_
FNDA:0,_RINvXsc_NtCshZwSrvLNNwg_13tanaka_server4syncNtB6_7TabDataNtCsgrh9ML4AhPT_5ts_rs2TS14visit_genericspEB8_
FNDA:0,_RINvXsc_NtCshZwSrvLNNwg_13tanaka_server4syncNtB6_7TabDataNtCsgrh9ML4AhPT_5ts_rs2TS18visit_dependenciespEB8_
FNDA:8,_RNCNCNvNtCshZwSrvLNNwg_13tanaka_server4sync12sync_handler00B7_
FNDA:153,_RNCNCNvNtCshZwSrvLNNwg_13tanaka_server4sync12sync_handler0s0_0B7_
FNDA:342,_RNCNCNvNtCshZwSrvLNNwg_13tanaka_server4sync12sync_handler0s_0B7_
FNDA:29,_RNCNvNtCshZwSrvLNNwg_13tanaka_server4sync12sync_handler0B5_
FNDA:2,_RNCNvNtCshZwSrvLNNwg_13tanaka_server4sync24apply_operation_to_state0B5_
FNDA:2,_RNCNvNtCshZwSrvLNNwg_13tanaka_server4sync24apply_operation_to_states0_0B5_
FNDA:0,_RNCNvNtCshZwSrvLNNwg_13tanaka_server4sync24apply_operation_to_states1_0B5_
FNDA:0,_RNCNvNtCshZwSrvLNNwg_13tanaka_server4sync24apply_operation_to_states2_0B5_
FNDA:0,_RNCNvNtCshZwSrvLNNwg_13tanaka_server4sync24apply_operation_to_states_0B5_
FNDA:0,_RINvXs1_NtCsj5eehSrW5PK_13tanaka_server4syncNtB6_11SyncRequestNtCsgrh9ML4AhPT_5ts_rs2TS14visit_genericspEB8_
FNDA:0,_RINvXs1_NtCsj5eehSrW5PK_13tanaka_server4syncNtB6_11SyncRequestNtCsgrh9ML4AhPT_5ts_rs2TS18visit_dependenciespEB8_
FNDA:0,_RINvXs4_NtCsj5eehSrW5PK_13tanaka_server4syncNtB6_12SyncResponseNtCsgrh9ML4AhPT_5ts_rs2TS14visit_genericspEB8_
FNDA:0,_RINvXs4_NtCsj5eehSrW5PK_13tanaka_server4syncNtB6_12SyncResponseNtCsgrh9ML4AhPT_5ts_rs2TS18visit_dependenciespEB8_
FNDA:0,_RINvXs7_NtCsj5eehSrW5PK_13tanaka_server4syncNtB6_13CrdtOperationNtCsgrh9ML4AhPT_5ts_rs2TS14visit_genericspEB8_
FNDA:0,_RINvXs7_NtCsj5eehSrW5PK_13tanaka_server4syncNtB6_13CrdtOperationNtCsgrh9ML4AhPT_5ts_rs2TS18visit_dependenciespEB8_
FNDA:0,_RINvXsc_NtCsj5eehSrW5PK_13tanaka_server4syncNtB6_7TabDataNtCsgrh9ML4AhPT_5ts_rs2TS14visit_genericspEB8_
FNDA:0,_RINvXsc_NtCsj5eehSrW5PK_13tanaka_server4syncNtB6_7TabDataNtCsgrh9ML4AhPT_5ts_rs2TS18visit_dependenciespEB8_
FNDA:0,_RNCNCNvNtCsj5eehSrW5PK_13tanaka_server4sync12sync_handler00B7_
FNDA:0,_RNCNCNvNtCsj5eehSrW5PK_13tanaka_server4sync12sync_handler0s0_0B7_
FNDA:0,_RNCNCNvNtCsj5eehSrW5PK_13tanaka_server4sync12sync_handler0s_0B7_
FNDA:0,_RNCNvNtCsj5eehSrW5PK_13tanaka_server4sync12sync_handler0B5_
FNDA:0,_RNCNvNtCsj5eehSrW5PK_13tanaka_server4sync24apply_operation_to_state0B5_
FNDA:0,_RNCNvNtCsj5eehSrW5PK_13tanaka_server4sync24apply_operation_to_states0_0B5_
FNDA:0,_RNCNvNtCsj5eehSrW5PK_13tanaka_server4sync24apply_operation_to_states1_0B5_
FNDA:0,_RNCNvNtCsj5eehSrW5PK_13tanaka_server4sync24apply_operation_to_states2_0B5_
FNDA:0,_RNCNvNtCsj5eehSrW5PK_13tanaka_server4sync24apply_operation_to_states_0B5_
FNDA:0,_RNvNtCsj5eehSrW5PK_13tanaka_server4sync12sync_handler
FNDA:0,_RNvNtCsj5eehSrW5PK_13tanaka_server4sync24apply_operation_to_state
FNDA:0,_RNvXs1_NtCsj5eehSrW5PK_13tanaka_server4syncNtB5_11SyncRequestNtCsgrh9ML4AhPT_5ts_rs2TS11output_path
FNDA:0,_RNvXs1_NtCsj5eehSrW5PK_13tanaka_server4syncNtB5_11SyncRequestNtCsgrh9ML4AhPT_5ts_rs2TS13decl_concrete
FNDA:0,_RNvXs1_NtCsj5eehSrW5PK_13tanaka_server4syncNtB5_11SyncRequestNtCsgrh9ML4AhPT_5ts_rs2TS16inline_flattened
FNDA:0,_RNvXs1_NtCsj5eehSrW5PK_13tanaka_server4syncNtB5_11SyncRequestNtCsgrh9ML4AhPT_5ts_rs2TS4decl
FNDA:0,_RNvXs1_NtCsj5eehSrW5PK_13tanaka_server4syncNtB5_11SyncRequestNtCsgrh9ML4AhPT_5ts_rs2TS4name
FNDA:0,_RNvXs1_NtCsj5eehSrW5PK_13tanaka_server4syncNtB5_11SyncRequestNtCsgrh9ML4AhPT_5ts_rs2TS5ident
FNDA:0,_RNvXs1_NtCsj5eehSrW5PK_13tanaka_server4syncNtB5_11SyncRequestNtCsgrh9ML4AhPT_5ts_rs2TS6inline
FNDA:0,_RNvXs4_NtCsj5eehSrW5PK_13tanaka_server4syncNtB5_12SyncResponseNtCsgrh9ML4AhPT_5ts_rs2TS11output_path
FNDA:0,_RNvXs4_NtCsj5eehSrW5PK_13tanaka_server4syncNtB5_12SyncResponseNtCsgrh9ML4AhPT_5ts_rs2TS13decl_concrete
FNDA:0,_RNvXs4_NtCsj5eehSrW5PK_13tanaka_server4syncNtB5_12SyncResponseNtCsgrh9ML4AhPT_5ts_rs2TS16inline_flattened
FNDA:0,_RNvXs4_NtCsj5eehSrW5PK_13tanaka_server4syncNtB5_12SyncResponseNtCsgrh9ML4AhPT_5ts_rs2TS4decl
FNDA:0,_RNvXs4_NtCsj5eehSrW5PK_13tanaka_server4syncNtB5_12SyncResponseNtCsgrh9ML4AhPT_5ts_rs2TS4name
FNDA:0,_RNvXs4_NtCsj5eehSrW5PK_13tanaka_server4syncNtB5_12SyncResponseNtCsgrh9ML4AhPT_5ts_rs2TS5ident
FNDA:0,_RNvXs4_NtCsj5eehSrW5PK_13tanaka_server4syncNtB5_12SyncResponseNtCsgrh9ML4AhPT_5ts_rs2TS6inline
FNDA:0,_RNvXs7_NtCsj5eehSrW5PK_13tanaka_server4syncNtB5_13CrdtOperationNtCsgrh9ML4AhPT_5ts_rs2TS11output_path
FNDA:0,_RNvXs7_NtCsj5eehSrW5PK_13tanaka_server4syncNtB5_13CrdtOperationNtCsgrh9ML4AhPT_5ts_rs2TS13decl_concrete
FNDA:0,_RNvXs7_NtCsj5eehSrW5PK_13tanaka_server4syncNtB5_13CrdtOperationNtCsgrh9ML4AhPT_5ts_rs2TS16inline_flattened
FNDA:0,_RNvXs7_NtCsj5eehSrW5PK_13tanaka_server4syncNtB5_13CrdtOperationNtCsgrh9ML4AhPT_5ts_rs2TS4decl
FNDA:0,_RNvXs7_NtCsj5eehSrW5PK_13tanaka_server4syncNtB5_13CrdtOperationNtCsgrh9ML4AhPT_5ts_rs2TS4name
FNDA:0,_RNvXs7_NtCsj5eehSrW5PK_13tanaka_server4syncNtB5_13CrdtOperationNtCsgrh9ML4AhPT_5ts_rs2TS5ident
FNDA:0,_RNvXs7_NtCsj5eehSrW5PK_13tanaka_server4syncNtB5_13CrdtOperationNtCsgrh9ML4AhPT_5ts_rs2TS6inline
FNDA:0,_RNvXsc_NtCsj5eehSrW5PK_13tanaka_server4syncNtB5_7TabDataNtCsgrh9ML4AhPT_5ts_rs2TS11output_path
FNDA:0,_RNvXsc_NtCsj5eehSrW5PK_13tanaka_server4syncNtB5_7TabDataNtCsgrh9ML4AhPT_5ts_rs2TS13decl_concrete
FNDA:0,_RNvXsc_NtCsj5eehSrW5PK_13tanaka_server4syncNtB5_7TabDataNtCsgrh9ML4AhPT_5ts_rs2TS16inline_flattened
FNDA:0,_RNvXsc_NtCsj5eehSrW5PK_13tanaka_server4syncNtB5_7TabDataNtCsgrh9ML4AhPT_5ts_rs2TS4decl
FNDA:0,_RNvXsc_NtCsj5eehSrW5PK_13tanaka_server4syncNtB5_7TabDataNtCsgrh9ML4AhPT_5ts_rs2TS4name
FNDA:0,_RNvXsc_NtCsj5eehSrW5PK_13tanaka_server4syncNtB5_7TabDataNtCsgrh9ML4AhPT_5ts_rs2TS5ident
FNDA:0,_RNvXsc_NtCsj5eehSrW5PK_13tanaka_server4syncNtB5_7TabDataNtCsgrh9ML4AhPT_5ts_rs2TS6inline
FNDA:1,_RNvMNtCsj5eehSrW5PK_13tanaka_server4syncNtB2_13CrdtOperation10updated_at
FNDA:17,_RNvMNtCsj5eehSrW5PK_13tanaka_server4syncNtB2_13CrdtOperation14operation_type
FNDA:2,_RNvMNtCsj5eehSrW5PK_13tanaka_server4syncNtB2_13CrdtOperation8validate
FNDA:47,_RNvMNtCsj5eehSrW5PK_13tanaka_server4syncNtB2_13CrdtOperation9target_id
FNDA:1,_RNvNtNtCsj5eehSrW5PK_13tanaka_server4sync5testss_18test_serialization
FNDA:1,_RNvNtNtCsj5eehSrW5PK_13tanaka_server4sync5testss_25test_operation_properties
FNDA:1,_RNvNtNtCsj5eehSrW5PK_13tanaka_server4sync5testss_25test_operation_validation
FNF:22
FNH:15
DA:10,0
DA:23,0
DA:33,0
DA:82,0
DA:99,386
DA:100,386
DA:101,354
DA:102,13
DA:103,5
DA:104,1
DA:105,5
DA:106,6
DA:107,1
DA:108,386
DA:109,386
DA:110,386
DA:113,186
DA:114,186
DA:115,171
DA:116,7
DA:117,3
DA:118,0
DA:119,3
DA:120,2
DA:121,0
DA:122,0
DA:124,186
DA:127,1
DA:128,1
DA:129,1
DA:130,0
DA:131,0
DA:132,0
DA:133,0
DA:134,0
DA:135,0
DA:136,0
DA:138,1
DA:145,168
DA:146,168
DA:147,164
DA:148,164
DA:149,2
DA:150,162
DA:151,162
DA:152,0
DA:153,0
DA:154,0
DA:155,0
DA:156,162
DA:157,162
DA:158,0
DA:159,0
DA:160,0
DA:161,0
DA:162,162
DA:163,162
DA:164,0
DA:165,0
DA:166,0
DA:167,0
DA:168,162
DA:170,1
DA:171,1
DA:172,0
DA:173,1
DA:174,3
DA:175,0
DA:176,3
DA:178,1
DA:179,0
DA:180,0
DA:181,1
DA:182,0
DA:183,0
DA:184,0
DA:185,0
DA:186,1
DA:190,166
DA:191,1
DA:192,0
DA:193,1
DA:194,165
DA:197,0
DA:198,166
DA:200,0
DA:201,0
DA:202,0
DA:203,0
DA:204,0
DA:205,0
DA:206,0
DA:207,0
DA:208,0
DA:209,0
DA:210,0
DA:211,0
DA:212,166
DA:214,166
DA:215,168
DA:235,29
DA:236,29
DA:237,29
DA:238,29
DA:239,29
DA:240,29
DA:241,29
DA:242,29
DA:247,0
DA:251,194
DA:252,166
DA:256,28
DA:257,28
DA:258,28
DA:259,28
DA:262,193
DA:263,165
DA:264,165
DA:265,165
DA:266,0
DA:267,0
DA:268,0
DA:269,0
DA:273,165
DA:274,165
DA:275,165
DA:278,165
DA:283,28
DA:284,13
DA:285,13
DA:286,13
DA:287,13
DA:288,13
DA:289,13
DA:292,15
DA:293,15
DA:294,15
DA:295,15
DA:296,342
DA:297,153
DA:298,15
DA:301,28
DA:302,28
DA:303,28
DA:304,28
DA:307,0
DA:308,0
DA:309,0
DA:310,0
DA:313,28
DA:314,28
DA:315,28
DA:316,28
DA:317,29
DA:329,165
DA:330,165
DA:331,165
DA:332,165
DA:333,165
DA:334,165
DA:335,165
DA:336,165
DA:337,165
DA:338,165
DA:339,165
DA:340,161
DA:341,161
DA:342,161
DA:343,161
DA:344,161
DA:345,161
DA:346,161
DA:347,161
DA:348,161
DA:349,161
DA:350,161
DA:351,161
DA:352,161
DA:354,1
DA:355,1
DA:356,1
DA:358,1
DA:360,1
DA:361,2
DA:362,1
DA:363,1
DA:364,1
DA:365,1
DA:367,0
DA:371,0
DA:372,0
DA:373,0
DA:377,0
DA:378,0
DA:379,0
DA:380,0
DA:381,0
DA:382,0
DA:383,0
DA:387,0
DA:390,0
DA:393,1
DA:395,1
DA:396,2
DA:397,1
DA:398,1
DA:399,1
DA:400,1
DA:401,1
DA:402,1
DA:403,1
DA:407,0
DA:410,0
DA:413,1
DA:414,1
DA:415,1
DA:416,1
DA:417,1
DA:418,1
DA:419,1
DA:420,1
DA:421,1
DA:424,0
DA:427,0
DA:429,0
DA:430,0
DA:431,0
DA:432,0
DA:433,0
DA:434,0
DA:437,0
DA:438,0
DA:439,0
DA:440,0
DA:441,0
DA:442,0
DA:443,0
DA:444,0
DA:447,0
DA:450,0
DA:451,0
DA:453,0
DA:454,0
DA:455,0
DA:458,0
DA:461,0
DA:466,165
DA:467,165
DA:474,1
DA:475,1
DA:476,1
DA:477,1
DA:478,1
DA:479,1
DA:480,1
DA:481,1
DA:482,1
DA:483,1
DA:484,1
DA:485,1
DA:486,1
DA:488,1
DA:489,1
DA:490,1
DA:491,1
DA:492,1
DA:493,1
DA:494,1
DA:495,1
DA:496,1
DA:497,1
DA:498,1
DA:499,1
DA:500,1
DA:503,1
DA:504,1
DA:505,1
DA:506,1
DA:507,1
DA:508,1
DA:509,1
DA:510,1
DA:511,1
DA:512,1
DA:513,1
DA:514,1
DA:515,1
DA:516,1
DA:517,1
DA:518,1
DA:519,1
DA:522,1
DA:523,1
DA:524,1
DA:525,1
DA:526,1
DA:527,1
DA:528,1
DA:529,1
DA:530,1
DA:531,1
DA:532,1
DA:533,1
BRF:0
BRH:0
LF:312
LH:213
end_of_record
