TN:
SF:/Users/manish/projects/tanaka/server/src/auth.rs
FN:11,auth_middleware
FNF:1
FNDA:0,auth_middleware
DA:11,0
DA:16,0
DA:18,0
DA:19,0
DA:21,0
DA:22,0
DA:23,0
DA:24,0
DA:25,0
DA:27,0
DA:30,0
DA:31,0
DA:33,0
DA:34,0
LF:14
LH:0
end_of_record
TN:
SF:/Users/manish/projects/tanaka/server/src/config.rs
FN:116,default_bind_addr
FN:120,default_request_timeout
FN:124,default_database_url
FN:128,default_pool_size
FN:132,default_connection_timeout
FN:136,default_token_header
FN:140,default_rate_limiting
FN:144,default_max_requests_per_minute
FN:148,default_poll_secs
FN:152,default_flush_secs
FN:156,default_max_payload_size
FN:160,default_compression
FN:164,default_log_level
FN:168,default_log_format
FN:172,default_request_logging
FN:185,Config::load
FN:236,Config::validate
FN:286,Config::save
FN:302,<impl Default for Config>::default
FNF:19
FNDA:3,default_bind_addr
FNDA:3,default_request_timeout
FNDA:3,default_database_url
FNDA:3,default_pool_size
FNDA:3,default_connection_timeout
FNDA:3,default_token_header
FNDA:3,default_rate_limiting
FNDA:3,default_max_requests_per_minute
FNDA:3,default_poll_secs
FNDA:3,default_flush_secs
FNDA:3,default_max_payload_size
FNDA:3,default_compression
FNDA:3,default_log_level
FNDA:3,default_log_format
FNDA:3,default_request_logging
FNDA:1,Config::load
FNDA:4,Config::validate
FNDA:1,Config::save
FNDA:3,<impl Default for Config>::default
DA:116,3
DA:117,3
DA:120,3
DA:121,3
DA:124,3
DA:125,3
DA:128,3
DA:129,3
DA:132,3
DA:133,3
DA:136,3
DA:137,3
DA:140,3
DA:141,3
DA:144,3
DA:145,3
DA:148,3
DA:149,3
DA:152,3
DA:153,3
DA:156,3
DA:157,3
DA:160,3
DA:161,3
DA:164,3
DA:165,3
DA:168,3
DA:169,3
DA:172,3
DA:173,3
DA:185,1
DA:186,2
DA:187,0
DA:188,0
DA:192,2
DA:193,2
DA:194,0
DA:195,0
DA:198,0
DA:199,0
DA:200,0
DA:203,0
DA:206,0
DA:210,0
DA:214,0
DA:218,0
DA:222,0
DA:224,1
DA:236,4
DA:237,4
DA:238,0
DA:239,0
DA:240,0
DA:244,4
DA:245,1
DA:246,1
DA:247,1
DA:251,0
DA:253,0
DA:254,0
DA:255,0
DA:259,0
DA:260,0
DA:261,0
DA:262,0
DA:267,3
DA:268,3
DA:269,1
DA:270,1
DA:271,1
DA:275,2
DA:286,1
DA:287,2
DA:288,0
DA:289,0
DA:292,0
DA:293,0
DA:294,0
DA:297,1
DA:302,3
DA:304,3
DA:309,3
DA:314,3
DA:321,3
DA:327,3
LF:85
LH:56
end_of_record
TN:
SF:/Users/manish/projects/tanaka/server/src/crdt.rs
FN:27,<impl From for AppError>::from
FN:42,LamportClock::new
FN:50,LamportClock::tick
FN:55,LamportClock::update
FN:63,LamportClock::current
FN:68,LamportClock::node_id
FN:100,CrdtDocument::new
FN:118,CrdtDocument::from_state
FN:146,CrdtDocument::apply_update
FN:158,CrdtDocument::encode_state
FN:164,CrdtDocument::encode_diff_since
FN:170,CrdtDocument::state_vector
FN:181,CrdtDocument::upsert_tab
FN:203,CrdtDocument::remove_tab
FN:215,CrdtDocument::upsert_window
FN:236,CrdtDocument::get_tabs
FN:250,CrdtDocument::get_windows
FN:261,<impl Default for CrdtDocument>::default
FN:273,CrdtManager::new
FN:281,CrdtManager::get_or_create_document
FN:293,CrdtManager::load_document
FN:309,CrdtManager::apply_update
FN:335,CrdtManager::get_updates_since
FN:363,CrdtManager::get_full_state
FN:371,CrdtManager::current_clock
FN:376,CrdtManager::update_clock
FN:381,CrdtManager::tick_clock
FN:386,CrdtManager::node_id
FNF:28
FNDA:0,<impl From for AppError>::from
FNDA:16,LamportClock::new
FNDA:17,LamportClock::tick
FNDA:17,LamportClock::update
FNDA:20,LamportClock::current
FNDA:0,LamportClock::node_id
FNDA:10,CrdtDocument::new
FNDA:0,CrdtDocument::from_state
FNDA:0,CrdtDocument::apply_update
FNDA:1,CrdtDocument::encode_state
FNDA:0,CrdtDocument::encode_diff_since
FNDA:0,CrdtDocument::state_vector
FNDA:13,CrdtDocument::upsert_tab
FNDA:0,CrdtDocument::remove_tab
FNDA:2,CrdtDocument::upsert_window
FNDA:2,CrdtDocument::get_tabs
FNDA:0,CrdtDocument::get_windows
FNDA:0,<impl Default for CrdtDocument>::default
FNDA:15,CrdtManager::new
FNDA:17,CrdtManager::get_or_create_document
FNDA:0,CrdtManager::load_document
FNDA:0,CrdtManager::apply_update
FNDA:0,CrdtManager::get_updates_since
FNDA:1,CrdtManager::get_full_state
FNDA:17,CrdtManager::current_clock
FNDA:16,CrdtManager::update_clock
FNDA:16,CrdtManager::tick_clock
FNDA:0,CrdtManager::node_id
DA:27,0
DA:29,0
DA:30,0
DA:42,16
DA:44,16
DA:50,17
DA:51,17
DA:55,17
DA:56,17
DA:57,17
DA:58,17
DA:59,17
DA:63,20
DA:64,20
DA:68,0
DA:69,0
DA:100,10
DA:101,10
DA:102,10
DA:103,10
DA:118,0
DA:119,0
DA:122,0
DA:123,0
DA:124,0
DA:125,0
DA:127,0
DA:130,0
DA:131,0
DA:133,0
DA:134,0
DA:135,0
DA:136,0
DA:146,0
DA:147,0
DA:148,0
DA:149,0
DA:150,0
DA:152,0
DA:154,0
DA:158,1
DA:159,1
DA:160,1
DA:164,0
DA:165,0
DA:166,0
DA:170,0
DA:171,0
DA:172,0
DA:181,13
DA:182,13
DA:185,13
DA:186,13
DA:187,13
DA:188,13
DA:189,13
DA:190,13
DA:191,13
DA:192,13
DA:194,13
DA:195,13
DA:203,0
DA:204,0
DA:205,0
DA:206,0
DA:215,2
DA:216,2
DA:219,2
DA:220,2
DA:221,2
DA:222,2
DA:223,2
DA:224,2
DA:226,2
DA:227,2
DA:228,2
DA:236,2
DA:237,2
DA:242,2
DA:250,0
DA:251,0
DA:256,0
DA:261,0
DA:262,0
DA:273,15
DA:275,15
DA:276,15
DA:281,17
DA:282,17
DA:283,17
DA:284,43
DA:293,0
DA:294,0
DA:295,0
DA:296,0
DA:297,0
DA:309,0
DA:310,0
DA:311,0
DA:313,0
DA:315,0
DA:316,0
DA:318,0
DA:319,0
DA:320,0
DA:323,0
DA:335,0
DA:340,0
DA:341,0
DA:343,0
DA:345,0
DA:347,0
DA:348,0
DA:351,0
DA:363,1
DA:364,1
DA:365,1
DA:367,1
DA:371,17
DA:372,17
DA:376,16
DA:377,16
DA:381,16
DA:382,16
DA:386,0
DA:387,0
LF:126
LH:61
end_of_record
TN:
SF:/Users/manish/projects/tanaka/server/src/db.rs
FN:40,init_db_with_config
FNF:1
FNDA:0,init_db_with_config
DA:40,0
DA:41,0
DA:43,0
DA:44,0
DA:47,0
DA:48,0
DA:49,0
DA:50,0
DA:51,0
DA:52,0
DA:53,0
DA:54,0
DA:55,0
DA:60,0
DA:61,0
DA:62,0
DA:63,0
DA:65,0
DA:66,0
DA:67,0
DA:68,0
DA:69,0
DA:71,0
DA:72,0
DA:73,0
DA:74,0
DA:75,0
DA:78,0
DA:79,0
DA:80,0
DA:81,0
DA:83,0
DA:84,0
DA:85,0
DA:86,0
DA:87,0
DA:90,0
DA:91,0
DA:92,0
DA:93,0
DA:94,0
DA:98,0
DA:99,0
DA:100,0
DA:101,0
DA:106,0
DA:107,0
DA:108,0
DA:110,0
LF:49
LH:0
end_of_record
TN:
SF:/Users/manish/projects/tanaka/server/src/error.rs
FN:58,ErrorCode::http_status
FN:103,ErrorCode::default_message
FN:178,ErrorCode::is_retryable
FN:249,AppError::error_code
FN:267,AppError::status_code
FN:282,AppError::is_retryable
FN:302,AppError::auth_token_missing
FN:310,AppError::auth_token_invalid
FN:319,AppError::validation
FN:326,AppError::database
FN:335,AppError::internal
FN:344,AppError::with_context
FN:398,<impl IntoResponse for AppError>::into_response
FN:480,<impl From for AppError>::from
FNF:14
FNDA:8,ErrorCode::http_status
FNDA:0,ErrorCode::default_message
FNDA:3,ErrorCode::is_retryable
FNDA:4,AppError::error_code
FNDA:7,AppError::status_code
FNDA:7,AppError::is_retryable
FNDA:2,AppError::auth_token_missing
FNDA:2,AppError::auth_token_invalid
FNDA:5,AppError::validation
FNDA:1,AppError::database
FNDA:1,AppError::internal
FNDA:0,AppError::with_context
FNDA:4,<impl IntoResponse for AppError>::into_response
FNDA:0,<impl From for AppError>::from
DA:58,8
DA:59,8
DA:66,1
DA:69,0
DA:74,4
DA:80,0
DA:83,2
DA:89,1
DA:92,0
DA:93,0
DA:94,0
DA:97,0
DA:103,0
DA:104,0
DA:107,0
DA:110,0
DA:113,0
DA:116,0
DA:121,0
DA:124,0
DA:127,0
DA:130,0
DA:135,0
DA:137,0
DA:139,0
DA:141,0
DA:144,0
DA:146,0
DA:148,0
DA:149,0
DA:150,0
DA:153,0
DA:155,0
DA:158,0
DA:163,0
DA:166,0
DA:169,0
DA:172,0
DA:178,3
DA:179,3
DA:180,3
DA:249,4
DA:250,4
DA:251,0
DA:252,2
DA:253,2
DA:254,0
DA:255,0
DA:256,0
DA:257,0
DA:258,0
DA:259,0
DA:260,0
DA:262,0
DA:267,7
DA:268,7
DA:270,1
DA:272,3
DA:274,3
DA:276,0
DA:277,0
DA:282,7
DA:283,7
DA:284,1
DA:285,3
DA:289,3
DA:290,0
DA:291,0
DA:302,2
DA:304,2
DA:310,2
DA:312,2
DA:319,5
DA:321,5
DA:322,5
DA:326,1
DA:328,1
DA:335,1
DA:337,1
DA:338,1
DA:344,0
DA:345,0
DA:346,0
DA:347,0
DA:349,0
DA:351,0
DA:398,4
DA:399,4
DA:400,4
DA:401,4
DA:402,4
DA:403,4
DA:405,4
DA:410,0
DA:415,4
DA:416,4
DA:418,4
DA:428,4
DA:436,8
DA:439,0
DA:440,0
DA:441,0
DA:442,0
DA:444,0
DA:447,4
DA:448,4
DA:449,4
DA:450,4
DA:455,4
DA:460,4
DA:465,0
DA:466,0
DA:471,0
DA:473,0
DA:480,0
DA:482,0
LF:116
LH:53
end_of_record
TN:
SF:/Users/manish/projects/tanaka/server/src/lib.rs
FN:26,create_app
FN:44,health
FN:56,auth_middleware
FN:93,setup_database
FNF:4
FNDA:14,create_app
FNDA:0,health
FNDA:20,auth_middleware
FNDA:14,setup_database
DA:26,14
DA:31,14
DA:33,14
DA:35,14
DA:36,14
DA:37,14
DA:40,14
DA:41,14
DA:44,0
DA:45,0
DA:46,0
DA:47,0
DA:56,20
DA:63,20
DA:65,20
DA:66,60
DA:68,20
DA:69,60
DA:70,20
DA:71,20
DA:72,18
DA:75,2
DA:76,2
DA:80,0
DA:81,0
DA:83,0
DA:84,0
DA:93,14
DA:131,14
DA:132,7
DA:133,7
DA:134,7
DA:135,7
DA:136,14
DA:139,0
DA:140,0
DA:141,0
DA:142,14
DA:144,7
DA:145,7
DA:146,7
DA:147,7
DA:148,14
DA:150,7
DA:151,7
DA:152,7
DA:153,14
DA:156,7
DA:157,7
DA:158,7
DA:159,14
DA:161,7
DA:162,7
DA:163,7
DA:164,14
DA:166,7
DA:167,7
DA:168,7
DA:169,14
DA:172,7
DA:173,7
DA:174,7
DA:175,14
DA:180,7
DA:181,7
DA:182,14
DA:184,7
LF:67
LH:56
end_of_record
TN:
SF:/Users/manish/projects/tanaka/server/src/main.rs
FN:27,main
FN:63,init_logging
FN:84,create_app
FN:108,health
FN:115,calculate_node_id
FNF:5
FNDA:0,main
FNDA:0,init_logging
FNDA:0,create_app
FNDA:0,health
FNDA:0,calculate_node_id
DA:27,0
DA:28,0
DA:29,0
DA:30,0
DA:32,0
DA:33,0
DA:35,0
DA:36,0
DA:39,0
DA:40,0
DA:41,0
DA:43,0
DA:45,0
DA:46,0
DA:47,0
DA:48,0
DA:50,0
DA:51,0
DA:52,0
DA:55,0
DA:57,0
DA:58,0
DA:60,0
DA:63,0
DA:64,0
DA:65,0
DA:66,0
DA:67,0
DA:69,0
DA:72,0
DA:73,0
DA:74,0
DA:75,0
DA:78,0
DA:79,0
DA:80,0
DA:84,0
DA:89,0
DA:90,0
DA:92,0
DA:94,0
DA:95,0
DA:96,0
DA:99,0
DA:101,0
DA:102,0
DA:105,0
DA:108,0
DA:109,0
DA:110,0
DA:111,0
DA:115,0
DA:119,0
DA:120,0
DA:123,0
LF:55
LH:0
end_of_record
TN:
SF:/Users/manish/projects/tanaka/server/src/sync.rs
FN:96,CrdtOperation::target_id
FN:110,CrdtOperation::operation_type
FN:124,CrdtOperation::updated_at
FN:142,CrdtOperation::validate
FN:222,sync_handler
FN:303,store_operation
FN:359,apply_operation_to_state
FN:505,get_operations_since
FN:557,get_recent_operations
FNF:9
FNDA:35,CrdtOperation::target_id
FNDA:19,CrdtOperation::operation_type
FNDA:1,CrdtOperation::updated_at
FNDA:20,CrdtOperation::validate
FNDA:18,sync_handler
FNDA:16,store_operation
FNDA:16,apply_operation_to_state
FNDA:4,get_operations_since
FNDA:12,get_recent_operations
DA:96,35
DA:97,35
DA:98,25
DA:99,2
DA:100,0
DA:101,0
DA:102,4
DA:103,4
DA:104,0
DA:105,35
DA:110,19
DA:111,19
DA:112,13
DA:113,2
DA:114,0
DA:115,0
DA:116,2
DA:117,2
DA:118,0
DA:119,0
DA:124,1
DA:125,1
DA:126,1
DA:127,0
DA:128,0
DA:129,0
DA:130,0
DA:131,0
DA:132,0
DA:133,0
DA:142,20
DA:143,20
DA:144,16
DA:145,16
DA:146,3
DA:148,13
DA:149,0
DA:150,0
DA:151,0
DA:154,13
DA:155,0
DA:156,0
DA:157,0
DA:160,13
DA:161,0
DA:162,0
DA:163,0
DA:167,0
DA:168,0
DA:169,0
DA:170,2
DA:171,2
DA:172,0
DA:175,2
DA:176,0
DA:177,0
DA:178,2
DA:179,0
DA:180,0
DA:181,0
DA:187,19
DA:189,0
DA:194,0
DA:195,17
DA:198,0
DA:199,0
DA:200,0
DA:203,0
DA:204,0
DA:205,0
DA:206,0
DA:211,17
DA:222,18
DA:226,18
DA:227,18
DA:229,18
DA:234,0
DA:238,52
DA:239,20
DA:243,16
DA:246,16
DA:247,48
DA:248,16
DA:250,16
DA:251,0
DA:252,0
DA:253,0
DA:254,0
DA:259,16
DA:260,16
DA:261,16
DA:262,16
DA:263,16
DA:265,16
DA:266,0
DA:271,36
DA:272,0
DA:275,12
DA:278,0
DA:279,0
DA:281,0
DA:284,0
DA:285,0
DA:286,0
DA:287,0
DA:290,0
DA:291,0
DA:292,0
DA:303,16
DA:311,32
DA:312,32
DA:315,0
DA:325,0
DA:326,0
DA:327,0
DA:328,0
DA:329,0
DA:330,0
DA:331,0
DA:332,0
DA:333,0
DA:334,32
DA:336,16
DA:337,0
DA:338,0
DA:339,0
DA:340,0
DA:344,0
DA:346,16
DA:359,16
DA:365,16
DA:366,16
DA:367,16
DA:369,16
DA:370,12
DA:372,12
DA:373,12
DA:374,12
DA:375,12
DA:376,12
DA:377,12
DA:381,12
DA:382,12
DA:384,0
DA:385,0
DA:386,0
DA:388,0
DA:390,0
DA:391,0
DA:392,0
DA:393,0
DA:394,0
DA:395,0
DA:397,0
DA:401,0
DA:402,0
DA:403,0
DA:407,0
DA:408,0
DA:409,0
DA:410,0
DA:411,0
DA:412,0
DA:413,0
DA:417,0
DA:420,0
DA:423,2
DA:425,4
DA:426,0
DA:427,0
DA:428,0
DA:429,0
DA:431,0
DA:432,0
DA:433,0
DA:437,0
DA:440,2
DA:443,2
DA:445,2
DA:446,2
DA:450,2
DA:451,2
DA:454,0
DA:457,0
DA:459,0
DA:460,0
DA:461,0
DA:462,0
DA:463,0
DA:464,0
DA:468,0
DA:473,0
DA:474,0
DA:477,0
DA:480,0
DA:481,0
DA:483,0
DA:484,0
DA:485,0
DA:488,0
DA:491,0
DA:496,16
DA:505,4
DA:515,4
DA:517,12
DA:521,0
DA:522,0
DA:523,0
DA:524,0
DA:529,0
DA:530,0
DA:531,0
DA:533,4
DA:535,0
DA:536,8
DA:537,4
DA:538,4
DA:539,0
DA:542,4
DA:544,0
DA:545,0
DA:548,0
DA:557,12
DA:567,12
DA:569,36
DA:573,0
DA:574,0
DA:575,0
DA:576,0
DA:581,0
DA:582,0
DA:583,0
DA:585,12
DA:587,0
DA:588,16
DA:589,4
DA:590,4
DA:591,0
DA:595,12
DA:597,12
DA:599,0
DA:600,0
DA:603,0
LF:243
LH:96
end_of_record
